IQ-TREE multicore version 1.6.7 for Linux 64-bit built Aug 23 2018
Developed by Bui Quang Minh, Nguyen Lam Tung, Olga Chernomor,
Heiko Schmidt, Dominik Schrempf, Michael Woodhams.

Host:    30ea67646ae2 (AVX, 251 GB RAM)
Command: iqtree -s my_data/MBOAT_hmmsearch_env_coord_msa_muscle.fa -nt 4 -mset LG -pre my_data/my_hmmsearch_tree/MBOAT_hmmsearch_env_coord_tree
Seed:    38820 (Using SPRNG - Scalable Parallel Random Number Generator)
Time:    Mon Aug  2 11:52:36 2021
Kernel:  AVX - 4 threads (32 CPU cores detected)

Reading alignment file my_data/MBOAT_hmmsearch_env_coord_msa_muscle.fa ... Fasta format detected
Alignment most likely contains protein sequences
Alignment has 257 sequences with 794 columns, 734 distinct patterns
518 parsimony-informative, 151 singleton sites, 124 constant sites
WARNING: Some sequence names are changed as follows:
Ce|hhat-1 -> Ce_hhat-1
sb|3464938| -> sb_3464938_
m_lei|ML073011a -> m_lei_ML073011a
sb|3461274| -> sb_3461274_
Ce|mboa-6 -> Ce_mboa-6
Bf|XP_002610823.1 -> Bf_XP_002610823.1
Dm|nes -> Dm_nes
Xb|g3660.t1 -> Xb_g3660.t1
Bf|XP_002591661.1 -> Bf_XP_002591661.1
Hs|LPCAT3 -> Hs_LPCAT3
Sk|585653384 -> Sk_585653384
Cg|762091123 -> Cg_762091123
Pc|957845501 -> Pc_957845501
Ac|871265172 -> Ac_871265172
La|919013840 -> La_919013840
Ct|ELT92172.1 -> Ct_ELT92172.1
Pa|g14865.t1 -> Pa_g14865.t1
Aq|XP_019861234.1 -> Aq_XP_019861234.1
Aq|XP_011406458.2 -> Aq_XP_011406458.2
Aq|XP_011407242.1 -> Aq_XP_011407242.1
Aq|XP_011408514.2 -> Aq_XP_011408514.2
m_lei|ML274421a -> m_lei_ML274421a
m_lei|ML200266a -> m_lei_ML200266a
sb|3471926| -> sb_3471926_
c_hem|XLOC_009842 -> c_hem_XLOC_009842
Hv|828218559 -> Hv_828218559
c_hem|XLOC_009843 -> c_hem_XLOC_009843
Hv|828217972 -> Hv_828217972
Sp|780107014 -> Sp_780107014
Sp|780180922 -> Sp_780180922
Sp|780181661 -> Sp_780181661
Ci|198421352 -> Ci_198421352
Ep|XP_020911238.1 -> Ep_XP_020911238.1
Nv|NVE18569 -> Nv_NVE18569
Ta|XP_002113366.1 -> Ta_XP_002113366.1
d_gig|g21224.t1 -> d_gig_g21224.t1
Of|1176064825 -> Of_1176064825
Ad|XP_015756222.1 -> Ad_XP_015756222.1
Of|1176064781 -> Of_1176064781
Pd|XP_027054737.1 -> Pd_XP_027054737.1
Ad|XP_015756221.1 -> Ad_XP_015756221.1
Of|1176064827 -> Of_1176064827
Pd|XP_027054724.1 -> Pd_XP_027054724.1
Ep|XP_020907311.1 -> Ep_XP_020907311.1
Nv|NVE14198 -> Nv_NVE14198
c_owc|CAOG_04992T0 -> c_owc_CAOG_04992T0
a_aur|scaffold47.g31.t1 -> a_aur_scaffold47.g31.t1
Ta|XP_002113732.1 -> Ta_XP_002113732.1
Dm|rasp -> Dm_rasp
Sp|780188359 -> Sp_780188359
Ac|524888584 -> Ac_524888584
Ct|ELU12899.1 -> Ct_ELU12899.1
Sk|585651537 -> Sk_585651537
Sp|780019668 -> Sp_780019668
Sp|780073264 -> Sp_780073264
Hs|HHAT -> Hs_HHAT
Cg|762092790 -> Cg_762092790
Bf|XP_002612949.1 -> Bf_XP_002612949.1
Bf|XP_002596611.1 -> Bf_XP_002596611.1
Bf|XP_002605788.1 -> Bf_XP_002605788.1
Pc|957818985 -> Pc_957818985
Pa|g4766.t1 -> Pa_g4766.t1
Pa|g2568.t1 -> Pa_g2568.t1
La|919008338 -> La_919008338
La|919069897 -> La_919069897
Hs|HHATL -> Hs_HHATL
Ci|198414579 -> Ci_198414579
Bf|XP_002602487.1 -> Bf_XP_002602487.1
d_gig|g4666.t1 -> d_gig_g4666.t1
Ad|XP_015761964.1 -> Ad_XP_015761964.1
Of|1176066659 -> Of_1176066659
Pd|XP_027060381.1 -> Pd_XP_027060381.1
Ep|XP_020901928.1 -> Ep_XP_020901928.1
Nv|NVE12253 -> Nv_NVE12253
Nv|NVE2589 -> Nv_NVE2589
Ce|hhat-2 -> Ce_hhat-2
s_cer|GUP1 -> s_cer_GUP1
s_cer|GUP2 -> s_cer_GUP2
Hv|828198208 -> Hv_828198208
Hv|828213386 -> Hv_828213386
c_hem|XLOC_043815 -> c_hem_XLOC_043815
c_hem|XLOC_045285 -> c_hem_XLOC_045285
a_aur|scaffold20.g89.t1 -> a_aur_scaffold20.g89.t1
m_vir|scaffold14.g18.t1 -> m_vir_scaffold14.g18.t1
Aq|XP_019851230.1 -> Aq_XP_019851230.1
Aq|XP_011403520.2 -> Aq_XP_011403520.2
Aq|XP_019851229.1 -> Aq_XP_019851229.1
Ce|mboa-1 -> Ce_mboa-1
Dm|CG8112 -> Dm_CG8112
Xb|g12088.t1 -> Xb_g12088.t1
c_hem|XLOC_018327 -> c_hem_XLOC_018327
a_aur|scaffold95.g29.t1 -> a_aur_scaffold95.g29.t1
m_vir|scaffold140.g27.t3 -> m_vir_scaffold140.g27.t3
d_gig|g16572.t1 -> d_gig_g16572.t1
Ad|XP_015752124.1 -> Ad_XP_015752124.1
Of|1176113060 -> Of_1176113060
Pd|XP_027036164.1 -> Pd_XP_027036164.1
Ep|XP_020893071.1 -> Ep_XP_020893071.1
Nv|NVE12833 -> Nv_NVE12833
Hs|SOAT2 -> Hs_SOAT2
c_owc|CAOG_08208T0 -> c_owc_CAOG_08208T0
Hs|SOAT1 -> Hs_SOAT1
Ta|XP_002111247.1 -> Ta_XP_002111247.1
Sp|779993224 -> Sp_779993224
Bf|XP_002606184.1 -> Bf_XP_002606184.1
Pc|957857592 -> Pc_957857592
La|919083098 -> La_919083098
La|919084676 -> La_919084676
Ct|ELU00615.1 -> Ct_ELU00615.1
Cg|762133760 -> Cg_762133760
Pa|g10740.t1 -> Pa_g10740.t1
Ac|871244833 -> Ac_871244833
Sk|585662004 -> Sk_585662004
Hs|MBOAT4 -> Hs_MBOAT4
s_cer|ARE1 -> s_cer_ARE1
s_cer|ARE2 -> s_cer_ARE2
s_cer|ALE1 -> s_cer_ALE1
c_owc|CAOG_07555T0 -> c_owc_CAOG_07555T0
c_owc|CAOG_03096T0 -> c_owc_CAOG_03096T0
m_bre|MONBRDRAFT_20830T0 -> m_bre_MONBRDRAFT_20830T0
s_ros|PTSG_02810T0 -> s_ros_PTSG_02810T0
Dm|mdy -> Dm_mdy
Ci|699254906 -> Ci_699254906
Hs|DGAT1 -> Hs_DGAT1
Pa|g8382.t1 -> Pa_g8382.t1
La|919030232 -> La_919030232
Ac|871243736 -> Ac_871243736
Ct|ELT88627.1 -> Ct_ELT88627.1
Cg|762098808 -> Cg_762098808
Aq|XP_003391724.2 -> Aq_XP_003391724.2
Aq|XP_019863510.1 -> Aq_XP_019863510.1
Aq|XP_003391699.1 -> Aq_XP_003391699.1
Aq|XP_019857821.1 -> Aq_XP_019857821.1
Pc|957839020 -> Pc_957839020
Ce|mboa-2 -> Ce_mboa-2
c_owc|CAOG_06024T0 -> c_owc_CAOG_06024T0
Bf|XP_002612372.1 -> Bf_XP_002612372.1
Ta|XP_002112025.1 -> Ta_XP_002112025.1
Sk|291232430 -> Sk_291232430
a_aur|scaffold546.g3.t1 -> a_aur_scaffold546.g3.t1
Ep|XP_020900028.1 -> Ep_XP_020900028.1
Nv|NVE3856 -> Nv_NVE3856
Xb|g14198.t1 -> Xb_g14198.t1
Sp|72006039 -> Sp_72006039
Hv|828224849 -> Hv_828224849
c_hem|XLOC_001741 -> c_hem_XLOC_001741
d_gig|g7847.t1 -> d_gig_g7847.t1
Pd|XP_027038644.1 -> Pd_XP_027038644.1
Of|1176079327 -> Of_1176079327
p_nak|g4008.t1 -> p_nak_g4008.t1
p_nak|g42444.t1 -> p_nak_g42444.t1
Bf|XP_002603568.1 -> Bf_XP_002603568.1
Ad|XP_015773379.1 -> Ad_XP_015773379.1
m_vir|scaffold77.g45.t1 -> m_vir_scaffold77.g45.t1
Ep|XP_020892032.1 -> Ep_XP_020892032.1
Ce|mboa-7 -> Ce_mboa-7
Ci|198431810 -> Ci_198431810
m_lei|ML23332a -> m_lei_ML23332a
sb|3479484| -> sb_3479484_
p_nak|g7364.t1 -> p_nak_g7364.t1
Ta|XP_002109772.1 -> Ta_XP_002109772.1
d_gig|g29438.t1 -> d_gig_g29438.t1
Hv|828204832 -> Hv_828204832
d_gig|g17071.t1 -> d_gig_g17071.t1
c_hem|XLOC_014032 -> c_hem_XLOC_014032
a_aur|scaffold471.g3.t1 -> a_aur_scaffold471.g3.t1
m_vir|scaffold297.g10.t1 -> m_vir_scaffold297.g10.t1
Ad|XP_015766818.1 -> Ad_XP_015766818.1
Of|1176111322 -> Of_1176111322
Pd|XP_027047066.1 -> Pd_XP_027047066.1
Ep|XP_020902773.1 -> Ep_XP_020902773.1
Nv|NVE25492 -> Nv_NVE25492
Dm|frj -> Dm_frj
Bf|XP_002599346.1 -> Bf_XP_002599346.1
Hs|MBOAT7 -> Hs_MBOAT7
Ci|198419067 -> Ci_198419067
Ct|ELT92151.1 -> Ct_ELT92151.1
Sk|291224625 -> Sk_291224625
Sp|780097546 -> Sp_780097546
Ac|524887156 -> Ac_524887156
Cg|762075621 -> Cg_762075621
Pc|957825451 -> Pc_957825451
La|919033283 -> La_919033283
Pa|g387.t1 -> Pa_g387.t1
Aq|XP_003387071.1 -> Aq_XP_003387071.1
d_gig|g22672.t1 -> d_gig_g22672.t1
Ta|XP_002113097.1 -> Ta_XP_002113097.1
Of|1176109642 -> Of_1176109642
Pd|XP_027057992.1 -> Pd_XP_027057992.1
Ep|XP_020911773.1 -> Ep_XP_020911773.1
Nv|NVE24754 -> Nv_NVE24754
m_lei|ML270515a -> m_lei_ML270515a
Hv|828224713 -> Hv_828224713
Hv|828225983 -> Hv_828225983
c_hem|XLOC_034387 -> c_hem_XLOC_034387
a_aur|scaffold59.g6.t1 -> a_aur_scaffold59.g6.t1
m_vir|scaffold53.g21.t1 -> m_vir_scaffold53.g21.t1
Dm|por -> Dm_por
Ce|mom-1 -> Ce_mom-1
Ci|198428542 -> Ci_198428542
Hs|PORCN -> Hs_PORCN
Sk|269784963 -> Sk_269784963
Ac|871272665 -> Ac_871272665
Ct|ELU15960.1 -> Ct_ELU15960.1
Cg|762158919 -> Cg_762158919
Sp|780182405 -> Sp_780182405
Pa|g9008.t1 -> Pa_g9008.t1
La|919074248 -> La_919074248
Xb|g10255.t1 -> Xb_g10255.t1
Xb|g10255.t2 -> Xb_g10255.t2
Bf|XP_002597259.1 -> Bf_XP_002597259.1
Pc|957845584 -> Pc_957845584
p_nak|g15419.t1 -> p_nak_g15419.t1
Aq|XP_011406119.2 -> Aq_XP_011406119.2
Aq|XP_019858770.1 -> Aq_XP_019858770.1
Aq|XP_019856605.1 -> Aq_XP_019856605.1
Aq|XP_003388609.1 -> Aq_XP_003388609.1
Aq|XP_019855423.1 -> Aq_XP_019855423.1
Aq|XP_003385381.2 -> Aq_XP_003385381.2
Nv|NVE9413 -> Nv_NVE9413
Ep|XP_020892037.1 -> Ep_XP_020892037.1
Ep|XP_020892064.1 -> Ep_XP_020892064.1
Ad|XP_015757322.1 -> Ad_XP_015757322.1
Of|1176108071 -> Of_1176108071
Pd|XP_027044351.1 -> Pd_XP_027044351.1
d_gig|g31600.t1 -> d_gig_g31600.t1
Ci|198427345 -> Ci_198427345
Pc|957841824 -> Pc_957841824
Ac|871274616 -> Ac_871274616
Dm|oys -> Dm_oys
Ct|ELU07319.1 -> Ct_ELU07319.1
Ad|XP_015750458.1 -> Ad_XP_015750458.1
Ad|XP_015757320.1 -> Ad_XP_015757320.1
Pd|XP_027044412.1 -> Pd_XP_027044412.1
Of|1176108089 -> Of_1176108089
Pd|XP_027044357.1 -> Pd_XP_027044357.1
Of|1176108055 -> Of_1176108055
Nv|NVE24215 -> Nv_NVE24215
Ep|XP_020892065.1 -> Ep_XP_020892065.1
Ep|XP_020901731.1 -> Ep_XP_020901731.1
c_hem|XLOC_000066 -> c_hem_XLOC_000066
Hv|828192139 -> Hv_828192139
Hv|828222646 -> Hv_828222646
Ce|mboa-4 -> Ce_mboa-4
Ce|mboa-3 -> Ce_mboa-3
m_lei|ML22083a -> m_lei_ML22083a
Pa|g8215.t1 -> Pa_g8215.t1
Ac|524889699 -> Ac_524889699
Cg|762157271 -> Cg_762157271
La|919042249 -> La_919042249
La|919073351 -> La_919073351
Bf|XP_002590246.1 -> Bf_XP_002590246.1
Hs|MBOAT1 -> Hs_MBOAT1
Hs|MBOAT2 -> Hs_MBOAT2
Sp|115727543 -> Sp_115727543
Sk|585706372 -> Sk_585706372
Sk|585655765 -> Sk_585655765

                          Gap/Ambiguity  Composition  p-value
   1  Ce_hhat-1                  56.55%    passed     91.61%
   2  sb_3464938_                64.48%    passed     25.99%
   3  m_lei_ML073011a            59.57%    failed      4.72%
   4  sb_3461274_                64.11%    passed      7.03%
   5  Ce_mboa-6                  57.56%    passed     10.90%
   6  Bf_XP_002610823.1          57.05%    passed     37.22%
   7  Dm_nes                     57.68%    passed     43.05%
   8  Xb_g3660.t1                57.56%    passed     25.78%
   9  Bf_XP_002591661.1          58.31%    passed     49.78%
  10  Hs_LPCAT3                  57.18%    passed     76.03%
  11  Sk_585653384               59.70%    passed     24.48%
  12  Cg_762091123               54.28%    passed     85.00%
  13  Pc_957845501               56.93%    passed     79.78%
  14  Ac_871265172               60.33%    passed     43.97%
  15  La_919013840               57.05%    passed     45.83%
  16  Ct_ELT92172.1              56.93%    passed     97.61%
  17  Pa_g14865.t1               57.68%    passed     49.09%
  18  Aq_XP_019861234.1          79.85%    passed      6.10%
  19  Aq_XP_011406458.2          75.82%    failed      2.04%
  20  Aq_XP_011407242.1          83.25%    passed     37.19%
  21  Aq_XP_011408514.2          75.82%    passed     17.03%
  22  m_lei_ML274421a            62.09%    passed     76.14%
  23  m_lei_ML200266a            68.64%    passed     59.16%
  24  sb_3471926_                79.85%    passed     34.31%
  25  c_hem_XLOC_009842          56.05%    passed      5.26%
  26  Hv_828218559               57.05%    passed     11.80%
  27  c_hem_XLOC_009843          70.40%    passed     58.44%
  28  Hv_828217972               56.55%    passed     40.33%
  29  Sp_780107014               53.15%    passed     62.23%
  30  Sp_780180922               52.39%    passed      6.53%
  31  Sp_780181661               57.05%    passed     57.26%
  32  Ci_198421352               57.30%    passed     59.59%
  33  Ep_XP_020911238.1          69.14%    passed     30.74%
  34  Nv_NVE18569                75.94%    passed     84.23%
  35  Ta_XP_002113366.1          78.97%    passed     30.79%
  36  d_gig_g21224.t1            57.30%    passed     42.18%
  37  Of_1176064825              75.19%    passed     38.96%
  38  Ad_XP_015756222.1          77.46%    passed     27.98%
  39  Of_1176064781              76.57%    passed     43.14%
  40  Pd_XP_027054737.1          57.93%    passed     49.43%
  41  Ad_XP_015756221.1          57.05%    passed     71.18%
  42  Of_1176064827              65.11%    passed     50.56%
  43  Pd_XP_027054724.1          56.93%    passed     73.69%
  44  Ep_XP_020907311.1          57.43%    passed     68.54%
  45  Nv_NVE14198                58.44%    passed     16.81%
  46  c_owc_CAOG_04992T0         58.56%    passed     89.35%
  47  a_aur_scaffold47.g31.t1    83.25%    failed      2.23%
  48  Ta_XP_002113732.1          60.83%    passed     89.46%
  49  Dm_rasp                    56.42%    passed     49.95%
  50  Sp_780188359               57.81%    passed     17.58%
  51  Ac_524888584               48.61%    failed      1.64%
  52  Ct_ELU12899.1              55.67%    passed     14.89%
  53  Sk_585651537               48.11%    passed     19.98%
  54  Sp_780019668               61.21%    passed     19.29%
  55  Sp_780073264               61.21%    passed     19.29%
  56  Hs_HHAT                    56.42%    failed      1.03%
  57  Cg_762092790               51.76%    passed     90.57%
  58  Bf_XP_002612949.1          59.95%    passed     31.02%
  59  Bf_XP_002596611.1          84.51%    passed      5.52%
  60  Bf_XP_002605788.1          55.79%    passed     92.32%
  61  Pc_957818985               45.21%    passed     33.47%
  62  Pa_g4766.t1                55.16%    passed     48.42%
  63  Pa_g2568.t1                54.66%    passed     99.12%
  64  La_919008338               52.27%    passed     63.10%
  65  La_919069897               52.27%    passed     65.54%
  66  Hs_HHATL                   46.35%    passed     48.03%
  67  Ci_198414579               55.79%    passed     52.48%
  68  Bf_XP_002602487.1          55.04%    passed     56.87%
  69  d_gig_g4666.t1             61.84%    passed     85.62%
  70  Ad_XP_015761964.1          52.27%    passed     32.91%
  71  Of_1176066659              43.95%    passed     29.83%
  72  Pd_XP_027060381.1          55.16%    passed     97.55%
  73  Ep_XP_020901928.1          56.17%    passed     53.04%
  74  Nv_NVE12253                54.79%    passed     59.95%
  75  Nv_NVE2589                 54.79%    passed     75.18%
  76  Ce_hhat-2                  54.28%    passed     23.31%
  77  s_cer_GUP1                 53.53%    passed     14.68%
  78  s_cer_GUP2                 51.39%    passed     46.33%
  79  Hv_828198208               54.28%    failed      1.14%
  80  Hv_828213386               54.79%    passed     34.57%
  81  c_hem_XLOC_043815          54.03%    passed     78.85%
  82  c_hem_XLOC_045285          54.03%    failed      2.30%
  83  a_aur_scaffold20.g89.t1    55.29%    passed     62.22%
  84  m_vir_scaffold14.g18.t1    60.20%    passed     80.27%
  85  Aq_XP_019851230.1          58.94%    passed     58.88%
  86  Aq_XP_011403520.2          52.27%    passed     33.36%
  87  Aq_XP_019851229.1          54.41%    passed     97.19%
  88  Ce_mboa-1                  62.47%    passed     55.72%
  89  Dm_CG8112                  52.39%    passed     19.07%
  90  Xb_g12088.t1               52.77%    failed      4.75%
  91  c_hem_XLOC_018327          46.35%    passed     47.23%
  92  a_aur_scaffold95.g29.t1    51.76%    passed     50.87%
  93  m_vir_scaffold140.g27.t3   58.94%    passed     98.02%
  94  d_gig_g16572.t1            66.25%    passed      7.37%
  95  Ad_XP_015752124.1          70.91%    passed     21.85%
  96  Of_1176113060              55.79%    passed     94.07%
  97  Pd_XP_027036164.1          50.50%    passed     92.72%
  98  Ep_XP_020893071.1          50.50%    passed     50.27%
  99  Nv_NVE12833                51.26%    passed     47.16%
 100  Hs_SOAT2                   52.90%    failed      0.73%
 101  c_owc_CAOG_08208T0         52.64%    failed      1.24%
 102  Hs_SOAT1                   52.39%    failed      4.52%
 103  Ta_XP_002111247.1          56.80%    passed     68.96%
 104  Sp_779993224               69.77%    passed     46.60%
 105  Bf_XP_002606184.1          64.48%    passed     41.67%
 106  Pc_957857592               56.30%    passed     10.81%
 107  La_919083098               65.11%    passed     92.60%
 108  La_919084676               65.74%    passed     85.82%
 109  Ct_ELU00615.1              52.27%    passed     44.89%
 110  Cg_762133760               57.93%    passed     96.17%
 111  Pa_g10740.t1               52.90%    failed      2.80%
 112  Ac_871244833               52.02%    passed     65.20%
 113  Sk_585662004               87.53%    failed      2.03%
 114  Hs_MBOAT4                  55.79%    failed      0.05%
 115  s_cer_ARE1                 45.09%    passed     33.55%
 116  s_cer_ARE2                 42.70%    passed     32.19%
 117  s_cer_ALE1                 54.28%    passed     15.94%
 118  c_owc_CAOG_07555T0         53.40%    passed     31.46%
 119  c_owc_CAOG_03096T0         57.18%    failed      0.35%
 120  m_bre_MONBRDRAFT_20830T0   68.26%    passed     14.59%
 121  s_ros_PTSG_02810T0         65.49%    passed     39.32%
 122  Dm_mdy                     51.26%    passed     84.01%
 123  Ci_699254906               56.30%    passed     19.19%
 124  Hs_DGAT1                   55.92%    passed     47.08%
 125  Pa_g8382.t1                58.94%    passed     51.14%
 126  La_919030232               57.68%    passed     31.59%
 127  Ac_871243736               60.58%    passed     40.48%
 128  Ct_ELT88627.1              59.57%    passed     10.56%
 129  Cg_762098808               55.04%    passed     55.14%
 130  Aq_XP_003391724.2          64.61%    passed     46.44%
 131  Aq_XP_019863510.1          76.07%    failed      1.77%
 132  Aq_XP_003391699.1          69.27%    failed      2.83%
 133  Aq_XP_019857821.1          61.46%    passed     24.34%
 134  Pc_957839020               59.32%    passed     45.51%
 135  Ce_mboa-2                  54.03%    passed     94.73%
 136  c_owc_CAOG_06024T0         65.87%    passed      9.92%
 137  Bf_XP_002612372.1          54.16%    passed     91.16%
 138  Ta_XP_002112025.1          53.78%    passed     57.36%
 139  Sk_291232430               55.67%    passed     11.82%
 140  a_aur_scaffold546.g3.t1    57.68%    passed     65.29%
 141  Ep_XP_020900028.1          68.14%    passed     18.79%
 142  Nv_NVE3856                 61.59%    passed     27.87%
 143  Xb_g14198.t1               55.67%    passed     23.47%
 144  Sp_72006039                51.51%    passed     56.08%
 145  Hv_828224849               57.93%    passed     29.45%
 146  c_hem_XLOC_001741          53.53%    passed     20.03%
 147  d_gig_g7847.t1             69.90%    passed     68.07%
 148  Pd_XP_027038644.1          56.42%    passed     12.03%
 149  Of_1176079327              74.06%    passed     34.69%
 150  p_nak_g4008.t1             67.88%    passed     46.90%
 151  p_nak_g42444.t1            83.75%    passed     38.34%
 152  Bf_XP_002603568.1          79.22%    passed      5.46%
 153  Ad_XP_015773379.1          81.86%    failed      0.62%
 154  m_vir_scaffold77.g45.t1    78.59%    passed     16.43%
 155  Ep_XP_020892032.1          76.95%    passed     95.21%
 156  Ce_mboa-7                  49.75%    passed     34.55%
 157  Ci_198431810               49.62%    passed     65.42%
 158  m_lei_ML23332a             63.98%    passed     70.96%
 159  sb_3479484_                63.98%    passed     96.14%
 160  p_nak_g7364.t1             60.58%    passed     27.64%
 161  Ta_XP_002109772.1          55.42%    passed     88.37%
 162  d_gig_g29438.t1            48.61%    passed     79.70%
 163  Hv_828204832               48.87%    passed     15.48%
 164  d_gig_g17071.t1            54.28%    passed     22.37%
 165  c_hem_XLOC_014032          54.03%    passed     81.15%
 166  a_aur_scaffold471.g3.t1    63.10%    passed     55.10%
 167  m_vir_scaffold297.g10.t1   56.93%    passed     34.76%
 168  Ad_XP_015766818.1          58.44%    passed     72.68%
 169  Of_1176111322              52.64%    passed     20.00%
 170  Pd_XP_027047066.1          51.76%    failed      0.00%
 171  Ep_XP_020902773.1          59.45%    passed     21.21%
 172  Nv_NVE25492                59.32%    passed     23.38%
 173  Dm_frj                     54.28%    passed     22.34%
 174  Bf_XP_002599346.1          54.16%    passed      6.63%
 175  Hs_MBOAT7                  51.13%    failed      0.01%
 176  Ci_198419067               52.52%    passed     86.39%
 177  Ct_ELT92151.1              55.04%    passed     77.58%
 178  Sk_291224625               61.46%    failed      2.96%
 179  Sp_780097546               52.39%    passed     93.62%
 180  Ac_524887156               56.05%    passed     57.13%
 181  Cg_762075621               52.27%    passed     15.88%
 182  Pc_957825451               44.33%    passed     60.51%
 183  La_919033283               51.76%    passed     77.14%
 184  Pa_g387.t1                 62.72%    passed     32.17%
 185  Aq_XP_003387071.1          68.64%    passed     45.31%
 186  d_gig_g22672.t1            61.96%    passed     28.07%
 187  Ta_XP_002113097.1          76.83%    passed      5.58%
 188  Of_1176109642              56.05%    passed     35.55%
 189  Pd_XP_027057992.1          70.40%    passed     83.48%
 190  Ep_XP_020911773.1          78.84%    passed     17.60%
 191  Nv_NVE24754                70.91%    passed     79.11%
 192  m_lei_ML270515a            57.05%    failed      0.03%
 193  Hv_828224713               52.02%    passed     19.06%
 194  Hv_828225983               73.80%    passed     23.85%
 195  c_hem_XLOC_034387          81.61%    failed      1.48%
 196  a_aur_scaffold59.g6.t1     55.92%    passed     17.37%
 197  m_vir_scaffold53.g21.t1    83.63%    passed     26.67%
 198  Dm_por                     54.41%    failed      0.00%
 199  Ce_mom-1                   54.91%    failed      0.37%
 200  Ci_198428542               47.48%    passed     55.71%
 201  Hs_PORCN                   57.18%    passed      6.74%
 202  Sk_269784963               58.94%    passed     96.37%
 203  Ac_871272665               73.17%    passed     71.45%
 204  Ct_ELU15960.1              58.19%    failed      3.96%
 205  Cg_762158919               61.08%    passed     48.87%
 206  Sp_780182405               58.56%    passed     82.00%
 207  Pa_g9008.t1                56.80%    passed     81.95%
 208  La_919074248               58.82%    passed     39.29%
 209  Xb_g10255.t1               52.39%    passed     16.62%
 210  Xb_g10255.t2               52.27%    passed     17.00%
 211  Bf_XP_002597259.1          60.33%    passed     76.43%
 212  Pc_957845584               85.01%    failed      1.11%
 213  p_nak_g15419.t1            54.41%    passed     97.13%
 214  Aq_XP_011406119.2          58.06%    passed     14.35%
 215  Aq_XP_019858770.1          75.69%    passed     33.87%
 216  Aq_XP_019856605.1          58.94%    passed     91.26%
 217  Aq_XP_003388609.1          61.21%    passed     45.10%
 218  Aq_XP_019855423.1          61.21%    passed     25.16%
 219  Aq_XP_003385381.2          53.15%    passed     98.31%
 220  Nv_NVE9413                 63.48%    passed     77.90%
 221  Ep_XP_020892037.1          85.77%    passed     27.50%
 222  Ep_XP_020892064.1          46.85%    passed     85.29%
 223  Ad_XP_015757322.1          70.03%    failed      0.43%
 224  Of_1176108071              49.62%    passed     99.63%
 225  Pd_XP_027044351.1          51.26%    passed     97.76%
 226  d_gig_g31600.t1            50.38%    passed     52.97%
 227  Ci_198427345               55.92%    passed     86.57%
 228  Pc_957841824               51.13%    passed     82.06%
 229  Ac_871274616               57.81%    passed     49.58%
 230  Dm_oys                     56.30%    passed     83.67%
 231  Ct_ELU07319.1              62.85%    passed     77.47%
 232  Ad_XP_015750458.1          76.95%    passed     23.01%
 233  Ad_XP_015757320.1          67.63%    passed     57.18%
 234  Pd_XP_027044412.1          50.76%    passed     98.60%
 235  Of_1176108089              47.36%    passed      9.12%
 236  Pd_XP_027044357.1          52.39%    passed     67.24%
 237  Of_1176108055              86.02%    passed     22.45%
 238  Nv_NVE24215                57.81%    passed     51.71%
 239  Ep_XP_020892065.1          63.10%    passed     77.60%
 240  Ep_XP_020901731.1          78.09%    failed      3.26%
 241  c_hem_XLOC_000066          53.65%    passed     18.43%
 242  Hv_828192139               52.39%    failed      4.61%
 243  Hv_828222646               74.69%    passed      7.79%
 244  Ce_mboa-4                  49.24%    passed     65.64%
 245  Ce_mboa-3                  56.80%    passed     27.36%
 246  m_lei_ML22083a             57.68%    passed     47.86%
 247  Pa_g8215.t1                57.81%    passed     56.17%
 248  Ac_524889699               56.17%    passed     38.35%
 249  Cg_762157271               56.93%    passed      9.77%
 250  La_919042249               56.68%    passed     62.62%
 251  La_919073351               56.68%    passed     62.86%
 252  Bf_XP_002590246.1          53.65%    passed     10.23%
 253  Hs_MBOAT1                  45.21%    passed     65.76%
 254  Hs_MBOAT2                  44.46%    passed     54.35%
 255  Sp_115727543               51.64%    passed     99.02%
 256  Sk_585706372               52.52%    passed     13.61%
 257  Sk_585655765               56.30%    passed     12.00%
WARNING: 237 sequences contain more than 50% gaps/ambiguity
****  TOTAL                      59.54%  30 sequences failed composition chi2 test (p-value<5%; df=19)


Create initial parsimony tree by phylogenetic likelihood library (PLL)... 0.372 seconds
NOTE: ModelFinder requires 300 MB RAM!
ModelFinder will test 26 protein models (sample size: 794) ...
 No. Model         -LnL         df  AIC          AICc         BIC
  1  LG            149628.210   511 300278.421   302133.967   302668.410
  2  LG+I          144827.146   512 290678.291   292547.729   293072.958
  3  LG+G4         142457.596   512 285939.193   287808.631   288333.860
  4  LG+I+G4       141651.667   513 284329.334   286212.776   286728.677
  5  LG+R2         144399.731   513 289825.461   291708.904   292224.805
  6  LG+R3         142793.352   515 286616.705   288528.503   289025.403
  7  LG+R4         142297.503   517 285629.005   287569.629   288047.058
  8  LG+R5         142020.172   519 285078.345   287048.272   287505.751
  9  LG+R6         141856.621   521 284755.243   286754.963   287192.003
 10  LG+R7         141762.909   523 284571.817   286601.832   287017.932
 11  LG+R8         141700.703   525 284451.406   286512.227   286906.875
 12  LG+R9         141663.913   527 284381.826   286473.976   286846.649
 13  LG+R10        141639.408   529 284336.815   286460.830   286810.992
 14  LG+F          149370.734   530 299801.467   301941.619   302280.322
 15  LG+F+I        145377.757   531 291817.515   293973.942   294301.046
 16  LG+F+G4       142739.098   531 286540.196   288696.623   289023.727
 17  LG+F+I+G4     142005.006   532 285074.012   287246.855   287562.220
 18  LG+F+R2       144545.992   532 290155.983   292328.826   292644.192
 19  LG+F+R3       142975.122   534 287018.245   289224.345   289515.807
 20  LG+F+R4       142468.910   536 286009.820   288249.758   288516.737
 21  LG+F+R5       142263.078   538 285602.156   287876.525   288118.427
 22  LG+F+R6       142149.218   540 285378.435   287687.842   287904.060
 23  LG+F+R7       142069.905   542 285223.810   287568.878   287758.790
 24  LG+F+R8       142005.716   544 285099.431   287480.797   287643.764
 25  LG+F+R9       141973.761   546 285039.521   287457.837   287593.209
 26  LG+F+R10      141954.628   548 285005.256   287461.191   287568.298
Akaike Information Criterion:           LG+I+G4
Corrected Akaike Information Criterion: LG+I+G4
Bayesian Information Criterion:         LG+I+G4
Best-fit model: LG+I+G4 chosen according to BIC

All model information printed to my_data/my_hmmsearch_tree/MBOAT_hmmsearch_env_coord_tree.model.gz
CPU time for ModelFinder: 2212.812 seconds (0h:36m:52s)
Wall-clock time for ModelFinder: 561.247 seconds (0h:9m:21s)

NOTE: 120 MB RAM (0 GB) is required!
Estimate model parameters (epsilon = 0.100)
Thoroughly optimizing +I+G parameters from 10 start values...
Init pinv, alpha: 0.000, 1.000 / Estimate: 0.041, 2.051 / LogL: -141651.618
Init pinv, alpha: 0.017, 1.000 / Estimate: 0.041, 2.044 / LogL: -141651.595
Init pinv, alpha: 0.035, 1.000 / Estimate: 0.042, 2.038 / LogL: -141651.594
Init pinv, alpha: 0.052, 1.000 / Estimate: 0.042, 2.031 / LogL: -141651.608
Init pinv, alpha: 0.070, 1.000 / Estimate: 0.042, 2.027 / LogL: -141651.626
Init pinv, alpha: 0.087, 1.000 / Estimate: 0.042, 2.023 / LogL: -141651.647
Init pinv, alpha: 0.105, 1.000 / Estimate: 0.042, 2.027 / LogL: -141651.622
Init pinv, alpha: 0.122, 1.000 / Estimate: 0.042, 2.026 / LogL: -141651.631
Init pinv, alpha: 0.140, 1.000 / Estimate: 0.042, 2.025 / LogL: -141651.636
Init pinv, alpha: 0.157, 1.000 / Estimate: 0.042, 2.025 / LogL: -141651.638
Optimal pinv,alpha: 0.042, 2.038 / LogL: -141651.594

Parameters optimization took 28.090 sec
Computing ML distances based on estimated model parameters... 22.364 sec
Computing BIONJ tree...
0.050 seconds
Log-likelihood of BIONJ tree: -143933.716
--------------------------------------------------------------------
|             INITIALIZING CANDIDATE TREE SET                      |
--------------------------------------------------------------------
Generating 98 parsimony trees... 26.510 second
Computing log-likelihood of 98 initial trees ... 32.533 seconds
Current best score: -141651.594

Do NNI search on 20 best initial trees
Estimate model parameters (epsilon = 0.100)
BETTER TREE FOUND at iteration 1: -141319.379
Estimate model parameters (epsilon = 0.100)
BETTER TREE FOUND at iteration 3: -141306.161
Estimate model parameters (epsilon = 0.100)
BETTER TREE FOUND at iteration 4: -141263.992
Estimate model parameters (epsilon = 0.100)
BETTER TREE FOUND at iteration 5: -141249.645
Iteration 10 / LogL: -141354.357 / Time: 0h:2m:18s
Estimate model parameters (epsilon = 0.100)
BETTER TREE FOUND at iteration 16: -141237.050
Iteration 20 / LogL: -141332.274 / Time: 0h:3m:4s
Finish initializing candidate tree set (20)
Current best tree score: -141237.050 / CPU time: 148.041
Number of iterations: 20
--------------------------------------------------------------------
|               OPTIMIZING CANDIDATE TREE SET                      |
--------------------------------------------------------------------
Estimate model parameters (epsilon = 0.100)
BETTER TREE FOUND at iteration 23: -141213.858
Iteration 30 / LogL: -141224.125 / Time: 0h:3m:42s (0h:11m:54s left)
Estimate model parameters (epsilon = 0.100)
BETTER TREE FOUND at iteration 38: -141211.285
Iteration 40 / LogL: -141214.124 / Time: 0h:4m:23s (0h:11m:1s left)
Estimate model parameters (epsilon = 0.100)
BETTER TREE FOUND at iteration 44: -141206.141
Estimate model parameters (epsilon = 0.100)
BETTER TREE FOUND at iteration 46: -141202.075
Estimate model parameters (epsilon = 0.100)
BETTER TREE FOUND at iteration 49: -141193.745
Iteration 50 / LogL: -141223.441 / Time: 0h:5m:5s (0h:10m:16s left)
Estimate model parameters (epsilon = 0.100)
BETTER TREE FOUND at iteration 55: -141188.519
Estimate model parameters (epsilon = 0.100)
BETTER TREE FOUND at iteration 59: -141185.196
Iteration 60 / LogL: -141211.066 / Time: 0h:5m:44s (0h:9m:38s left)
Estimate model parameters (epsilon = 0.100)
BETTER TREE FOUND at iteration 69: -141184.601
Iteration 70 / LogL: -141186.074 / Time: 0h:6m:25s (0h:9m:12s left)
Estimate model parameters (epsilon = 0.100)
BETTER TREE FOUND at iteration 79: -141182.596
Iteration 80 / LogL: -141186.631 / Time: 0h:7m:6s (0h:8m:54s left)
Estimate model parameters (epsilon = 0.100)
BETTER TREE FOUND at iteration 88: -141179.979
Iteration 90 / LogL: -141196.172 / Time: 0h:7m:44s (0h:8m:31s left)
Iteration 100 / LogL: -141189.729 / Time: 0h:8m:25s (0h:7m:28s left)
Estimate model parameters (epsilon = 0.100)
BETTER TREE FOUND at iteration 103: -141179.824
Estimate model parameters (epsilon = 0.100)
BETTER TREE FOUND at iteration 104: -141178.014
Estimate model parameters (epsilon = 0.100)
BETTER TREE FOUND at iteration 106: -141177.301
Estimate model parameters (epsilon = 0.100)
BETTER TREE FOUND at iteration 110: -141174.812
Iteration 110 / LogL: -141174.812 / Time: 0h:9m:8s (0h:8m:23s left)
Estimate model parameters (epsilon = 0.100)
BETTER TREE FOUND at iteration 117: -141172.729
Estimate model parameters (epsilon = 0.100)
BETTER TREE FOUND at iteration 118: -141170.760
Iteration 120 / LogL: -141200.164 / Time: 0h:9m:48s (0h:8m:4s left)
Iteration 130 / LogL: -141176.879 / Time: 0h:10m:26s (0h:7m:7s left)
Iteration 140 / LogL: -141181.443 / Time: 0h:11m:6s (0h:6m:14s left)
Iteration 150 / LogL: -141189.953 / Time: 0h:11m:45s (0h:5m:21s left)
Iteration 160 / LogL: -141182.860 / Time: 0h:12m:25s (0h:4m:31s left)
Iteration 170 / LogL: -141177.963 / Time: 0h:13m:3s (0h:3m:42s left)
Iteration 180 / LogL: -141174.220 / Time: 0h:13m:44s (0h:2m:55s left)
Iteration 190 / LogL: -141183.573 / Time: 0h:14m:21s (0h:2m:7s left)
Iteration 200 / LogL: -141188.784 / Time: 0h:15m:1s (0h:1m:21s left)
Iteration 210 / LogL: -141195.532 / Time: 0h:15m:41s (0h:0m:36s left)
Estimate model parameters (epsilon = 0.100)
BETTER TREE FOUND at iteration 213: -141170.366
Iteration 220 / LogL: -141187.537 / Time: 0h:16m:20s (0h:6m:56s left)
Iteration 230 / LogL: -141175.336 / Time: 0h:17m:1s (0h:6m:10s left)
Iteration 240 / LogL: -141174.050 / Time: 0h:17m:38s (0h:5m:23s left)
Estimate model parameters (epsilon = 0.100)
BETTER TREE FOUND at iteration 241: -141168.627
Estimate model parameters (epsilon = 0.100)
BETTER TREE FOUND at iteration 250: -141167.588
Iteration 250 / LogL: -141167.588 / Time: 0h:18m:20s (0h:7m:21s left)
Estimate model parameters (epsilon = 0.100)
BETTER TREE FOUND at iteration 252: -141165.948
Iteration 260 / LogL: -141178.062 / Time: 0h:19m:2s (0h:6m:45s left)
Estimate model parameters (epsilon = 0.100)
BETTER TREE FOUND at iteration 265: -141163.454
Iteration 270 / LogL: -141170.646 / Time: 0h:19m:43s (0h:6m:58s left)
Iteration 280 / LogL: -141175.270 / Time: 0h:20m:25s (0h:6m:13s left)
Iteration 290 / LogL: -141175.787 / Time: 0h:21m:4s (0h:5m:28s left)
Iteration 300 / LogL: -141189.789 / Time: 0h:21m:43s (0h:4m:43s left)
Iteration 310 / LogL: -141170.278 / Time: 0h:22m:26s (0h:3m:59s left)
Iteration 320 / LogL: -141176.117 / Time: 0h:23m:3s (0h:3m:15s left)
Estimate model parameters (epsilon = 0.100)
BETTER TREE FOUND at iteration 328: -141162.212
Iteration 330 / LogL: -141217.149 / Time: 0h:23m:42s (0h:7m:3s left)
Iteration 340 / LogL: -141171.903 / Time: 0h:24m:21s (0h:6m:19s left)
Iteration 350 / LogL: -141175.577 / Time: 0h:25m:1s (0h:5m:35s left)
Iteration 360 / LogL: -141168.698 / Time: 0h:25m:42s (0h:4m:52s left)
Iteration 370 / LogL: -141190.194 / Time: 0h:26m:20s (0h:4m:8s left)
Iteration 380 / LogL: -141177.899 / Time: 0h:26m:57s (0h:3m:24s left)
Iteration 390 / LogL: -141165.005 / Time: 0h:27m:37s (0h:2m:41s left)
Iteration 400 / LogL: -141176.607 / Time: 0h:28m:16s (0h:1m:59s left)
Iteration 410 / LogL: -141166.153 / Time: 0h:28m:54s (0h:1m:16s left)
Iteration 420 / LogL: -141190.726 / Time: 0h:29m:32s (0h:0m:33s left)
TREE SEARCH COMPLETED AFTER 429 ITERATIONS / Time: 0h:30m:5s

--------------------------------------------------------------------
|                    FINALIZING TREE SEARCH                        |
--------------------------------------------------------------------
Performs final model parameters optimization
Estimate model parameters (epsilon = 0.010)
1. Initial log-likelihood: -141162.212
Optimal log-likelihood: -141162.211
Proportion of invariable sites: 0.042
Gamma shape alpha: 2.077
Parameters optimization took 1 rounds (0.575 sec)
BEST SCORE FOUND : -141162.211
Total tree length: 199.637

Total number of iterations: 429
CPU time used for tree search: 6939.835 sec (1h:55m:39s)
Wall-clock time used for tree search: 1768.584 sec (0h:29m:28s)
Total CPU time used: 7086.617 sec (1h:58m:6s)
Total wall-clock time used: 1805.703 sec (0h:30m:5s)

Analysis results written to: 
  IQ-TREE report:                my_data/my_hmmsearch_tree/MBOAT_hmmsearch_env_coord_tree.iqtree
  Maximum-likelihood tree:       my_data/my_hmmsearch_tree/MBOAT_hmmsearch_env_coord_tree.treefile
  Likelihood distances:          my_data/my_hmmsearch_tree/MBOAT_hmmsearch_env_coord_tree.mldist
  Screen log file:               my_data/my_hmmsearch_tree/MBOAT_hmmsearch_env_coord_tree.log

Date and Time: Mon Aug  2 12:32:03 2021
