IQ-TREE multicore version 1.6.7 for Linux 64-bit built Aug 23 2018
Developed by Bui Quang Minh, Nguyen Lam Tung, Olga Chernomor,
Heiko Schmidt, Dominik Schrempf, Michael Woodhams.

Host:    da6eff691ccc (AVX, 251 GB RAM)
Command: iqtree -s my_data/WIF_hmmsearch_env_coord_msa_muscle.fa -nt 4 -mset LG -pre my_data/my_hmmsearch_tree/WIF_hmmsearch_env_coord_tree
Seed:    894864 (Using SPRNG - Scalable Parallel Random Number Generator)
Time:    Fri Jul 30 09:32:12 2021
Kernel:  AVX - 4 threads (32 CPU cores detected)

Reading alignment file my_data/WIF_hmmsearch_env_coord_msa_muscle.fa ... Fasta format detected
Alignment most likely contains protein sequences
Alignment has 51 sequences with 266 columns, 206 distinct patterns
143 parsimony-informative, 23 singleton sites, 100 constant sites
WARNING: Some sequence names are changed as follows:
Sp|390337537 -> Sp_390337537
Hs|WIF1 -> Hs_WIF1
Sp|780059110 -> Sp_780059110
Sp|390337679 -> Sp_390337679
Sk|269785073 -> Sk_269785073
Dm|shf -> Dm_shf
Ct|ELU17704.1 -> Ct_ELU17704.1
La|919097491 -> La_919097491
Cg|762161288 -> Cg_762161288
Pa|g5123.t1 -> Pa_g5123.t1
Hv|828211403 -> Hv_828211403
a_aur|scaffold78.g25.t1 -> a_aur_scaffold78.g25.t1
m_vir|scaffold191.g23.t1 -> m_vir_scaffold191.g23.t1
Ce|lin-18 -> Ce_lin-18
d_gig|g21971.t1 -> d_gig_g21971.t1
Ci|198430807 -> Ci_198430807
Ad|XP_015758855.1 -> Ad_XP_015758855.1
Of|1176083368 -> Of_1176083368
Pd|XP_027054963.1 -> Pd_XP_027054963.1
Ep|XP_020908835.1 -> Ep_XP_020908835.1
Nv|NVE10274 -> Nv_NVE10274
Dm|Drl-2 -> Dm_Drl-2
Dm|dnt -> Dm_dnt
Dm|drl -> Dm_drl
Sp|390340318 -> Sp_390340318
Hs|RYK -> Hs_RYK
Xb|g5932.t1 -> Xb_g5932.t1
Xb|g5932.t2 -> Xb_g5932.t2
Ct|ELT98024.1 -> Ct_ELT98024.1
Pa|g3399.t1 -> Pa_g3399.t1
Cg|762149307 -> Cg_762149307
La|919004791 -> La_919004791
La|919016636 -> La_919016636
Ad|XP_015767325.1 -> Ad_XP_015767325.1
Of|1176102141 -> Of_1176102141
Pd|XP_027051823.1 -> Pd_XP_027051823.1
Ep|XP_020905773.1 -> Ep_XP_020905773.1
Nv|NVE1474 -> Nv_NVE1474
a_aur|scaffold5.g153.t1 -> a_aur_scaffold5.g153.t1
m_vir|scaffold132.g5.t1 -> m_vir_scaffold132.g5.t1
d_gig|g12828.t1 -> d_gig_g12828.t1
Hv|828190758 -> Hv_828190758
c_hem|XLOC_044794 -> c_hem_XLOC_044794
d_gig|g27746.t1 -> d_gig_g27746.t1
Ep|XP_020912326.1 -> Ep_XP_020912326.1
Ad|XP_015763318.1 -> Ad_XP_015763318.1
Of|1176116772 -> Of_1176116772
Pd|XP_027057112.1 -> Pd_XP_027057112.1
c_hem|XLOC_005119 -> c_hem_XLOC_005119
a_aur|scaffold86.g42.t2 -> a_aur_scaffold86.g42.t2
m_vir|scaffold38.g39.t1 -> m_vir_scaffold38.g39.t1

                          Gap/Ambiguity  Composition  p-value
   1  Sp_390337537               26.69%    passed     78.04%
   2  Hs_WIF1                    29.32%    passed     51.73%
   3  Sp_780059110               30.08%    passed     11.99%
   4  Sp_390337679               22.56%    failed      4.67%
   5  Sk_269785073               26.69%    passed     87.30%
   6  Dm_shf                     26.69%    passed     97.87%
   7  Ct_ELU17704.1              28.57%    passed     82.73%
   8  La_919097491               28.57%    passed     47.67%
   9  Cg_762161288               28.57%    passed     30.94%
  10  Pa_g5123.t1                26.69%    passed     86.07%
  11  Hv_828211403               29.32%    passed     43.56%
  12  a_aur_scaffold78.g25.t1    24.06%    passed     91.52%
  13  m_vir_scaffold191.g23.t1   25.19%    passed     41.82%
  14  Ce_lin-18                  33.08%    passed     79.83%
  15  d_gig_g21971.t1            31.58%    passed     34.29%
  16  Ci_198430807               24.06%    passed     66.80%
  17  Ad_XP_015758855.1          27.82%    passed     99.48%
  18  Of_1176083368              30.45%    passed     98.52%
  19  Pd_XP_027054963.1          30.83%    passed     84.96%
  20  Ep_XP_020908835.1          31.20%    passed     92.76%
  21  Nv_NVE10274                32.33%    passed     85.24%
  22  Dm_Drl-2                   30.83%    passed     40.95%
  23  Dm_dnt                     30.83%    passed     44.53%
  24  Dm_drl                     30.83%    passed     64.45%
  25  Sp_390340318               31.95%    passed     54.36%
  26  Hs_RYK                     31.95%    passed     70.76%
  27  Xb_g5932.t1                33.83%    passed     95.15%
  28  Xb_g5932.t2                33.83%    passed     95.15%
  29  Ct_ELT98024.1              28.20%    passed     99.78%
  30  Pa_g3399.t1                29.70%    passed     91.16%
  31  Cg_762149307               30.45%    passed     98.29%
  32  La_919004791               51.13%    passed     44.74%
  33  La_919016636               31.58%    passed     99.07%
  34  Ad_XP_015767325.1          31.20%    passed     98.01%
  35  Of_1176102141              29.32%    passed     99.44%
  36  Pd_XP_027051823.1          29.32%    passed     96.02%
  37  Ep_XP_020905773.1          28.95%    passed     73.96%
  38  Nv_NVE1474                 37.59%    passed     74.50%
  39  a_aur_scaffold5.g153.t1    28.95%    passed     56.42%
  40  m_vir_scaffold132.g5.t1    31.58%    passed     92.46%
  41  d_gig_g12828.t1            28.95%    passed     22.67%
  42  Hv_828190758               30.45%    passed     65.81%
  43  c_hem_XLOC_044794          29.32%    passed     77.77%
  44  d_gig_g27746.t1            26.69%    passed     85.58%
  45  Ep_XP_020912326.1          27.44%    passed     50.33%
  46  Ad_XP_015763318.1          26.69%    passed     44.37%
  47  Of_1176116772              26.69%    passed     28.51%
  48  Pd_XP_027057112.1          26.69%    passed     61.70%
  49  c_hem_XLOC_005119          25.94%    passed     90.01%
  50  a_aur_scaffold86.g42.t2    28.57%    passed     83.45%
  51  m_vir_scaffold38.g39.t1    27.07%    passed     99.69%
WARNING: 1 sequences contain more than 50% gaps/ambiguity
****  TOTAL                      29.63%  1 sequences failed composition chi2 test (p-value<5%; df=19)
NOTE: Xb_g5932.t2 is identical to Xb_g5932.t1 but kept for subsequent analysis


Create initial parsimony tree by phylogenetic likelihood library (PLL)... 0.013 seconds
NOTE: ModelFinder requires 17 MB RAM!
ModelFinder will test 26 protein models (sample size: 266) ...
 No. Model         -LnL         df  AIC          AICc         BIC
  1  LG            14842.056    99  29882.113    30001.390    30236.879
  2  LG+I          13446.397    100 27092.793    27215.217    27451.143
  3  LG+G4         13295.204    100 26790.408    26912.832    27148.758
  4  LG+I+G4       13184.250    101 26570.500    26696.134    26932.433
  5  LG+R2         13671.687    101 27545.374    27671.008    27907.307
  6  LG+R3         13431.697    103 27069.393    27201.640    27438.493
  7  LG+R4         13343.949    105 26897.897    27037.022    27274.164
  8  LG+R5         13285.052    107 26784.103    26930.382    27167.538
  9  LG+R6         13251.904    109 26721.808    26875.526    27112.409
 10  LG+R7         13240.555    111 26703.110    26864.565    27100.878
 11  LG+R8         13232.866    113 26691.731    26861.231    27096.666
 12  LG+R9         13226.761    115 26683.522    26861.388    27095.624
 13  LG+R10        13222.602    117 26679.204    26865.772    27098.473
 14  LG+F          15055.378    118 30346.756    30537.804    30769.609
 15  LG+F+I        14017.588    119 28273.176    28468.793    28699.612
 16  LG+F+G4       13844.653    119 27927.305    28122.922    28353.741
 17  LG+F+I+G4     13739.631    120 27719.262    27919.538    28149.281
 18  LG+F+R2       14092.677    120 28425.355    28625.631    28855.375
 19  LG+F+R3       13893.495    122 28030.991    28240.865    28468.177
 20  LG+F+R4       13820.814    124 27889.628    28109.486    28333.981
 21  LG+F+R5       13781.622    126 27815.243    28045.488    28266.764
 22  LG+F+R6       13764.015    128 27784.029    28025.080    28242.717
 23  LG+F+R7       13760.306    130 27780.612    28032.908    28246.466
Akaike Information Criterion:           LG+I+G4
Corrected Akaike Information Criterion: LG+I+G4
Bayesian Information Criterion:         LG+I+G4
Best-fit model: LG+I+G4 chosen according to BIC

All model information printed to my_data/my_hmmsearch_tree/WIF_hmmsearch_env_coord_tree.model.gz
CPU time for ModelFinder: 167.883 seconds (0h:2m:47s)
Wall-clock time for ModelFinder: 43.138 seconds (0h:0m:43s)

NOTE: 7 MB RAM (0 GB) is required!
Estimate model parameters (epsilon = 0.100)
Thoroughly optimizing +I+G parameters from 10 start values...
Init pinv, alpha: 0.000, 1.000 / Estimate: 0.000, 0.485 / LogL: -13295.200
Init pinv, alpha: 0.042, 1.000 / Estimate: 0.249, 2.125 / LogL: -13184.257
Init pinv, alpha: 0.084, 1.000 / Estimate: 0.249, 2.117 / LogL: -13184.242
Init pinv, alpha: 0.125, 1.000 / Estimate: 0.249, 2.113 / LogL: -13184.239
Init pinv, alpha: 0.167, 1.000 / Estimate: 0.249, 2.109 / LogL: -13184.243
Init pinv, alpha: 0.209, 1.000 / Estimate: 0.250, 2.106 / LogL: -13184.248
Init pinv, alpha: 0.251, 1.000 / Estimate: 0.250, 2.108 / LogL: -13184.245
Init pinv, alpha: 0.292, 1.000 / Estimate: 0.250, 2.106 / LogL: -13184.248
Init pinv, alpha: 0.334, 1.000 / Estimate: 0.250, 2.105 / LogL: -13184.251
Init pinv, alpha: 0.376, 1.000 / Estimate: 0.250, 2.104 / LogL: -13184.254
Optimal pinv,alpha: 0.249, 2.113 / LogL: -13184.239

Parameters optimization took 1.639 sec
Computing ML distances based on estimated model parameters... 0.641 sec
Computing BIONJ tree...
0.002 seconds
Log-likelihood of BIONJ tree: -13171.349
--------------------------------------------------------------------
|             INITIALIZING CANDIDATE TREE SET                      |
--------------------------------------------------------------------
Generating 98 parsimony trees... 1.236 second
Computing log-likelihood of 98 initial trees ... 2.451 seconds
Current best score: -13169.984

Do NNI search on 20 best initial trees
Estimate model parameters (epsilon = 0.100)
BETTER TREE FOUND at iteration 1: -13135.198
Iteration 10 / LogL: -13136.678 / Time: 0h:0m:7s
Iteration 20 / LogL: -13135.401 / Time: 0h:0m:9s
Finish initializing candidate tree set (13)
Current best tree score: -13135.198 / CPU time: 7.920
Number of iterations: 20
--------------------------------------------------------------------
|               OPTIMIZING CANDIDATE TREE SET                      |
--------------------------------------------------------------------
Estimate model parameters (epsilon = 0.100)
BETTER TREE FOUND at iteration 25: -13134.689
Iteration 30 / LogL: -13135.247 / Time: 0h:0m:12s (0h:0m:40s left)
Estimate model parameters (epsilon = 0.100)
UPDATE BEST LOG-LIKELIHOOD: -13134.624
Iteration 40 / LogL: -13134.755 / Time: 0h:0m:14s (0h:0m:32s left)
Iteration 50 / LogL: -13134.972 / Time: 0h:0m:17s (0h:0m:27s left)
Iteration 60 / LogL: -13134.755 / Time: 0h:0m:20s (0h:0m:22s left)
Iteration 70 / LogL: -13135.641 / Time: 0h:0m:22s (0h:0m:17s left)
Iteration 80 / LogL: -13136.043 / Time: 0h:0m:25s (0h:0m:14s left)
Iteration 90 / LogL: -13134.706 / Time: 0h:0m:27s (0h:0m:10s left)
Iteration 100 / LogL: -13135.733 / Time: 0h:0m:29s (0h:0m:7s left)
Iteration 110 / LogL: -13143.095 / Time: 0h:0m:32s (0h:0m:4s left)
Iteration 120 / LogL: -13134.920 / Time: 0h:0m:34s (0h:0m:1s left)
TREE SEARCH COMPLETED AFTER 126 ITERATIONS / Time: 0h:0m:36s

--------------------------------------------------------------------
|                    FINALIZING TREE SEARCH                        |
--------------------------------------------------------------------
Performs final model parameters optimization
Estimate model parameters (epsilon = 0.010)
1. Initial log-likelihood: -13134.624
Optimal log-likelihood: -13134.623
Proportion of invariable sites: 0.250
Gamma shape alpha: 2.168
Parameters optimization took 1 rounds (0.036 sec)
BEST SCORE FOUND : -13134.623
Total tree length: 32.105

Total number of iterations: 126
CPU time used for tree search: 131.053 sec (0h:2m:11s)
Wall-clock time used for tree search: 34.125 sec (0h:0m:34s)
Total CPU time used: 138.811 sec (0h:2m:18s)
Total wall-clock time used: 36.109 sec (0h:0m:36s)

Analysis results written to: 
  IQ-TREE report:                my_data/my_hmmsearch_tree/WIF_hmmsearch_env_coord_tree.iqtree
  Maximum-likelihood tree:       my_data/my_hmmsearch_tree/WIF_hmmsearch_env_coord_tree.treefile
  Likelihood distances:          my_data/my_hmmsearch_tree/WIF_hmmsearch_env_coord_tree.mldist
  Screen log file:               my_data/my_hmmsearch_tree/WIF_hmmsearch_env_coord_tree.log

Date and Time: Fri Jul 30 09:33:32 2021
