IQ-TREE multicore version 1.6.7 for Linux 64-bit built Aug 23 2018
Developed by Bui Quang Minh, Nguyen Lam Tung, Olga Chernomor,
Heiko Schmidt, Dominik Schrempf, Michael Woodhams.

Host:    4777d7691381 (AVX, 251 GB RAM)
Command: iqtree -s my_data/sign_seqs_msa_muscle.fa -nt 6 -mset LG -pre my_data/my_tree
Seed:    425182 (Using SPRNG - Scalable Parallel Random Number Generator)
Time:    Wed Jul 28 07:28:57 2021
Kernel:  AVX - 6 threads (32 CPU cores detected)

Reading alignment file my_data/sign_seqs_msa_muscle.fa ... Fasta format detected
Alignment most likely contains protein sequences
WARNING: 1 sites contain only gaps or ambiguous characters.
Alignment has 98 sequences with 6061 columns, 3959 distinct patterns
1607 parsimony-informative, 3073 singleton sites, 1381 constant sites
WARNING: Some sequence names are changed as follows:
Pc|957856495 -> Pc_957856495
p_nak|g35612.t1 -> p_nak_g35612.t1
d_gig|g12741.t1 -> d_gig_g12741.t1
Of|1176090797 -> Of_1176090797
Of|1176072233 -> Of_1176072233
Pd|XP_027054066.1 -> Pd_XP_027054066.1
Ep|XP_020906385.1 -> Ep_XP_020906385.1
Nv|NVE1464 -> Nv_NVE1464
c_hem|XLOC_044658 -> c_hem_XLOC_044658
m_vir|scaffold96.g23.t1 -> m_vir_scaffold96.g23.t1
a_aur|scaffold105.g21.t1 -> a_aur_scaffold105.g21.t1
c_hem|XLOC_017925 -> c_hem_XLOC_017925
Hv|828225342 -> Hv_828225342
Dm|Notum -> Dm_Notum
Sk|269784925 -> Sk_269784925
Sp|780014582 -> Sp_780014582
Cg|762161189 -> Cg_762161189
Pa|g11818.t1 -> Pa_g11818.t1
La|919081898 -> La_919081898
Ct|ELT91091.1 -> Ct_ELT91091.1
Bf|XP_002599183.1 -> Bf_XP_002599183.1
Hs|NOTUM -> Hs_NOTUM
a_aur|scaffold493.g5.t1 -> a_aur_scaffold493.g5.t1
Xb|g3677.t1 -> Xb_g3677.t1
m_vir|scaffold286.g18.t1 -> m_vir_scaffold286.g18.t1
d_gig|g110.t1 -> d_gig_g110.t1
Of|1176098841 -> Of_1176098841
Pd|XP_027051607.1 -> Pd_XP_027051607.1
Ep|XP_020912206.1 -> Ep_XP_020912206.1
Nv|NVE7485 -> Nv_NVE7485
m_lei|ML06811a -> m_lei_ML06811a
Aq|XP_011406129.2 -> Aq_XP_011406129.2
m_vir|scaffold277.g4.t1 -> m_vir_scaffold277.g4.t1
Hv|828224578 -> Hv_828224578
c_hem|XLOC_003519 -> c_hem_XLOC_003519
a_aur|scaffold109.g50.t1 -> a_aur_scaffold109.g50.t1
Aq|XP_011403724.2 -> Aq_XP_011403724.2
Of|1176059555 -> Of_1176059555
Pd|XP_027046156.1 -> Pd_XP_027046156.1
Pd|XP_027046128.1 -> Pd_XP_027046128.1
Of|1176123894 -> Of_1176123894
Pd|XP_027046191.1 -> Pd_XP_027046191.1
m_bre|MONBRDRAFT_11917T0 -> m_bre_MONBRDRAFT_11917T0
m_lei|ML085718a -> m_lei_ML085718a
Sp|115620532 -> Sp_115620532
s_ros|PTSG_05723T0 -> s_ros_PTSG_05723T0
Ep|XP_020906172.1 -> Ep_XP_020906172.1
m_vir|scaffold247.g15.t1 -> m_vir_scaffold247.g15.t1
a_aur|scaffold182.g31.t1 -> a_aur_scaffold182.g31.t1
Hv|828208111 -> Hv_828208111
c_hem|XLOC_042173 -> c_hem_XLOC_042173
m_vir|scaffold64.g63.t1 -> m_vir_scaffold64.g63.t1
Cg|762095104 -> Cg_762095104
m_bre|MONBRDRAFT_30195T0 -> m_bre_MONBRDRAFT_30195T0
Ac|524912589 -> Ac_524912589
s_ros|PTSG_08223T0 -> s_ros_PTSG_08223T0
Nv|NVE541 -> Nv_NVE541
a_aur|scaffold81.g70.t1 -> a_aur_scaffold81.g70.t1
c_hem|XLOC_013173 -> c_hem_XLOC_013173
d_gig|g8803.t1 -> d_gig_g8803.t1
m_vir|scaffold359.g9.t1 -> m_vir_scaffold359.g9.t1
Nv|NVE2913 -> Nv_NVE2913
Ep|XP_020899744.1 -> Ep_XP_020899744.1
Ad|XP_015773425.1 -> Ad_XP_015773425.1
Ad|XP_015779438.1 -> Ad_XP_015779438.1
Of|1176115448 -> Of_1176115448
Pd|XP_027060544.1 -> Pd_XP_027060544.1
Ct|ELT96642.1 -> Ct_ELT96642.1
s_ros|PTSG_10843T0 -> s_ros_PTSG_10843T0
m_bre|MONBRDRAFT_25774T0 -> m_bre_MONBRDRAFT_25774T0
m_bre|MONBRDRAFT_33119T0 -> m_bre_MONBRDRAFT_33119T0
Bf|XP_002590393.1 -> Bf_XP_002590393.1
Bf|XP_002612628.1 -> Bf_XP_002612628.1
Pa|g17936.t1 -> Pa_g17936.t1
m_bre|MONBRDRAFT_01630T0 -> m_bre_MONBRDRAFT_01630T0
m_bre|MONBRDRAFT_02156T0 -> m_bre_MONBRDRAFT_02156T0
m_bre|MONBRDRAFT_38375T0 -> m_bre_MONBRDRAFT_38375T0
m_bre|MONBRDRAFT_30786T0 -> m_bre_MONBRDRAFT_30786T0
s_ros|PTSG_00161T0 -> s_ros_PTSG_00161T0
Ep|XP_020893796.1 -> Ep_XP_020893796.1
La|919070121 -> La_919070121
Ad|XP_015754935.1 -> Ad_XP_015754935.1
Of|1176059872 -> Of_1176059872
Pd|XP_027036622.1 -> Pd_XP_027036622.1
Pd|XP_027041420.1 -> Pd_XP_027041420.1
Pd|XP_027041268.1 -> Pd_XP_027041268.1
Bf|XP_002603262.1 -> Bf_XP_002603262.1
Bf|XP_002592010.1 -> Bf_XP_002592010.1
Sk|291232985 -> Sk_291232985
Sk|585674523 -> Sk_585674523
Bf|XP_002603261.1 -> Bf_XP_002603261.1
Aq|XP_019854868.1 -> Aq_XP_019854868.1
Aq|XP_011408782.2 -> Aq_XP_011408782.2
Aq|XP_011405404.1 -> Aq_XP_011405404.1
Aq|XP_003387386.1 -> Aq_XP_003387386.1
Aq|XP_011404609.2 -> Aq_XP_011404609.2
Aq|XP_019857269.1 -> Aq_XP_019857269.1
Aq|XP_019854835.1 -> Aq_XP_019854835.1

                          Gap/Ambiguity  Composition  p-value
   1  Pc_957856495               93.45%    failed      0.00%
   2  p_nak_g35612.t1            92.41%    passed     10.19%
   3  d_gig_g12741.t1            92.86%    passed     73.12%
   4  Of_1176090797              97.11%    failed      1.10%
   5  Of_1176072233              94.52%    passed     31.14%
   6  Pd_XP_027054066.1          91.95%    passed     14.99%
   7  Ep_XP_020906385.1          92.13%    passed     32.48%
   8  Nv_NVE1464                 95.25%    passed     16.11%
   9  c_hem_XLOC_044658          91.78%    passed     60.13%
  10  m_vir_scaffold96.g23.t1    92.20%    passed     33.56%
  11  a_aur_scaffold105.g21.t1   91.57%    failed      0.05%
  12  c_hem_XLOC_017925          92.56%    passed     48.25%
  13  Hv_828225342               92.64%    passed     18.64%
  14  Dm_Notum                   88.93%    failed      0.00%
  15  Sk_269784925               91.62%    passed     23.45%
  16  Sp_780014582               79.62%    failed      0.00%
  17  Cg_762161189               90.38%    failed      0.00%
  18  Pa_g11818.t1               90.66%    failed      2.02%
  19  La_919081898               90.78%    passed     19.98%
  20  Ct_ELT91091.1              92.38%    passed     51.78%
  21  Bf_XP_002599183.1          91.97%    failed      4.65%
  22  Hs_NOTUM                   91.82%    failed      0.06%
  23  a_aur_scaffold493.g5.t1    91.60%    failed      0.24%
  24  Xb_g3677.t1                91.16%    failed      0.01%
  25  m_vir_scaffold286.g18.t1   91.73%    failed      2.28%
  26  d_gig_g110.t1              92.30%    passed     17.93%
  27  Of_1176098841              92.84%    failed      2.36%
  28  Pd_XP_027051607.1          92.77%    passed     90.59%
  29  Ep_XP_020912206.1          92.46%    passed      8.53%
  30  Nv_NVE7485                 92.21%    passed     12.12%
  31  m_lei_ML06811a             95.08%    passed     33.62%
  32  Aq_XP_011406129.2          72.96%    failed      0.00%
  33  m_vir_scaffold277.g4.t1    77.25%    failed      0.00%
  34  Hv_828224578               63.98%    failed      0.00%
  35  c_hem_XLOC_003519          65.09%    failed      0.00%
  36  a_aur_scaffold109.g50.t1   86.07%    failed      0.00%
  37  Aq_XP_011403724.2          84.72%    failed      0.00%
  38  Of_1176059555              80.99%    failed      0.00%
  39  Pd_XP_027046156.1          81.34%    failed      0.00%
  40  Pd_XP_027046128.1          74.79%    failed      0.00%
  41  Of_1176123894              93.91%    failed      0.03%
  42  Pd_XP_027046191.1          75.10%    failed      0.00%
  43  m_bre_MONBRDRAFT_11917T0   86.19%    failed      0.00%
  44  m_lei_ML085718a            89.11%    failed      0.13%
  45  Sp_115620532               90.66%    failed      0.03%
  46  s_ros_PTSG_05723T0         73.82%    failed      0.00%
  47  Ep_XP_020906172.1          95.15%    passed     95.59%
  48  m_vir_scaffold247.g15.t1   62.96%    failed      0.00%
  49  a_aur_scaffold182.g31.t1   51.15%    failed      0.00%
  50  Hv_828208111               87.10%    failed      0.00%
  51  c_hem_XLOC_042173          95.94%    passed     80.54%
  52  m_vir_scaffold64.g63.t1    93.02%    failed      0.84%
  53  Cg_762095104               92.76%    passed     13.61%
  54  m_bre_MONBRDRAFT_30195T0   81.47%    failed      0.00%
  55  Ac_524912589               93.07%    failed      4.68%
  56  s_ros_PTSG_08223T0         93.42%    failed      0.00%
  57  Nv_NVE541                  88.81%    failed      0.00%
  58  a_aur_scaffold81.g70.t1    85.43%    failed      0.00%
  59  c_hem_XLOC_013173          84.85%    failed      0.00%
  60  d_gig_g8803.t1             63.21%    failed      0.00%
  61  m_vir_scaffold359.g9.t1    85.99%    failed      0.00%
  62  Nv_NVE2913                 92.36%    passed     17.03%
  63  Ep_XP_020899744.1          92.11%    passed     23.18%
  64  Ad_XP_015773425.1          92.11%    passed      8.10%
  65  Ad_XP_015779438.1          96.29%    passed     18.94%
  66  Of_1176115448              92.08%    passed     13.39%
  67  Pd_XP_027060544.1          92.10%    passed     14.84%
  68  Ct_ELT96642.1              93.48%    passed     15.65%
  69  s_ros_PTSG_10843T0         94.62%    failed      0.04%
  70  m_bre_MONBRDRAFT_25774T0   93.91%    passed      5.53%
  71  m_bre_MONBRDRAFT_33119T0   93.09%    failed      0.00%
  72  Bf_XP_002590393.1          92.95%    failed      0.02%
  73  Bf_XP_002612628.1          92.20%    failed      0.02%
  74  Pa_g17936.t1               92.66%    passed     19.86%
  75  m_bre_MONBRDRAFT_01630T0   94.64%    failed      0.03%
  76  m_bre_MONBRDRAFT_02156T0   95.63%    failed      0.30%
  77  m_bre_MONBRDRAFT_38375T0   90.08%    failed      0.00%
  78  m_bre_MONBRDRAFT_30786T0   82.38%    failed      0.00%
  79  s_ros_PTSG_00161T0         92.43%    failed      0.95%
  80  Ep_XP_020893796.1          87.58%    failed      0.00%
  81  La_919070121               92.48%    failed      3.38%
  82  Ad_XP_015754935.1          86.01%    failed      0.00%
  83  Of_1176059872              85.15%    failed      0.00%
  84  Pd_XP_027036622.1          85.02%    failed      0.00%
  85  Pd_XP_027041420.1          92.58%    failed      1.35%
  86  Pd_XP_027041268.1          94.49%    failed      0.33%
  87  Bf_XP_002603262.1          91.04%    failed      0.00%
  88  Bf_XP_002592010.1          91.04%    failed      0.14%
  89  Sk_291232985               92.56%    failed      0.32%
  90  Sk_585674523               93.14%    passed      9.66%
  91  Bf_XP_002603261.1          93.96%    failed      0.06%
  92  Aq_XP_019854868.1          93.76%    failed      2.60%
  93  Aq_XP_011408782.2          95.25%    failed      3.06%
  94  Aq_XP_011405404.1          93.81%    passed      6.59%
  95  Aq_XP_003387386.1          93.86%    passed     15.15%
  96  Aq_XP_011404609.2          93.73%    passed     15.30%
  97  Aq_XP_019857269.1          95.84%    failed      0.41%
  98  Aq_XP_019854835.1          93.86%    passed      6.49%
WARNING: 98 sequences contain more than 50% gaps/ambiguity
****  TOTAL                      88.89%  63 sequences failed composition chi2 test (p-value<5%; df=19)


Create initial parsimony tree by phylogenetic likelihood library (PLL)... 0.238 seconds
NOTE: ModelFinder requires 602 MB RAM!
ModelFinder will test 26 protein models (sample size: 6061) ...
 No. Model         -LnL         df  AIC          AICc         BIC
  1  LG            153337.222   193 307060.444   307073.208   308355.403
  2  LG+I          153274.054   194 306936.107   306949.005   308237.776
  3  LG+G4         149099.814   194 298587.627   298600.525   299889.295
  4  LG+I+G4       149079.831   195 298549.662   298562.695   299858.039
  5  LG+R2         149774.376   195 299938.753   299951.786   301247.131
  6  LG+R3         148966.906   197 298327.811   298341.117   299649.608
  7  LG+R4         148628.299   199 297654.598   297668.179   298989.814
  8  LG+R5         148476.698   201 297355.395   297369.255   298704.031
  9  LG+R6         148409.822   203 297225.643   297239.784   298587.698
 10  LG+R7         148372.968   205 297155.935   297170.361   298531.410
 11  LG+R8         148343.749   207 297101.499   297116.211   298490.392
 12  LG+R9         148320.377   209 297058.755   297073.758   298461.068
 13  LG+R10        148304.885   211 297031.769   297047.065   298447.501
 14  LG+F          153867.485   212 308158.970   308174.413   309581.411
 15  LG+F+I        153807.889   213 308041.778   308057.369   309470.929
 16  LG+F+G4       149655.504   213 299737.008   299752.600   301166.159
 17  LG+F+I+G4     149637.002   214 299702.003   299717.744   301137.864
 18  LG+F+R2       150299.526   214 301027.052   301042.793   302462.913
 19  LG+F+R3       149488.766   216 299409.532   299425.573   300858.812
 20  LG+F+R4       149170.460   218 298776.920   298793.265   300239.620
 21  LG+F+R5       149021.504   220 298483.007   298499.658   299959.126
 22  LG+F+R6       148959.667   222 298363.334   298380.294   299852.872
 23  LG+F+R7       148925.866   224 298299.732   298317.004   299802.689
 24  LG+F+R8       148896.404   226 298244.807   298262.394   299761.183
 25  LG+F+R9       148875.800   228 298207.599   298225.504   299737.395
 26  LG+F+R10      148861.228   230 298182.457   298200.683   299725.671
Akaike Information Criterion:           LG+R10
Corrected Akaike Information Criterion: LG+R10
Bayesian Information Criterion:         LG+R10
Best-fit model: LG+R10 chosen according to BIC

All model information printed to my_data/my_tree.model.gz
CPU time for ModelFinder: 6936.029 seconds (1h:55m:36s)
Wall-clock time for ModelFinder: 1199.749 seconds (0h:19m:59s)

NOTE: 602 MB RAM (0 GB) is required!
Estimate model parameters (epsilon = 0.100)
1. Initial log-likelihood: -148557.075
2. Current log-likelihood: -148404.248
3. Current log-likelihood: -148373.784
4. Current log-likelihood: -148358.337
5. Current log-likelihood: -148350.056
6. Current log-likelihood: -148344.185
7. Current log-likelihood: -148339.391
8. Current log-likelihood: -148335.482
9. Current log-likelihood: -148332.086
10. Current log-likelihood: -148328.831
11. Current log-likelihood: -148325.415
12. Current log-likelihood: -148321.581
13. Current log-likelihood: -148317.382
14. Current log-likelihood: -148313.522
15. Current log-likelihood: -148310.607
16. Current log-likelihood: -148308.589
17. Current log-likelihood: -148307.240
18. Current log-likelihood: -148306.350
19. Current log-likelihood: -148305.838
20. Current log-likelihood: -148305.474
21. Current log-likelihood: -148305.285
22. Current log-likelihood: -148305.124
23. Current log-likelihood: -148304.985
24. Current log-likelihood: -148304.869
Optimal log-likelihood: -148304.737
Site proportion and rates:  (0.012,0.028) (0.030,0.088) (0.078,0.162) (0.136,0.272) (0.080,0.382) (0.067,0.473) (0.049,0.492) (0.050,0.497) (0.053,0.739) (0.445,1.792)
Parameters optimization took 24 rounds (306.523 sec)
Computing ML distances based on estimated model parameters... 23.602 sec
WARNING: Some pairwise ML distances are too long (saturated)
Computing BIONJ tree...
0.006 seconds
Log-likelihood of BIONJ tree: -148990.687
--------------------------------------------------------------------
|             INITIALIZING CANDIDATE TREE SET                      |
--------------------------------------------------------------------
Generating 98 parsimony trees... 20.581 second
Computing log-likelihood of 98 initial trees ... 102.725 seconds
Current best score: -148304.737

Do NNI search on 20 best initial trees
Estimate model parameters (epsilon = 0.100)
BETTER TREE FOUND at iteration 1: -148184.428
Estimate model parameters (epsilon = 0.100)
BETTER TREE FOUND at iteration 3: -148178.186
Iteration 10 / LogL: -148189.076 / Time: 0h:10m:5s
Iteration 20 / LogL: -148197.017 / Time: 0h:12m:13s
Finish initializing candidate tree set (20)
Current best tree score: -148178.186 / CPU time: 415.991
Number of iterations: 20
--------------------------------------------------------------------
|               OPTIMIZING CANDIDATE TREE SET                      |
--------------------------------------------------------------------
Estimate model parameters (epsilon = 0.100)
BETTER TREE FOUND at iteration 22: -148175.800
Iteration 30 / LogL: -148176.287 / Time: 0h:14m:41s (0h:46m:35s left)
Estimate model parameters (epsilon = 0.100)
BETTER TREE FOUND at iteration 31: -148173.642
Iteration 40 / LogL: -148177.258 / Time: 0h:16m:50s (0h:39m:18s left)
Iteration 50 / LogL: -148176.231 / Time: 0h:18m:57s (0h:31m:19s left)
BETTER TREE FOUND at iteration 53: -148173.635
Iteration 60 / LogL: -148177.320 / Time: 0h:20m:55s (0h:32m:59s left)
Estimate model parameters (epsilon = 0.100)
BETTER TREE FOUND at iteration 65: -148173.424
Estimate model parameters (epsilon = 0.100)
BETTER TREE FOUND at iteration 66: -148171.242
Iteration 70 / LogL: -148173.840 / Time: 0h:23m:3s (0h:32m:4s left)
Iteration 80 / LogL: -148171.390 / Time: 0h:24m:54s (0h:27m:6s left)
Iteration 90 / LogL: -148171.343 / Time: 0h:26m:47s (0h:22m:52s left)
Iteration 100 / LogL: -148172.348 / Time: 0h:28m:50s (0h:19m:13s left)
Iteration 110 / LogL: -148172.493 / Time: 0h:30m:46s (0h:15m:48s left)
Iteration 120 / LogL: -148172.320 / Time: 0h:32m:33s (0h:12m:35s left)
Iteration 130 / LogL: -148172.083 / Time: 0h:34m:28s (0h:9m:37s left)
Iteration 140 / LogL: -148174.443 / Time: 0h:36m:18s (0h:6m:47s left)
Iteration 150 / LogL: -148171.836 / Time: 0h:38m:5s (0h:4m:5s left)
Iteration 160 / LogL: -148182.380 / Time: 0h:40m:3s (0h:1m:30s left)
TREE SEARCH COMPLETED AFTER 167 ITERATIONS / Time: 0h:41m:25s

--------------------------------------------------------------------
|                    FINALIZING TREE SEARCH                        |
--------------------------------------------------------------------
Performs final model parameters optimization
Estimate model parameters (epsilon = 0.010)
1. Initial log-likelihood: -148171.242
Optimal log-likelihood: -148171.240
Site proportion and rates:  (0.012,0.028) (0.027,0.088) (0.076,0.160) (0.129,0.270) (0.086,0.379) (0.068,0.474) (0.049,0.496) (0.050,0.501) (0.056,0.742) (0.448,1.774)
Parameters optimization took 1 rounds (2.114 sec)
BEST SCORE FOUND : -148171.240
Total tree length: 344.309

Total number of iterations: 167
CPU time used for tree search: 12506.380 sec (3h:28m:26s)
Wall-clock time used for tree search: 2168.143 sec (0h:36m:8s)
Total CPU time used: 14338.967 sec (3h:58m:58s)
Total wall-clock time used: 2487.801 sec (0h:41m:27s)

Analysis results written to: 
  IQ-TREE report:                my_data/my_tree.iqtree
  Maximum-likelihood tree:       my_data/my_tree.treefile
  Likelihood distances:          my_data/my_tree.mldist
  Screen log file:               my_data/my_tree.log

Date and Time: Wed Jul 28 08:30:25 2021
