#                                                                                --- full sequence --- -------------- this domain -------------   hmm coord   ali coord   env coord
# target name            accession   tlen query name           accession   qlen   E-value  score  bias   #  of  c-Evalue  i-Evalue  score  bias  from    to  from    to  from    to  acc description of target
#    ------------------- ---------- ----- -------------------- ---------- ----- --------- ------ ----- --- --- --------- --------- ------ ----- ----- ----- ----- ----- ----- ----- ---- ---------------------
s_cer|ARE2               -            643 MBOAT                PF03062.21   348  1.8e-119  404.4  39.3   1   1  8.8e-123  2.3e-119  404.0  39.3     1   348   215   641   215   641 0.99 YNR019W SGDID:S000005302, Chr XIV from 665339-667267, Genome Release 64-2-1, Verified ORF, "Acyl-CoA:sterol acyltransferase; endoplasmic reticulum enzyme that contributes the major sterol esterification activity in the presence of oxygen; ARE2 has a paralog, ARE1, that arose from the whole genome duplication"
s_cer|ARE1               -            611 MBOAT                PF03062.21   348  6.2e-101  343.4  41.7   1   1  2.9e-104  7.7e-101  343.1  41.7     1   348   202   609   202   609 0.97 YCR048W SGDID:S000000644, Chr III from 211929-213761, Genome Release 64-2-1, Verified ORF, "Acyl-CoA:sterol acyltransferase; endoplasmic reticulum enzyme that contributes the major sterol esterification activity in the absence of oxygen; ARE1 has a paralog, ARE2, that arose from the whole genome duplication"
s_cer|GUP2               -            610 MBOAT                PF03062.21   348   9.9e-90  306.6  22.9   1   1   3.7e-93   9.9e-90  306.6  22.9     1   346   202   557   202   559 0.98 YPL189W SGDID:S000006110, Chr XVI from 189154-190983, Genome Release 64-2-1, Verified ORF, "Probable membrane protein; possible role in proton symport of glycerol; member of the MBOAT family of putative membrane-bound O-acyltransferases; GUP2 has a paralog, GUP1, that arose from the whole genome duplication"
s_cer|ALE1               -            620 MBOAT                PF03062.21   348   1.5e-85  292.8   5.4   1   1     1e-88   2.7e-85  292.0   5.4     1   348   111   445   111   445 0.98 YOR175C SGDID:S000005701, Chr XV from 661674-659815, Genome Release 64-2-1, reverse complement, Verified ORF, "Broad-specificity lysophospholipid acyltransferase; part of MBOAT family of membrane-bound O-acyltransferases; key component of Lands cycle; may have role in fatty acid exchange at sn-2 position of mature glycerophospholipids"
s_cer|GUP1               -            561 MBOAT                PF03062.21   348   2.8e-82  282.1  26.8   1   1   1.9e-85   4.9e-82  281.3  26.8     1   347   170   509   170   510 0.98 YGL084C SGDID:S000003052, Chr VII from 352298-350616, Genome Release 64-2-1, reverse complement, Verified ORF, "Plasma membrane protein involved in remodeling GPI anchors; member of the MBOAT family of putative membrane-bound O-acyltransferases; role in misfolded protein quality control; proposed to be involved in glycerol transport; GUP1 has a paralog, GUP2, that arose from the whole genome duplication"
Hs|SOAT1                 -            550 MBOAT                PF03062.21   348   4.8e-75  258.3  41.6   1   1   2.3e-78     6e-75  257.9  41.6     1   348   171   520   171   520 0.98 gi|49533617|ref|NP_003092.4| gi|49533617|ref|NP_003092.4| sterol O-acyltransferase 1 isoform 1 [Homo sapiens]
Ce|mboa-6                -            473 MBOAT                PF03062.21   348   1.6e-73  253.3   7.2   1   1   5.9e-77   1.6e-73  253.3   7.2     2   347   103   409   102   410 0.99 NP_001022735.1 NP_001022735.1 MBOA-6, isoform a [Caenorhabditis elegans]
Dm|frj                   -            489 MBOAT                PF03062.21   348   4.8e-73  251.7  12.2   1   1     3e-76     8e-73  251.0  12.2     1   347    93   426    93   427 0.98 NP_995637.1 NP_995637.1 farjavit, isoform B [Drosophila melanogaster]
Dm|nes                   -            497 MBOAT                PF03062.21   348     6e-73  251.4   9.6   1   1   4.1e-76   1.1e-72  250.5   9.6     2   348   115   421   114   421 0.98 NP_730390.1 NP_730390.1 nessy, isoform B [Drosophila melanogaster]
Hs|LPCAT3                -            487 MBOAT                PF03062.21   348   1.8e-71  246.5  12.1   1   1     7e-75   1.8e-71  246.5  12.1     2   348   127   437   126   437 0.99 gi|42542394|ref|NP_005759.4| gi|42542394|ref|NP_005759.4| lysophospholipid acyltransferase 5 [Homo sapiens]
Hs|DGAT1                 -            488 MBOAT                PF03062.21   348   6.4e-68  234.8  19.9   1   1   2.4e-71   6.4e-68  234.8  19.9     4   347   156   473   153   474 0.97 gi|145864459|ref|NP_036211.2| gi|145864459|ref|NP_036211.2| diacylglycerol O-acyltransferase 1 [Homo sapiens]
Hs|HHAT                  -            494 MBOAT                PF03062.21   348   1.2e-66  230.7  24.7   1   1   4.5e-70   1.2e-66  230.7  24.7     1   347   126   442   126   443 0.96 gi|282398133|ref|NP_001164058.1| gi|282398133|ref|NP_001164058.1| protein-cysteine N-palmitoyltransferase HHAT isoform 4 [Homo sapiens]
Hs|SOAT2                 -            522 MBOAT                PF03062.21   348   1.8e-65  226.8  23.5   1   1   9.1e-69   2.4e-65  226.4  23.5     3   348   151   494   149   494 0.96 gi|4507147|ref|NP_003569.1| gi|4507147|ref|NP_003569.1| sterol O-acyltransferase 2 [Homo sapiens]
Dm|rasp                  -            500 MBOAT                PF03062.21   348   4.8e-65  225.4  27.9   1   1   2.6e-68   6.8e-65  224.9  27.9     2   345   128   441   127   444 0.98 NP_523898.1 NP_523898.1 rasp [Drosophila melanogaster]
Dm|por                   -            525 MBOAT                PF03062.21   348   4.1e-57  199.3   2.2   1   1   1.6e-60   4.1e-57  199.3   2.2     1   347   126   458   126   459 0.97 NP_001259679.1 NP_001259679.1 porcupine, isoform B [Drosophila melanogaster]
Xb|g3660.t1              -            470 MBOAT                PF03062.21   348   1.1e-52  184.7  18.4   1   1   4.2e-56   1.1e-52  184.7  18.4     3   343   105   406   103   411 0.96 -
Sk|585653384             -            478 MBOAT                PF03062.21   348   3.1e-52  183.3   6.2   1   1   1.2e-55   3.1e-52  183.3   6.2     3   314   112   388   110   401 0.95 ref|XP_006815105.1| PREDICTED: lysophospholipid acyltransferase 5-like [Saccoglossus kowalevskii]
Ct|ELT92172.1            -            478 MBOAT                PF03062.21   348   1.9e-50  177.4  10.1   1   1   1.1e-53     3e-50  176.7  10.1     3   347   110   420   108   421 0.92 ELT92172.1 hypothetical protein CAPTEDRAFT_182891 [Capitella teleta]
Pd|XP_027054737.1        -            484 MBOAT                PF03062.21   348   1.9e-50  177.4   7.4   1   1   1.7e-53   4.5e-50  176.2   7.4     4   324   113   398   111   416 0.93 lysophospholipid acyltransferase 5-like [Pocillopora damicornis]
Bf|XP_002591661.1        -            470 MBOAT                PF03062.21   348   2.8e-50  176.8   6.1   1   1   2.5e-53   6.7e-50  175.6   6.1     3   330   107   399   105   407 0.93 hypothetical protein BRAFLDRAFT_80751 [Branchiostoma floridae]
Ad|XP_015756221.1        -            474 MBOAT                PF03062.21   348     1e-48  171.7  12.5   1   1   3.8e-52     1e-48  171.7  12.5     4   328   111   399   108   420 0.92 XP_015756221.1 PREDICTED: lysophospholipid acyltransferase 5-like [Acropora digitifera]
La|919013840             -            486 MBOAT                PF03062.21   348   1.4e-47  168.0   3.0   1   1     9e-51   2.4e-47  167.2   3.0     2   345   109   417   108   420 0.94 ref|XP_013391427.1| PREDICTED: lysophospholipid acyltransferase 5-like [Lingula anatina]
Pa|g14865.t1             -            453 MBOAT                PF03062.21   348   5.7e-47  166.0  12.7   1   1   2.1e-50   5.7e-47  166.0  12.7     4   330    86   375    83   390 0.90 -
Ep|XP_020907311.1        -            482 MBOAT                PF03062.21   348   2.4e-46  163.9  16.3   1   1   1.6e-49   4.2e-46  163.1  16.3     3   335   112   408   110   420 0.95 lysophospholipid acyltransferase 5-like [Exaiptasia pallida]
Cg|762091123             -            474 MBOAT                PF03062.21   348   1.6e-45  161.2  13.1   1   1   9.8e-49   2.6e-45  160.5  13.1    12   342   115   418    90   424 0.95 ref|XP_011427949.1| PREDICTED: lysophospholipid acyltransferase 5-like [Crassostrea gigas]
Ac|871265172             -            472 MBOAT                PF03062.21   348   3.3e-45  160.1  10.2   1   1   2.8e-47   7.3e-44  155.7  10.1     3   314   105   379   101   387 0.90 ref|XP_005109186.2| PREDICTED: lysophospholipid acyltransferase 5-like [Aplysia californica]
c_owc|CAOG_03096T0       -            501 MBOAT                PF03062.21   348   3.7e-45  160.0   7.4   1   1   1.4e-48   3.7e-45  160.0   7.4     5   346   111   417   108   419 0.95 | CAOG_03096 | Capsaspora owczarzaki ATCC 30864 hypothetical protein (501 aa)
Pd|XP_027054724.1        -            474 MBOAT                PF03062.21   348     4e-45  159.9  16.3   1   1   1.5e-48     4e-45  159.9  16.3     2   339   109   409   108   421 0.91 lysophospholipid acyltransferase 5-like [Pocillopora damicornis]
Nv|NVE14198              -            481 MBOAT                PF03062.21   348   2.1e-44  157.5  11.8   1   1     3e-47     8e-44  155.6  11.8     2   333   114   408   113   414 0.91 -
Hv|828218559             -            483 MBOAT                PF03062.21   348   2.2e-44  157.4  18.2   1   1   8.3e-48   2.2e-44  157.4  18.2     4   343   120   424   117   429 0.92 ref|XP_012561003.1| PREDICTED: lysophospholipid acyltransferase 5-like [Hydra vulgaris]
c_owc|CAOG_04992T0       -            432 MBOAT                PF03062.21   348   2.5e-44  157.3   9.9   1   1     2e-47   5.2e-44  156.2   9.9     3   306    85   347    83   383 0.87 | CAOG_04992 | Capsaspora owczarzaki ATCC 30864 lysophosphatidylcholine acyltransferase 3 (432 aa)
Pc|957845501             -            488 MBOAT                PF03062.21   348   3.3e-44  156.9   6.8   1   1   1.2e-47   3.3e-44  156.9   6.8     3   322   109   392   107   420 0.89 ref|XP_014673181.1| PREDICTED: lysophospholipid acyltransferase 5-like [Priapulus caudatus]
Hv|828217972             -            485 MBOAT                PF03062.21   348   4.7e-44  156.4  20.4   1   1   1.8e-47   4.7e-44  156.4  20.4     7   345   126   429   116   432 0.88 ref|XP_012560819.1| PREDICTED: lysophospholipid acyltransferase 5-like [Hydra vulgaris]
Ci|198421352             -            460 MBOAT                PF03062.21   348   7.5e-44  155.7   9.5   1   1   2.8e-47   7.5e-44  155.7   9.5     2   346   103   410   102   412 0.90 ref|XP_002125907.1| PREDICTED: lysophospholipid acyltransferase 5 isoform X1 [Ciona intestinalis]
Ta|XP_002113732.1        -            526 MBOAT                PF03062.21   348   2.1e-43  154.2  12.9   1   1     2e-46   5.2e-43  152.9  12.9     3   300   108   379   106   388 0.94 hypothetical protein TRIADDRAFT_57453 [Trichoplax adhaerens]
c_hem|XLOC_009842        -            532 MBOAT                PF03062.21   348   3.7e-43  153.4  12.5   1   1   1.4e-46   3.7e-43  153.4  12.5     4   320   170   451   166   486 0.88 TCONS_00017606|m.25112 XLOC_009842 TCONS_00017606|m.25112 TCONS_00017606|g.25112 ORF TCONS_00017606|g.25112 TCONS_00017606|m.25112 type:5prime_partial len:532 (+) TCONS_00017606:2-1597(+)
Hv|828204832             -            905 MBOAT                PF03062.21   348   6.7e-43  152.6  61.0   1   2   3.6e-24   9.5e-21   79.7  22.9    49   304   103   367    28   405 0.78 ref|XP_002160823.3| PREDICTED: uncharacterized protein LOC100201822 [Hydra vulgaris]
Hv|828204832             -            905 MBOAT                PF03062.21   348   6.7e-43  152.6  61.0   2   2   7.3e-23   1.9e-19   75.4  31.7    73   319   568   835   394   862 0.83 ref|XP_002160823.3| PREDICTED: uncharacterized protein LOC100201822 [Hydra vulgaris]
d_gig|g21224.t1          -            465 MBOAT                PF03062.21   348   9.1e-43  152.1  12.8   1   1   3.4e-46   9.1e-43  152.1  12.8     1   345   106   413   106   416 0.91 -
Sp|780181661             -            483 MBOAT                PF03062.21   348     2e-42  151.0  11.1   1   1   7.7e-46     2e-42  151.0  11.1    10   321   125   403   116   428 0.90 ref|XP_011662083.1| PREDICTED: lysophospholipid acyltransferase 5 isoform X1 [Strongylocentrotus purpuratus]
Dm|oys                   -            722 MBOAT                PF03062.21   348   8.5e-41  145.7  11.1   1   1   9.7e-44   2.6e-40  144.1  11.1     9   346   129   437   121   439 0.86 NP_001286267.1 NP_001286267.1 oysgedart, isoform E [Drosophila melanogaster]
Cg|762098808             -            592 MBOAT                PF03062.21   348   2.3e-40  144.2  15.5   1   1   1.2e-43   3.3e-40  143.7  15.5    49   347   290   578   251   579 0.86 ref|XP_011431805.1| PREDICTED: diacylglycerol O-acyltransferase 1-like isoform X1 [Crassostrea gigas]
Sp|72006039              -            485 MBOAT                PF03062.21   348   7.1e-40  142.6  15.4   1   1   2.7e-43   7.1e-40  142.6  15.4     8   347   118   466   111   467 0.93 ref|XP_780515.1| PREDICTED: diacylglycerol O-acyltransferase 1 [Strongylocentrotus purpuratus]
La|919030232             -            615 MBOAT                PF03062.21   348   8.9e-40  142.3  22.8   1   1   3.4e-43   8.9e-40  142.3  22.8    42   347   303   595   289   596 0.88 ref|XP_013398803.1| PREDICTED: diacylglycerol O-acyltransferase 1-like [Lingula anatina]
Ac|871244833             -            590 MBOAT                PF03062.21   348     4e-39  140.1  30.1   1   1   2.8e-42   7.3e-39  139.3  30.1     7   347   182   527   176   528 0.81 ref|XP_012940246.1| PREDICTED: sterol O-acyltransferase 1-like isoform X3 [Aplysia californica]
Ta|XP_002112025.1        -            406 MBOAT                PF03062.21   348   1.1e-38  138.8  26.9   1   1     5e-42   1.3e-38  138.4  26.9    33   347   114   397    60   398 0.87 hypothetical protein TRIADDRAFT_35841 [Trichoplax adhaerens]
Pa|g8382.t1              -            542 MBOAT                PF03062.21   348   1.4e-38  138.3  17.5   1   1   8.1e-42   2.1e-38  137.7  17.5    48   347   234   527   231   528 0.91 -
Cg|762133760             -            541 MBOAT                PF03062.21   348   7.9e-38  135.9  25.5   1   1   5.4e-41   1.4e-37  135.0  25.5    18   347   215   507   203   508 0.81 ref|XP_011450092.1| PREDICTED: sterol O-acyltransferase 1-like isoform X1 [Crassostrea gigas]
Bf|XP_002606184.1        -            291 MBOAT                PF03062.21   348   1.2e-37  135.3  19.5   1   1   5.4e-41   1.4e-37  135.0  19.5    86   348    26   259     6   259 0.87 hypothetical protein BRAFLDRAFT_115379 [Branchiostoma floridae]
sb|3461274|              -           1175 MBOAT                PF03062.21   348   1.3e-37  135.1  49.9   1   3   6.9e-19   1.8e-15   62.3   7.2    79   317   346   584   337   593 0.83 -
sb|3461274|              -           1175 MBOAT                PF03062.21   348   1.3e-37  135.1  49.9   2   3   4.4e-13   1.2e-09   43.3   8.1   202   317   646   760   635   770 0.90 -
sb|3461274|              -           1175 MBOAT                PF03062.21   348   1.3e-37  135.1  49.9   3   3   2.3e-12   6.2e-09   40.9   6.6   202   317   857   971   839   981 0.90 -
Sk|291232430             -            485 MBOAT                PF03062.21   348   4.4e-37  133.4  21.7   1   1   2.6e-40   6.9e-37  132.8  21.7    48   347   179   468   146   469 0.83 ref|XP_002736160.1| PREDICTED: diacylglycerol O-acyltransferase 1-like [Saccoglossus kowalevskii]
Ct|ELT88627.1            -            449 MBOAT                PF03062.21   348   4.8e-37  133.3  20.7   1   1   1.8e-40   4.8e-37  133.3  20.7    51   347   153   439   148   440 0.89 ELT88627.1 hypothetical protein CAPTEDRAFT_183593 [Capitella teleta]
Sp|780107014             -            508 MBOAT                PF03062.21   348   7.7e-37  132.6  13.8   1   1   2.9e-40   7.7e-37  132.6  13.8    12   345   126   447   114   457 0.85 ref|XP_011675983.1| PREDICTED: lysophospholipid acyltransferase 5 [Strongylocentrotus purpuratus]
Bf|XP_002610823.1        -            450 MBOAT                PF03062.21   348   8.6e-37  132.5   4.0   1   1   5.5e-40   1.5e-36  131.7   4.0     3   346   108   416   106   418 0.89 hypothetical protein BRAFLDRAFT_282409 [Branchiostoma floridae]
Pa|g10740.t1             -            535 MBOAT                PF03062.21   348   1.1e-36  132.1  36.9   1   1     6e-40   1.6e-36  131.6  36.9     7   347   162   501   157   502 0.87 -
Aq|XP_019857821.1        -            437 MBOAT                PF03062.21   348   2.2e-36  131.1  17.3   1   1   8.3e-40   2.2e-36  131.1  17.3    50   348   159   429   152   429 0.89 PREDICTED: diacylglycerol O-acyltransferase 1-like isoform X1 [Amphimedon queenslandica]
d_gig|g16572.t1          -            512 MBOAT                PF03062.21   348   3.8e-36  130.3  30.2   1   1   1.4e-39   3.8e-36  130.3  30.2    91   347   253   482   244   483 0.89 -
Of|1176113060            -            553 MBOAT                PF03062.21   348   4.4e-36  130.1  32.5   1   1   1.7e-39   4.4e-36  130.1  32.5    87   348   284   517   195   517 0.85 XP_020627578.1| sterol O-acyltransferase 1-like [Orbicella faveolata]
Ac|871243736             -            643 MBOAT                PF03062.21   348   4.8e-36  130.0  21.2   1   1   3.5e-39   9.2e-36  129.1  21.1    83   347   387   622   339   623 0.89 ref|XP_012940032.1| PREDICTED: diacylglycerol O-acyltransferase 1-like isoform X1 [Aplysia californica]
La|919073351             -            445 MBOAT                PF03062.21   348   5.3e-36  129.9   5.8   1   1   3.7e-39   9.9e-36  129.0   5.8     7   347   119   428   114   429 0.89 ref|XP_013417915.1| PREDICTED: membrane-bound O-acyltransferase domain-containing protein 2-like [Lingula anatina]
La|919042249             -            490 MBOAT                PF03062.21   348   6.7e-36  129.5   5.2   1   1     6e-39   1.6e-35  128.3   5.2     7   347   119   428   114   429 0.89 ref|XP_013404367.1| PREDICTED: membrane-bound O-acyltransferase domain-containing protein 2-like [Lingula anatina]
Ct|ELU00615.1            -            538 MBOAT                PF03062.21   348   1.1e-35  128.8  28.9   1   1   9.1e-39   2.4e-35  127.7  28.9    60   347   211   502   153   503 0.80 ELU00615.1 hypothetical protein CAPTEDRAFT_225564 [Capitella teleta]
Pc|957839020             -            492 MBOAT                PF03062.21   348   1.9e-35  128.0  19.6   1   1   1.4e-38   3.7e-35  127.1  19.6    49   347   188   476   183   477 0.83 ref|XP_014669763.1| PREDICTED: diacylglycerol O-acyltransferase 1-like [Priapulus caudatus]
Pd|XP_027036164.1        -            548 MBOAT                PF03062.21   348   2.9e-35  127.5  29.6   1   1     2e-38   5.3e-35  126.6  29.6    13   348   152   512   148   512 0.84 sterol O-acyltransferase 1-like [Pocillopora damicornis]
Dm|mdy                   -            615 MBOAT                PF03062.21   348   3.1e-35  127.3  17.8   1   1   1.7e-38   4.4e-35  126.9  17.8    10   346   265   595   239   597 0.87 NP_995724.1 NP_995724.1 midway, isoform D [Drosophila melanogaster]
Pa|g8215.t1              -            477 MBOAT                PF03062.21   348   4.2e-35  126.9   9.8   1   1   1.6e-38   4.2e-35  126.9   9.8    11   318   126   397   116   422 0.84 -
Sp|780180922             -            654 MBOAT                PF03062.21   348   4.4e-35  126.9  20.9   1   1   3.9e-38     1e-34  125.6  18.7     4   324   115   435   110   459 0.86 ref|XP_011661982.1| PREDICTED: lysophospholipid acyltransferase 5 [Strongylocentrotus purpuratus]
Of|1176066659            -            704 MBOAT                PF03062.21   348   8.2e-35  126.0  46.3   1   2   6.7e-21   1.8e-17   69.0  25.9    67   307   191   426    28   444 0.79 XP_020603569.1| protein-cysteine N-palmitoyltransferase HHAT-like [Orbicella faveolata]
Of|1176066659            -            704 MBOAT                PF03062.21   348   8.2e-35  126.0  46.3   2   2   8.7e-19   2.3e-15   62.0  12.4   147   307   461   613   455   656 0.89 XP_020603569.1| protein-cysteine N-palmitoyltransferase HHAT-like [Orbicella faveolata]
Of|1176108071            -            504 MBOAT                PF03062.21   348   8.2e-35  126.0  12.5   1   1   4.1e-38   1.1e-34  125.5  12.1    12   344   122   420    54   425 0.80 XP_020624962.1| membrane-bound O-acyltransferase domain-containing protein 2-like [Orbicella faveolata]
Pd|XP_027044351.1        -            502 MBOAT                PF03062.21   348   1.9e-34  124.7  13.1   1   1   7.9e-38   2.1e-34  124.6  12.3    15   345    74   417    62   420 0.79 lysophospholipid acyltransferase 1-like [Pocillopora damicornis]
a_aur|scaffold95.g29.t1  -            510 MBOAT                PF03062.21   348   2.7e-34  124.3  30.7   1   1   1.7e-37   4.4e-34  123.5  30.6     6   348   113   463   109   463 0.79 -
a_aur|scaffold546.g3.t1  -            331 MBOAT                PF03062.21   348   2.9e-34  124.2  20.4   1   1   1.2e-37   3.2e-34  124.0  20.4    52   347    32   307     1   308 0.89 -
Pc|957857592             -            539 MBOAT                PF03062.21   348   8.7e-34  122.6  34.8   1   1     5e-37   1.3e-33  122.0  34.8     2   306   220   530   219   537 0.88 ref|XP_014678012.1| PREDICTED: sterol O-acyltransferase 1-like isoform X1 [Priapulus caudatus]
Pd|XP_027038644.1        -            453 MBOAT                PF03062.21   348   9.7e-34  122.4  19.9   1   1   5.2e-37   1.4e-33  121.9  19.9    18   347   139   445   129   446 0.84 diacylglycerol O-acyltransferase 1-like [Pocillopora damicornis]
Xb|g14198.t1             -            483 MBOAT                PF03062.21   348   1.2e-33  122.1  22.9   1   1   5.9e-37   1.6e-33  121.7  22.9     8   347   145   463   141   464 0.89 -
Of|1176108089            -            525 MBOAT                PF03062.21   348   2.2e-33  121.3   7.6   1   1   1.6e-36   4.3e-33  120.3   7.6    42   319    83   392    25   414 0.78 XP_020624972.1| lysophospholipid acyltransferase 1-like isoform X1 [Orbicella faveolata]
Aq|XP_003391699.1        -            216 MBOAT                PF03062.21   348     4e-33  120.4  12.9   1   1   1.7e-36   4.5e-33  120.3  12.9   107   344     2   215     1   216 0.89 PREDICTED: diacylglycerol O-acyltransferase 1-like, partial [Amphimedon queenslandica]
Ci|699254906             -            487 MBOAT                PF03062.21   348   4.4e-33  120.3  28.3   1   1   2.3e-36   6.2e-33  119.8  28.3    37   347   176   475   158   476 0.85 ref|XP_009861549.1| PREDICTED: diacylglycerol O-acyltransferase 1 [Ciona intestinalis]
Ta|XP_002113366.1        -            421 MBOAT                PF03062.21   348   7.3e-33  119.5  18.5   1   2   5.8e-18   1.5e-14   59.3   0.1     2   169    81   217    80   218 0.96 hypothetical protein TRIADDRAFT_57452 [Trichoplax adhaerens]
Ta|XP_002113366.1        -            421 MBOAT                PF03062.21   348   7.3e-33  119.5  18.5   2   2   3.5e-20   9.2e-17   66.6  10.2   203   329   216   345   208   365 0.89 hypothetical protein TRIADDRAFT_57452 [Trichoplax adhaerens]
Ep|XP_020893071.1        -            546 MBOAT                PF03062.21   348   1.4e-32  118.6  43.2   1   1     1e-35   2.8e-32  117.6  39.6     3   348   147   510   145   510 0.76 sterol O-acyltransferase 1-like isoform X1 [Exaiptasia pallida]
Sp|779993224             -            519 MBOAT                PF03062.21   348     3e-32  117.5  20.1   1   1   1.1e-35     3e-32  117.5  20.1    90   306   308   496   295   506 0.90 ref|XP_788209.4| PREDICTED: sterol O-acyltransferase 1 [Strongylocentrotus purpuratus]
Hs|MBOAT7                -            472 MBOAT                PF03062.21   348   5.1e-32  116.8   4.5   1   1   2.6e-35   6.8e-32  116.4   4.2    41   306    97   377    63   422 0.82 gi|225703079|ref|NP_077274.3| gi|225703079|ref|NP_077274.3| lysophospholipid acyltransferase 7 isoform 1 [Homo sapiens]
m_vir|scaffold140.g27.t3 -            581 MBOAT                PF03062.21   348   6.4e-32  116.4  24.4   1   1   2.4e-35   6.4e-32  116.4  24.4    81   348   305   547   250   547 0.82 -
m_bre|MONBRDRAFT_20830T0 -            235 MBOAT                PF03062.21   348   7.2e-32  116.3  20.6   1   1     3e-35     8e-32  116.1  20.6   103   348     3   224     1   224 0.90 | MONBRDRAFT_20830 | Monosiga brevicollis MX1 None (235 aa)
c_hem|XLOC_001741        -            504 MBOAT                PF03062.21   348   7.5e-32  116.2  25.8   1   1   4.5e-35   1.2e-31  115.6  25.8   102   347   271   492   153   493 0.87 TCONS_00003142|m.4540 XLOC_001741 TCONS_00003142|m.4540 TCONS_00003142|g.4540 ORF TCONS_00003142|g.4540 TCONS_00003142|m.4540 type:complete len:504 (+) TCONS_00003142:4826-6337(+)
d_gig|g31600.t1          -            490 MBOAT                PF03062.21   348   8.3e-32  116.1  10.7   1   1   7.3e-35   1.9e-31  114.9  10.7     9   343   118   417    57   422 0.72 -
Nv|NVE3856               -            454 MBOAT                PF03062.21   348   8.3e-32  116.1  22.2   1   1   4.7e-35   1.2e-31  115.5  22.2    53   347   172   441   166   442 0.90 -
Ad|XP_015752124.1        -            489 MBOAT                PF03062.21   348   9.7e-32  115.9  21.4   1   1   3.7e-35   9.7e-32  115.9  21.4    91   305   297   484   286   488 0.85 XP_015752124.1 PREDICTED: sterol O-acyltransferase 1-like [Acropora digitifera]
c_hem|XLOC_018327        -            558 MBOAT                PF03062.21   348     1e-31  115.8  39.7   1   1   2.4e-34   6.2e-31  113.2  39.7    77   348   274   521   124   521 0.78 TCONS_00031813|m.43232 XLOC_018327 TCONS_00031813|m.43232 TCONS_00031813|g.43232 ORF TCONS_00031813|g.43232 TCONS_00031813|m.43232 type:complete len:558 (+) TCONS_00031813:174-1847(+)
m_lei|ML22083a           -            449 MBOAT                PF03062.21   348   1.3e-31  115.4  12.1   1   1   4.9e-35   1.3e-31  115.4  12.1     6   339   113   407   109   416 0.84 -
Pd|XP_027044412.1        -            519 MBOAT                PF03062.21   348   1.8e-31  115.0  10.0   1   1   2.3e-34     6e-31  113.3  10.0    67   314   111   387    52   414 0.76 lysophospholipid acyltransferase 2-like [Pocillopora damicornis]
Bf|XP_002612372.1        -            458 MBOAT                PF03062.21   348   2.3e-31  114.6  26.0   1   1   8.6e-35   2.3e-31  114.6  26.0    19   348   120   437   102   437 0.92 hypothetical protein BRAFLDRAFT_280106 [Branchiostoma floridae]
m_lei|ML274421a          -            311 MBOAT                PF03062.21   348     3e-31  114.3  13.2   1   1   1.1e-34     3e-31  114.3  13.2    82   318    19   245     5   277 0.79 -
Pd|XP_027044357.1        -            498 MBOAT                PF03062.21   348   3.5e-31  114.0  10.0   1   1   3.3e-34   8.8e-31  112.7   9.7    82   330   160   402    65   414 0.85 membrane-bound O-acyltransferase domain-containing protein 2-like [Pocillopora damicornis]
Nv|NVE24215              -            412 MBOAT                PF03062.21   348   3.7e-31  113.9   3.9   1   1   2.6e-34   6.9e-31  113.1   3.9    11   342    46   336    36   342 0.83 -
Aq|XP_003391724.2        -            277 MBOAT                PF03062.21   348   4.3e-31  113.7  17.2   1   1   2.1e-34   5.6e-31  113.3  17.2    50   315    30   266    23   275 0.89 PREDICTED: diacylglycerol O-acyltransferase 1-like, partial [Amphimedon queenslandica]
Sk|585655765             -            526 MBOAT                PF03062.21   348   5.5e-31  113.4  15.0   1   1   2.1e-34   5.5e-31  113.4  15.0     4   343   137   448   134   452 0.91 ref|XP_006815543.1| PREDICTED: lysophospholipid acyltransferase 2-like [Saccoglossus kowalevskii]
Cg|762157271             -            475 MBOAT                PF03062.21   348   5.6e-31  113.3   4.5   1   1   2.1e-34   5.6e-31  113.3   4.5     5   322   119   403   116   429 0.85 ref|XP_011416786.1| PREDICTED: membrane-bound O-acyltransferase domain-containing protein 2-like isoform X1 [Crassostrea gigas]
La|919084676             -            311 MBOAT                PF03062.21   348   5.9e-31  113.3  25.9   1   1   2.9e-34   7.7e-31  112.9  25.9    90   347    36   268    26   269 0.83 ref|XP_013379574.1| PREDICTED: sterol O-acyltransferase 1-like [Lingula anatina]
Ta|XP_002111247.1        -            411 MBOAT                PF03062.21   348   6.6e-31  113.1  37.8   1   1   2.5e-34   6.6e-31  113.1  37.8    17   347   101   395    82   396 0.73 hypothetical protein TRIADDRAFT_22890, partial [Trichoplax adhaerens]
Dm|CG8112                -            559 MBOAT                PF03062.21   348   7.6e-31  112.9  29.8   1   1     9e-34   2.4e-30  111.3  29.9    15   347   189   530   182   531 0.84 NP_731269.2 NP_731269.2 CG8112, isoform B [Drosophila melanogaster]
c_owc|CAOG_06024T0       -            608 MBOAT                PF03062.21   348   7.9e-31  112.9  25.2   1   1   4.6e-34   1.2e-30  112.2  25.2    99   347   376   597   356   598 0.90 | CAOG_06024 | Capsaspora owczarzaki ATCC 30864 acyl-CoA:1,2-diacylglycerol O-transferase (608 aa)
Of|1176064781            -            218 MBOAT                PF03062.21   348   8.4e-31  112.8   4.1   1   1   3.2e-34   8.4e-31  112.8   4.1   198   328     4   136     1   158 0.90 XP_020602580.1| lysophospholipid acyltransferase 5-like [Orbicella faveolata]
La|919083098             -            563 MBOAT                PF03062.21   348   8.4e-31  112.8  23.8   1   1   3.2e-34   8.4e-31  112.8  23.8    90   347   288   520   273   521 0.83 ref|XP_013378911.1| PREDICTED: sterol O-acyltransferase 1-like isoform X1 [Lingula anatina]
Aq|XP_019863510.1        -            170 MBOAT                PF03062.21   348   1.1e-30  112.4  14.3   1   1   4.5e-34   1.2e-30  112.3  14.3   175   348     7   162     1   162 0.85 PREDICTED: diacylglycerol O-acyltransferase 1-like [Amphimedon queenslandica]
Ep|XP_020900028.1        -            236 MBOAT                PF03062.21   348   1.3e-30  112.2  21.6   1   1   5.7e-34   1.5e-30  111.9  21.6   100   347     7   227     4   228 0.90 diacylglycerol O-acyltransferase 1-like [Exaiptasia pallida]
Nv|NVE12833              -            529 MBOAT                PF03062.21   348   1.4e-30  112.0  40.5   1   1   6.1e-34   1.6e-30  111.8  38.8     3   348   141   497   139   497 0.77 -
Nv|NVE25492              -            460 MBOAT                PF03062.21   348   1.4e-30  112.0  13.3   1   1   5.5e-34   1.4e-30  112.0  13.3    82   334   131   404   123   417 0.89 -
Xb|g12088.t1             -            515 MBOAT                PF03062.21   348   2.5e-30  111.2  30.6   1   1   9.4e-34   2.5e-30  111.2  30.6    91   348   248   474   128   474 0.77 -
Ac|524889699             -            544 MBOAT                PF03062.21   348   5.6e-30  110.1   3.2   1   1   2.1e-33   5.6e-30  110.1   3.2     6   338   121   421   116   435 0.80 ref|XP_005101404.1| PREDICTED: membrane-bound O-acyltransferase domain-containing protein 2-like [Aplysia californica]
Bf|XP_002599346.1        -            455 MBOAT                PF03062.21   348   7.6e-30  109.6  11.8   1   1   4.5e-33   1.2e-29  109.0  11.1    67   313   113   384    68   403 0.85 hypothetical protein BRAFLDRAFT_199715 [Branchiostoma floridae]
s_ros|PTSG_02810T0       -            573 MBOAT                PF03062.21   348     9e-30  109.4  17.2   1   1   6.2e-33   1.6e-29  108.5  17.2   102   348   329   550   305   550 0.86 | PTSG_02810 | Salpingoeca rosetta acyl-coenzyme A:diacylglycerol acyltransferase 1 (573 aa)
a_aur|scaffold20.g89.t1  -            500 MBOAT                PF03062.21   348   1.1e-29  109.1  17.8   1   1   4.2e-33   1.1e-29  109.1  17.8    68   346   194   452   128   454 0.75 -
d_gig|g4666.t1           -            523 MBOAT                PF03062.21   348   1.3e-29  108.9  14.0   1   1   4.9e-33   1.3e-29  108.9  14.0    83   327   215   443   188   462 0.87 -
Ep|XP_020902773.1        -            462 MBOAT                PF03062.21   348   2.6e-29  107.9   9.3   1   1   9.7e-33   2.6e-29  107.9   9.3    81   314   129   384   122   416 0.89 lysophospholipid acyltransferase 7-like [Exaiptasia pallida]
Ep|XP_020892065.1        -            374 MBOAT                PF03062.21   348   2.7e-29  107.8   6.4   1   1     1e-32   2.7e-29  107.8   6.4     6   302   114   369   110   374 0.89 membrane-bound O-acyltransferase domain-containing protein 2-like [Exaiptasia pallida]
Pd|XP_027047066.1        -            473 MBOAT                PF03062.21   348   2.9e-29  107.7  12.2   1   1   3.2e-32   8.5e-29  106.2  11.8    76   318   127   400    75   429 0.87 lysophospholipid acyltransferase 7-like [Pocillopora damicornis]
La|919033283             -            469 MBOAT                PF03062.21   348   5.7e-29  106.8  17.9   1   1   2.1e-32   5.7e-29  106.8  17.9     8   334   105   413   101   455 0.89 ref|XP_013400325.1| PREDICTED: lysophospholipid acyltransferase 7-like [Lingula anatina]
Hv|828224849             -            487 MBOAT                PF03062.21   348   7.2e-29  106.4  27.1   1   1   2.7e-32   7.2e-29  106.4  27.1    47   347   209   475   171   476 0.82 ref|XP_012563125.1| PREDICTED: diacylglycerol O-acyltransferase 1-like [Hydra vulgaris]
Of|1176064827            -            438 MBOAT                PF03062.21   348   1.2e-28  105.7  17.4   1   1   4.4e-32   1.2e-28  105.7  17.4   110   322   149   356   138   386 0.84 XP_020602607.1| lysophospholipid acyltransferase 5-like [Orbicella faveolata]
c_owc|CAOG_08208T0       -            584 MBOAT                PF03062.21   348   1.9e-28  105.0  38.1   1   1   1.1e-31   2.8e-28  104.5  38.1     9   347   219   555   209   556 0.82 | CAOG_08208 | Capsaspora owczarzaki ATCC 30864 cholesterol acyltransferase (584 aa)
Hs|MBOAT2                -            520 MBOAT                PF03062.21   348   2.8e-28  104.5  18.8   1   1   8.3e-31   2.2e-27  101.5  18.8    20   343    30   430    23   435 0.83 gi|40548387|ref|NP_620154.2| gi|40548387|ref|NP_620154.2| lysophospholipid acyltransferase 2 [Homo sapiens]
m_lei|ML200266a          -            413 MBOAT                PF03062.21   348   2.8e-28  104.5  14.9   1   1   1.1e-31   2.8e-28  104.5  14.9   133   310   167   335   155   375 0.86 -
sb|3464938|              -            427 MBOAT                PF03062.21   348   7.4e-28  103.1   6.7   1   1   2.8e-31   7.4e-28  103.1   6.7    89   318   134   354   130   383 0.86 -
Ad|XP_015766818.1        -            423 MBOAT                PF03062.21   348   7.5e-28  103.1  14.7   1   1   4.7e-31   1.3e-27  102.3  13.9    83   330    91   362    80   381 0.86 XP_015766818.1 PREDICTED: lysophospholipid acyltransferase 7-like, partial [Acropora digitifera]
d_gig|g7847.t1           -            414 MBOAT                PF03062.21   348     1e-27  102.7  17.2   1   1   3.8e-31     1e-27  102.7  17.2   122   347   204   404   195   405 0.89 -
Pc|957841824             -            502 MBOAT                PF03062.21   348   1.3e-27  102.3  10.0   1   1   8.5e-31   2.2e-27  101.5   9.7    67   331   139   432    95   454 0.78 ref|XP_014671242.1| PREDICTED: lysophospholipid acyltransferase 1-like isoform X1 [Priapulus caudatus]
m_lei|ML073011a          -            497 MBOAT                PF03062.21   348   1.3e-27  102.2  11.6   1   1   5.1e-31   1.3e-27  102.2  11.6     5   315   121   392   117   409 0.89 -
Ct|ELT92151.1            -            475 MBOAT                PF03062.21   348   1.6e-27  102.0  11.5   1   1   1.1e-30     3e-27  101.1  11.5    23   338   110   420    98   426 0.83 ELT92151.1 hypothetical protein CAPTEDRAFT_141205 [Capitella teleta]
Ct|ELU07319.1            -            417 MBOAT                PF03062.21   348   1.6e-27  101.9   9.2   1   1   6.2e-31   1.6e-27  101.9   9.2    83   315   140   370   116   382 0.88 ELU07319.1 hypothetical protein CAPTEDRAFT_24585, partial [Capitella teleta]
Pa|g387.t1               -            376 MBOAT                PF03062.21   348   1.7e-27  101.9  19.7   1   1     1e-30   2.6e-27  101.3  19.7   103   336    76   320    66   333 0.87 -
Sp|780097546             -            475 MBOAT                PF03062.21   348   2.1e-27  101.6  15.8   1   1   1.3e-30   3.4e-27  100.9  15.8    31   336    89   408    71   420 0.82 ref|XP_011674829.1| PREDICTED: lysophospholipid acyltransferase 7 [Strongylocentrotus purpuratus]
Hv|828192139             -            465 MBOAT                PF03062.21   348   2.7e-27  101.2  13.8   1   1     1e-30   2.7e-27  101.2  13.8    78   319   146   383    63   412 0.78 ref|XP_012559060.1| PREDICTED: lysophospholipid acyltransferase 2-like [Hydra vulgaris]
Bf|XP_002605788.1        -            674 MBOAT                PF03062.21   348     5e-27  100.4  17.0   1   1   1.9e-30     5e-27  100.4  17.0    79   329   201   433   130   452 0.74 hypothetical protein BRAFLDRAFT_121897 [Branchiostoma floridae]
Sk|291224625             -            462 MBOAT                PF03062.21   348   5.7e-27  100.2  15.5   1   1   2.1e-30   5.7e-27  100.2  15.5    85   316   145   387   137   414 0.86 ref|XP_002732306.1| PREDICTED: lysophospholipid acyltransferase 7-like [Saccoglossus kowalevskii]
Pa|g2568.t1              -            533 MBOAT                PF03062.21   348   9.5e-27   99.4  24.2   1   1   3.6e-30   9.5e-27   99.4  24.2     3   327   149   457   147   478 0.85 -
Nv|NVE2589               -            510 MBOAT                PF03062.21   348   1.1e-26   99.3  12.1   1   1   4.8e-30   1.3e-26   99.0  11.6    86   321   213   432   128   458 0.77 -
m_vir|scaffold297.g10.t1 -            474 MBOAT                PF03062.21   348   1.1e-26   99.3  16.9   1   1   4.1e-30   1.1e-26   99.3  16.9    75   340   131   412   106   419 0.88 -
Ce|mboa-2                -            496 MBOAT                PF03062.21   348   1.2e-26   99.2  22.6   1   1   6.5e-30   1.7e-26   98.6  22.6    14   347   150   476   141   477 0.85 NP_001256301.1 NP_001256301.1 MBOA-2, isoform a [Caenorhabditis elegans]
Bf|XP_002590246.1        -            420 MBOAT                PF03062.21   348   1.7e-26   98.6   9.0   1   1   6.3e-30   1.7e-26   98.6   9.0     5   317    94   377    64   403 0.85 hypothetical protein BRAFLDRAFT_254328, partial [Branchiostoma floridae]
Of|1176111322            -            466 MBOAT                PF03062.21   348   1.7e-26   98.6  18.2   1   1   3.7e-29   9.7e-26   96.1  17.9    76   332   126   407    76   423 0.85 XP_020626658.1| lysophospholipid acyltransferase 7-like [Orbicella faveolata]
c_owc|CAOG_07555T0       -            502 MBOAT                PF03062.21   348   2.1e-26   98.3  24.2   1   1   1.1e-29   2.8e-26   97.9  24.2    68   346   241   493   154   495 0.73 | CAOG_07555 | Capsaspora owczarzaki ATCC 30864 MBOAT family protein (502 aa)
Nv|NVE9413               -            457 MBOAT                PF03062.21   348   2.8e-26   97.9   4.7   1   1   1.1e-29   2.8e-26   97.9   4.7    79   312   124   347    90   351 0.88 -
Bf|XP_002602487.1        -            538 MBOAT                PF03062.21   348     4e-26   97.4  18.7   1   1   1.5e-29     4e-26   97.4  18.7    67   323   231   465   162   490 0.77 hypothetical protein BRAFLDRAFT_86872 [Branchiostoma floridae]
Ci|198427345             -            492 MBOAT                PF03062.21   348     4e-26   97.4  18.3   1   1   1.5e-29     4e-26   97.4  18.3    77   346   162   421   102   423 0.83 ref|XP_002120717.1| PREDICTED: membrane-bound O-acyltransferase domain-containing protein 2-like [Ciona intestinalis]
Ce|mboa-7                -            453 MBOAT                PF03062.21   348     9e-26   96.2  11.0   1   1   5.1e-29   1.3e-25   95.7  11.0    12   313    46   378    36   406 0.85 NP_509760.2 NP_509760.2 MBOA-7 [Caenorhabditis elegans]
Sk|585651537             -            501 MBOAT                PF03062.21   348   1.2e-25   95.8  30.6   1   1   1.4e-28   3.6e-25   94.2  30.6    15   307    70   410    64   447 0.87 ref|XP_006814763.1| PREDICTED: protein-cysteine N-palmitoyltransferase HHAT-like [Saccoglossus kowalevskii]
Pc|957825451             -            476 MBOAT                PF03062.21   348   1.3e-25   95.7  15.4   1   1     7e-29   1.8e-25   95.2  15.4    67   343   107   414     7   420 0.82 ref|XP_014662504.1| PREDICTED: lysophospholipid acyltransferase 7-like [Priapulus caudatus]
Cg|762092790             -            538 MBOAT                PF03062.21   348   1.3e-25   95.7  14.9   1   1   4.9e-29   1.3e-25   95.7  14.9     2   344   129   477   127   481 0.86 ref|XP_011428832.1| PREDICTED: protein-cysteine N-palmitoyltransferase HHAT-like [Crassostrea gigas]
Ce|mboa-3                -            480 MBOAT                PF03062.21   348   2.2e-25   95.0  14.5   1   1   8.1e-29   2.2e-25   95.0  14.5     2   326   116   402   114   428 0.82 NP_508937.1 NP_508937.1 MBOA-3 [Caenorhabditis elegans]
Cg|762075621             -            470 MBOAT                PF03062.21   348   2.3e-25   94.9  17.0   1   1   1.4e-28   3.6e-25   94.2  17.0    80   344   141   414    68   418 0.82 ref|XP_011443224.1| PREDICTED: lysophospholipid acyltransferase 7-like [Crassostrea gigas]
m_lei|ML23332a           -            399 MBOAT                PF03062.21   348   3.5e-25   94.3   7.6   1   1   2.6e-28   6.8e-25   93.3   7.6    85   316   152   370   118   375 0.80 -
c_hem|XLOC_000066        -            507 MBOAT                PF03062.21   348     6e-25   93.5  13.8   1   1   2.3e-28     6e-25   93.5  13.8    85   342   182   430   104   443 0.80 TCONS_00000120|m.442 XLOC_000066 TCONS_00000120|m.442 TCONS_00000120|g.442 ORF TCONS_00000120|g.442 TCONS_00000120|m.442 type:5prime_partial len:507 (+) TCONS_00000120:2-1522(+)
Hs|MBOAT1                -            495 MBOAT                PF03062.21   348   7.4e-25   93.2  25.8   1   1   1.1e-26     3e-23   87.9  25.8     4   342   126   433    33   439 0.83 gi|122937404|ref|NP_001073949.1| gi|122937404|ref|NP_001073949.1| lysophospholipid acyltransferase 1 [Homo sapiens]
Ce|mboa-4                -            540 MBOAT                PF03062.21   348   8.6e-25   93.0  12.4   1   1   3.3e-28   8.6e-25   93.0  12.4    78   323   167   427    73   447 0.90 NP_001255545.1 NP_001255545.1 MBOA-4, isoform a [Caenorhabditis elegans]
Ac|524887156             -            474 MBOAT                PF03062.21   348   1.3e-24   92.4  12.7   1   1   4.9e-28   1.3e-24   92.4  12.7    88   345   160   429   112   432 0.80 ref|XP_005100167.1| PREDICTED: lysophospholipid acyltransferase 7-like [Aplysia californica]
Ac|871274616             -            462 MBOAT                PF03062.21   348   1.4e-24   92.3   9.4   1   1   5.2e-28   1.4e-24   92.3   9.4    82   325   109   350    66   372 0.80 ref|XP_005112316.2| PREDICTED: lysophospholipid acyltransferase 1-like [Aplysia californica]
Aq|XP_011406119.2        -            450 MBOAT                PF03062.21   348   2.2e-24   91.7   2.3   1   1   8.2e-28   2.2e-24   91.7   2.3    83   321   158   386   107   411 0.78 PREDICTED: lysophospholipid acyltransferase 1-like [Amphimedon queenslandica]
m_vir|scaffold14.g18.t1  -            341 MBOAT                PF03062.21   348   2.2e-24   91.6  14.0   1   1     1e-27   2.8e-24   91.3  14.0    56   300    12   242     2   289 0.83 -
Pa|g4766.t1              -            526 MBOAT                PF03062.21   348   2.4e-24   91.5  19.6   1   1   9.1e-28   2.4e-24   91.5  19.6    83   324   224   455   148   475 0.78 -
m_vir|scaffold77.g45.t1  -            192 MBOAT                PF03062.21   348   3.6e-24   91.0   9.4   1   1   1.3e-27   3.6e-24   91.0   9.4   209   338     1   132     1   142 0.93 -
Nv|NVE12253              -            542 MBOAT                PF03062.21   348   9.2e-24   89.6  14.8   1   1   3.5e-27   9.2e-24   89.6  14.8    90   318   249   461   160   490 0.84 -
Sp|115727543             -            513 MBOAT                PF03062.21   348     1e-23   89.5  18.3   1   1   8.4e-27   2.2e-23   88.4  15.8    77   323   153   402    67   422 0.79 ref|XP_792401.2| PREDICTED: lysophospholipid acyltransferase 2 [Strongylocentrotus purpuratus]
a_aur|scaffold471.g3.t1  -            478 MBOAT                PF03062.21   348   1.2e-23   89.2  16.2   1   1   4.6e-27   1.2e-23   89.2  16.2    89   317   155   397   151   415 0.88 -
Ct|ELU12899.1            -            541 MBOAT                PF03062.21   348   2.8e-23   88.0  19.0   1   1   2.2e-26   5.9e-23   87.0  19.0    92   345   244   481   161   484 0.84 ELU12899.1 hypothetical protein CAPTEDRAFT_198699 [Capitella teleta]
Pc|957818985             -            531 MBOAT                PF03062.21   348   1.2e-22   86.0  26.4   1   1   4.9e-26   1.3e-22   85.8  25.2    15   307   142   408    42   448 0.82 ref|XP_014672511.1| PREDICTED: protein-cysteine N-palmitoyltransferase HHAT-like isoform X1 [Priapulus caudatus]
Ep|XP_020901928.1        -            510 MBOAT                PF03062.21   348   1.7e-22   85.5  20.2   1   1   6.4e-26   1.7e-22   85.5  20.2    56   314   189   425   137   458 0.77 protein-cysteine N-palmitoyltransferase HHAT-like [Exaiptasia pallida]
Ep|XP_020911238.1        -            326 MBOAT                PF03062.21   348   1.7e-22   85.4   9.3   1   1   6.5e-26   1.7e-22   85.4   9.3     3   246   111   322   109   325 0.92 lysophospholipid acyltransferase 5-like [Exaiptasia pallida]
c_hem|XLOC_043815        -            473 MBOAT                PF03062.21   348   2.2e-22   85.1  15.5   1   1   1.6e-25   4.2e-22   84.2  15.0    80   315   172   394    91   427 0.78 TCONS_00070345|m.86719 XLOC_043815 TCONS_00070345|m.86719 TCONS_00070345|g.86719 ORF TCONS_00070345|g.86719 TCONS_00070345|m.86719 type:complete len:473 (-) TCONS_00070345:89-1507(-)
Aq|XP_019856605.1        -            454 MBOAT                PF03062.21   348   2.3e-22   85.1   6.4   1   1   8.5e-26   2.3e-22   85.1   6.4    54   300   100   369    77   374 0.78 PREDICTED: lysophospholipid acyltransferase 2-like isoform X1 [Amphimedon queenslandica]
Ci|198414579             -            530 MBOAT                PF03062.21   348   3.6e-22   84.4  17.0   1   1   1.4e-25   3.6e-22   84.4  17.0    67   324   198   451   153   475 0.77 ref|XP_002130477.1| PREDICTED: protein-cysteine N-palmitoyltransferase HHAT-like [Ciona intestinalis]
d_gig|g29438.t1          -            493 MBOAT                PF03062.21   348   4.6e-22   84.0  14.3   1   1   3.3e-25   8.8e-22   83.1  13.9    18   305    76   388    40   419 0.71 -
La|919008338             -            531 MBOAT                PF03062.21   348   5.6e-22   83.8  24.6   1   1   2.1e-25   5.6e-22   83.8  24.6    54   347   176   475   126   476 0.75 ref|XP_013388933.1| PREDICTED: protein-cysteine N-palmitoyltransferase HHAT-like [Lingula anatina]
Aq|XP_011406458.2        -            203 MBOAT                PF03062.21   348   5.7e-22   83.7  17.5   1   1   2.2e-25   5.7e-22   83.7  17.5   187   345     2   161     1   164 0.95 PREDICTED: lysophospholipid acyltransferase 5-like [Amphimedon queenslandica]
Ad|XP_015756222.1        -            173 MBOAT                PF03062.21   348   5.8e-22   83.7   2.2   1   1   2.5e-25   6.6e-22   83.5   2.2    95   240     2   147     1   151 0.96 XP_015756222.1 PREDICTED: lysophospholipid acyltransferase 5-like [Acropora digitifera]
Aq|XP_019855423.1        -            449 MBOAT                PF03062.21   348   9.4e-22   83.0   4.6   1   1   3.5e-25   9.4e-22   83.0   4.6    85   300   158   364   110   389 0.86 PREDICTED: lysophospholipid acyltransferase 2-like [Amphimedon queenslandica]
Ad|XP_015761964.1        -            488 MBOAT                PF03062.21   348   1.8e-21   82.1  27.0   1   1   6.7e-25   1.8e-21   82.1  27.0    67   323   161   413    93   443 0.78 XP_015761964.1 PREDICTED: protein-cysteine N-palmitoyltransferase HHAT-like [Acropora digitifera]
sb|3471926|              -            175 MBOAT                PF03062.21   348   2.5e-21   81.6   2.8   1   1   1.4e-24   3.7e-21   81.1   2.8   219   335    10   121     1   132 0.84 -
La|919069897             -            531 MBOAT                PF03062.21   348   2.7e-21   81.5  25.1   1   1     1e-24   2.7e-21   81.5  25.1     8   347   132   475   126   476 0.77 ref|XP_013416439.1| PREDICTED: protein-cysteine N-palmitoyltransferase HHAT-like [Lingula anatina]
Of|1176079327            -            308 MBOAT                PF03062.21   348   3.1e-21   81.3  13.6   1   1   1.6e-24   4.3e-21   80.8  13.6   166   312   180   307   131   308 0.88 XP_020609735.1| diacylglycerol O-acyltransferase 1-like [Orbicella faveolata]
c_hem|XLOC_045285        -            459 MBOAT                PF03062.21   348   5.9e-21   80.4  16.5   1   1   2.2e-24   5.9e-21   80.4  16.5    24   321   160   429   115   451 0.72 TCONS_00073011|m.90433 XLOC_045285 TCONS_00073011|m.90433 TCONS_00073011|g.90433 ORF TCONS_00073011|g.90433 TCONS_00073011|m.90433 type:complete len:459 (+) TCONS_00073011:212-1588(+)
Aq|XP_003385381.2        -            466 MBOAT                PF03062.21   348   7.4e-21   80.1  12.7   1   1   2.8e-24   7.4e-21   80.1  12.7    84   316   164   394    73   416 0.69 PREDICTED: lysophospholipid acyltransferase 2-like [Amphimedon queenslandica]
c_hem|XLOC_009843        -            329 MBOAT                PF03062.21   348   7.8e-21   80.0   5.2   1   1   2.9e-24   7.8e-21   80.0   5.2     1   230   121   320   121   327 0.88 TCONS_00017614|m.25099 XLOC_009843 TCONS_00017614|m.25099 TCONS_00017614|g.25099 ORF TCONS_00017614|g.25099 TCONS_00017614|m.25099 type:3prime_partial len:330 (+) TCONS_00017614:69-1055(+)
c_hem|XLOC_014032        -            462 MBOAT                PF03062.21   348   1.1e-20   79.5  18.8   1   1   4.3e-24   1.1e-20   79.5  18.8    88   335   153   405    83   419 0.88 TCONS_00024967|m.34952 XLOC_014032 TCONS_00024967|m.34952 TCONS_00024967|g.34952 ORF TCONS_00024967|g.34952 TCONS_00024967|m.34952 type:5prime_partial len:462 (+) TCONS_00024967:3-1388(+)
Bf|XP_002612949.1        -            398 MBOAT                PF03062.21   348   3.1e-20   78.0  11.5   1   1   1.2e-23   3.1e-20   78.0  11.5    51   318    72   335    51   340 0.84 hypothetical protein BRAFLDRAFT_213251, partial [Branchiostoma floridae]
Pd|XP_027060381.1        -            519 MBOAT                PF03062.21   348   8.9e-20   76.5  21.9   1   1   3.4e-23   8.9e-20   76.5  21.9    82   334   219   453   141   468 0.84 protein-cysteine N-palmitoyltransferase HHAT-like [Pocillopora damicornis]
d_gig|g17071.t1          -            458 MBOAT                PF03062.21   348   1.7e-19   75.6  20.9   1   1   6.3e-23   1.7e-19   75.6  20.9    68   345   123   408    76   410 0.81 -
Ce|mboa-1                -            467 MBOAT                PF03062.21   348   1.8e-19   75.5  29.2   1   1     7e-23   1.8e-19   75.5  29.2    94   347   208   434   166   435 0.82 NP_510623.1 NP_510623.1 MBOA-1 [Caenorhabditis elegans]
Ac|524888584             -            560 MBOAT                PF03062.21   348   3.6e-19   74.5  17.5   1   1   1.4e-22   3.6e-19   74.5  17.5    79   300   252   458   128   507 0.81 ref|XP_005100861.1| PREDICTED: protein-cysteine N-palmitoyltransferase HHAT-like [Aplysia californica]
Bf|XP_002597259.1        -            458 MBOAT                PF03062.21   348   6.8e-19   73.6   1.8   1   1   2.6e-22   6.8e-19   73.6   1.8    86   296   138   352    88   374 0.85 hypothetical protein BRAFLDRAFT_203459 [Branchiostoma floridae]
Aq|XP_003387071.1        -            460 MBOAT                PF03062.21   348   1.1e-18   72.9   9.9   1   1   4.1e-22   1.1e-18   72.9   9.9    88   303   162   357   156   376 0.83 PREDICTED: protein-serine O-palmitoleoyltransferase porcupine-like isoform X1 [Amphimedon queenslandica]
p_nak|g42444.t1          -            348 MBOAT                PF03062.21   348   1.5e-18   72.5  10.9   1   2   7.6e-07     0.002   22.7   1.6     6   121    61   145    56   156 0.88 g42444.t1
p_nak|g42444.t1          -            348 MBOAT                PF03062.21   348   1.5e-18   72.5  10.9   2   2   2.8e-16   7.3e-13   53.8   2.3   217   305   198   285   162   295 0.85 g42444.t1
Ep|XP_020892064.1        -            546 MBOAT                PF03062.21   348   1.6e-18   72.4  10.9   1   1   4.2e-21   1.1e-17   69.6  10.9    71   345   152   466    75   469 0.76 lysophospholipid acyltransferase 1-like [Exaiptasia pallida]
Aq|XP_011408514.2        -            169 MBOAT                PF03062.21   348     2e-18   72.1   4.0   1   1     9e-22   2.4e-18   71.8   4.0    80   230     7   157     2   165 0.89 PREDICTED: lysophospholipid acyltransferase 5-like, partial [Amphimedon queenslandica]
Ci|198419067             -            440 MBOAT                PF03062.21   348   2.7e-18   71.7  18.6   1   1     1e-21   2.7e-18   71.7  18.6    67   312    99   362    49   397 0.81 ref|XP_002131718.1| PREDICTED: lysophospholipid acyltransferase 7 [Ciona intestinalis]
Hv|828222646             -            173 MBOAT                PF03062.21   348   4.5e-18   70.9   0.1   1   1   1.9e-21   4.9e-18   70.8   0.1    89   254     3   172     1   173 0.88 ref|XP_012562375.1| PREDICTED: membrane-bound O-acyltransferase domain-containing protein 2-like [Hydra vulgaris]
Hs|PORCN                 -            545 MBOAT                PF03062.21   348   8.1e-18   70.1  15.2   1   1   6.2e-21   1.6e-17   69.1  15.2     5   302   147   441   144   455 0.71 gi|530421517|ref|XP_005272694.1| gi|530421517|ref|XP_005272694.1| PREDICTED: protein-cysteine N-palmitoyltransferase porcupine isoform X5 [Homo sapiens]
sb|3479484|              -            368 MBOAT                PF03062.21   348   1.9e-17   68.9  17.5   1   1     7e-21   1.9e-17   68.9  17.5    86   344    77   321    70   327 0.79 -
Aq|XP_003388609.1        -            452 MBOAT                PF03062.21   348   2.1e-17   68.7   5.8   1   1     8e-21   2.1e-17   68.7   5.8    85   300   161   367   113   392 0.85 PREDICTED: membrane-bound O-acyltransferase domain-containing protein 2-like [Amphimedon queenslandica]
Sp|780019668             -            549 MBOAT                PF03062.21   348   2.3e-17   68.6  26.5   1   1   8.7e-21   2.3e-17   68.6  26.5    81   347   236   486   208   487 0.90 ref|XP_011664939.1| PREDICTED: protein-cysteine N-palmitoyltransferase HHAT [Strongylocentrotus purpuratus]
Sp|780073264             -            549 MBOAT                PF03062.21   348   2.3e-17   68.6  26.5   1   1   8.7e-21   2.3e-17   68.6  26.5    81   347   236   486   208   487 0.90 ref|XP_011671837.1| PREDICTED: protein-cysteine N-palmitoyltransferase HHAT [Strongylocentrotus purpuratus]
Ad|XP_015773379.1        -            756 MBOAT                PF03062.21   348   4.3e-17   67.7  10.3   1   1   1.6e-20   4.3e-17   67.7  10.3   233   347   637   747   633   748 0.84 XP_015773379.1 PREDICTED: uncharacterized protein LOC107351603 [Acropora digitifera]
Ci|198431810             -            482 MBOAT                PF03062.21   348   1.5e-16   66.0  13.7   1   1   5.5e-20   1.5e-16   66.0  13.7    87   314   166   404    67   438 0.81 ref|XP_002124700.1| PREDICTED: lysophospholipid acyltransferase 7-like [Ciona intestinalis]
Hv|828213386             -            490 MBOAT                PF03062.21   348     2e-16   65.5  27.2   1   1   1.1e-19   2.9e-16   64.9  26.8    33   340   136   427   105   435 0.75 ref|XP_012559282.1| PREDICTED: protein-cysteine N-palmitoyltransferase HHAT-like [Hydra vulgaris]
Aq|XP_011403520.2        -            512 MBOAT                PF03062.21   348   3.7e-16   64.6  30.8   1   1   3.3e-19   8.6e-16   63.4  30.8    15   345   142   473   128   478 0.73 PREDICTED: sterol O-acyltransferase 1-like [Amphimedon queenslandica]
p_nak|g15419.t1          -            467 MBOAT                PF03062.21   348   1.3e-15   62.8  15.2   1   1   7.9e-19   2.1e-15   62.1  15.2    19   314   102   389    88   421 0.74 g15419.t1
Nv|NVE18569              -            190 MBOAT                PF03062.21   348   1.3e-15   62.8   6.4   1   1   7.1e-18   1.9e-14   59.0   6.4     2   195    29   188    28   190 0.90 -
d_gig|g22672.t1          -            368 MBOAT                PF03062.21   348   1.7e-15   62.5   5.3   1   1   1.3e-18   3.4e-15   61.4   5.3    75   303    63   270    12   285 0.83 -
Sp|780182405             -            516 MBOAT                PF03062.21   348   1.8e-15   62.4  16.3   1   1     2e-18   5.2e-15   60.8  16.1     2   296   134   407   133   433 0.73 ref|XP_783248.4| PREDICTED: protein-cysteine N-palmitoyltransferase porcupine [Strongylocentrotus purpuratus]
Ep|XP_020901731.1        -            211 MBOAT                PF03062.21   348   4.8e-15   61.0   6.3   1   1   1.8e-18   4.8e-15   61.0   6.3   203   323     9   126     1   146 0.86 membrane-bound O-acyltransferase domain-containing protein 2-like [Exaiptasia pallida]
Pd|XP_027057992.1        -            470 MBOAT                PF03062.21   348   5.8e-15   60.7   7.8   1   1   2.2e-18   5.8e-15   60.7   7.8    88   293   175   359   169   375 0.73 protein-serine O-palmitoleoyltransferase porcupine-like [Pocillopora damicornis]
Of|1176109642            -            470 MBOAT                PF03062.21   348   9.9e-15   59.9  14.2   1   1   3.7e-18   9.9e-15   59.9  14.2    67   295   144   361    62   382 0.75 XP_020625780.1| protein-serine O-palmitoleoyltransferase porcupine-like isoform X1 [Orbicella faveolata]
Ta|XP_002109772.1        -            448 MBOAT                PF03062.21   348     1e-14   59.9  20.9   1   1   6.8e-18   1.8e-14   59.1  20.2    68   319   125   376    69   394 0.75 hypothetical protein TRIADDRAFT_21100 [Trichoplax adhaerens]
Aq|XP_019851229.1        -            493 MBOAT                PF03062.21   348   1.3e-14   59.5  21.2   1   1   7.7e-18     2e-14   58.9  21.2    84   336   184   433   137   470 0.78 PREDICTED: sterol O-acyltransferase 1-like [Amphimedon queenslandica]
Aq|XP_019858770.1        -            180 MBOAT                PF03062.21   348   3.4e-14   58.1   2.9   1   1   1.6e-17   4.1e-14   57.9   2.9   186   323    18   144     4   168 0.77 PREDICTED: lysophospholipid acyltransferase 2-like, partial [Amphimedon queenslandica]
Sk|585706372             -            488 MBOAT                PF03062.21   348   3.7e-14   58.0  14.0   1   1   4.3e-17   1.1e-13   56.4  13.9    32   336   104   397    60   408 0.77 ref|XP_006823803.1| PREDICTED: membrane-bound O-acyltransferase domain-containing protein 2-like [Saccoglossus kowalevskii]
m_vir|scaffold53.g21.t1  -            390 MBOAT                PF03062.21   348   5.3e-14   57.5   2.5   1   1   7.1e-12   1.9e-08   39.3   0.1   230   311   221   298   214   315 0.83 -
a_aur|scaffold47.g31.t1  -            161 MBOAT                PF03062.21   348   5.8e-14   57.4   7.8   1   1   3.1e-17   8.1e-14   56.9   7.8   245   347     5   104     1   105 0.90 -
Nv|NVE24754              -            368 MBOAT                PF03062.21   348   9.6e-14   56.7   8.9   1   1   3.6e-17   9.6e-14   56.7   8.9    85   293   169   356   164   366 0.73 -
Aq|XP_019851230.1        -            454 MBOAT                PF03062.21   348     1e-13   56.6  21.7   1   1   3.8e-17     1e-13   56.6  21.7    68   345   147   422   128   425 0.82 PREDICTED: sterol O-acyltransferase 1-like isoform X1 [Amphimedon queenslandica]
Bf|XP_002603568.1        -            141 MBOAT                PF03062.21   348   1.1e-13   56.5  12.0   1   1   5.1e-17   1.4e-13   56.2  12.0   179   304    11   128     4   140 0.83 hypothetical protein BRAFLDRAFT_220044, partial [Branchiostoma floridae]
Hv|828198208             -            495 MBOAT                PF03062.21   348   1.3e-13   56.3  33.6   1   1   2.9e-16   7.8e-13   53.7  33.6    13   331   126   433   115   449 0.84 ref|XP_012554158.1| PREDICTED: protein-cysteine N-palmitoyltransferase HHAT-like [Hydra vulgaris]
Sk|269784963             -            469 MBOAT                PF03062.21   348   3.1e-13   55.0  14.0   1   1   2.9e-16   7.7e-13   53.7  13.1    82   293   171   359    88   385 0.77 ref|NP_001161633.1| porcupine-like protein [Saccoglossus kowalevskii]
Ci|198428542             -            551 MBOAT                PF03062.21   348   8.4e-13   53.6  11.5   1   1   4.6e-16   1.2e-12   53.1  10.2    72   307   205   455   114   502 0.77 ref|XP_002122183.1| PREDICTED: protein-cysteine N-palmitoyltransferase porcupine [Ciona intestinalis]
Ct|ELU15960.1            -            384 MBOAT                PF03062.21   348   5.5e-12   50.9  21.3   1   1   3.7e-15   9.7e-12   50.1  21.3    29   304    25   285     2   305 0.74 ELU15960.1 hypothetical protein CAPTEDRAFT_152577 [Capitella teleta]
Sp|780188359             -            466 MBOAT                PF03062.21   348   6.8e-12   50.6  21.4   1   1   4.2e-15   1.1e-11   49.9  21.4    10   302    78   356    69   375 0.73 ref|XP_784908.3| PREDICTED: protein-cysteine N-palmitoyltransferase HHAT [Strongylocentrotus purpuratus]
a_aur|scaffold59.g6.t1   -            548 MBOAT                PF03062.21   348   8.4e-12   50.3   5.1   1   1   3.2e-15   8.4e-12   50.3   5.1    83   315   173   435   128   449 0.85 -
Xb|g10255.t1             -            511 MBOAT                PF03062.21   348   9.1e-12   50.2  16.2   1   1   3.6e-15   9.6e-12   50.1  12.8    85   293   212   401    75   424 0.70 -
Cg|762158919             -            482 MBOAT                PF03062.21   348   9.2e-12   50.2   9.6   1   1   1.9e-14     5e-11   47.7   9.3    86   309   191   389   119   399 0.77 ref|XP_011417657.1| PREDICTED: protein-cysteine N-palmitoyltransferase porcupine-like [Crassostrea gigas]
Ac|871272665             -            500 MBOAT                PF03062.21   348     1e-11   50.0  11.4   1   1     4e-15   1.1e-11   50.0   8.3    87   285   214   387   209   393 0.81 ref|XP_012945401.1| PREDICTED: protein-serine O-palmitoleoyltransferase porcupine-like [Aplysia californica]
Xb|g10255.t2             -            518 MBOAT                PF03062.21   348   1.2e-11   49.7  13.1   1   1   4.7e-15   1.2e-11   49.7  13.1    85   293   212   401    74   424 0.70 -
Pc|957845584             -            428 MBOAT                PF03062.21   348   3.8e-11   48.1  14.3   1   1   8.3e-12   2.2e-08   39.1   1.1   232   291   283   338   268   358 0.86 ref|XP_014673226.1| PREDICTED: protein-serine O-palmitoleoyltransferase porcupine-like [Priapulus caudatus]
Ad|XP_015757320.1        -            502 MBOAT                PF03062.21   348   1.1e-10   46.6   0.8   1   1   4.2e-14   1.1e-10   46.6   0.8    82   218   216   359   157   385 0.79 XP_015757320.1 PREDICTED: lysophospholipid acyltransferase 2-like [Acropora digitifera]
Ce|mom-1                 -            442 MBOAT                PF03062.21   348   2.6e-10   45.4  22.8   1   1   9.9e-14   2.6e-10   45.4  22.8    18   300    41   336    25   354 0.67 NP_509054.1 NP_509054.1 MOM-1 [Caenorhabditis elegans]
Hs|HHATL                 -            527 MBOAT                PF03062.21   348   5.1e-10   44.4  11.2   1   1   7.8e-13   2.1e-09   42.4  11.2    77   313   213   431    76   473 0.73 gi|767923914|ref|XP_011532271.1| gi|767923914|ref|XP_011532271.1| PREDICTED: protein-cysteine N-palmitoyltransferase HHAT-like protein isoform X2 [Homo sapiens]
Ce|hhat-1                -            519 MBOAT                PF03062.21   348     1e-09   43.4  22.0   1   1   1.5e-12   3.9e-09   41.5  21.5    97   337   224   445   141   457 0.74 NP_001022489.1 NP_001022489.1 HHAT-1 [Caenorhabditis elegans]
Hs|MBOAT4                -            435 MBOAT                PF03062.21   348   2.1e-09   42.4  17.6   1   1   1.4e-12   3.8e-09   41.6  15.4    55   322   128   374    74   396 0.76 gi|767951100|ref|XP_011542911.1| gi|767951100|ref|XP_011542911.1| PREDICTED: ghrelin O-acyltransferase isoform X1 [Homo sapiens]
Ad|XP_015757322.1        -            245 MBOAT                PF03062.21   348   2.6e-09   42.1   1.3   1   1   1.2e-11   3.2e-08   38.5   1.3    86   233    17   211    10   219 0.81 XP_015757322.1 PREDICTED: membrane-bound O-acyltransferase domain-containing protein 2-like [Acropora digitifera]
Ad|XP_015750458.1        -            169 MBOAT                PF03062.21   348     3e-09   41.9   0.3   1   1   1.3e-12   3.5e-09   41.7   0.3    84   195    33   148     6   160 0.86 XP_015750458.1 PREDICTED: membrane-bound O-acyltransferase domain-containing protein 2-like [Acropora digitifera]
Ep|XP_020911773.1        -            226 MBOAT                PF03062.21   348   3.2e-09   41.8   1.6   1   1   1.2e-12   3.2e-09   41.8   1.6   224   298    46   115     3   142 0.75 protein-serine O-palmitoleoyltransferase porcupine-like, partial [Exaiptasia pallida]
Pa|g9008.t1              -            571 MBOAT                PF03062.21   348   3.5e-09   41.7  18.8   1   1   2.6e-12   6.9e-09   40.7  18.8    84   298   275   467   173   487 0.66 -
Aq|XP_011407242.1        -            201 MBOAT                PF03062.21   348   3.6e-09   41.6   1.6   1   1   1.3e-12   3.6e-09   41.6   1.6     8   129   104   193    97   201 0.88 PREDICTED: lysophospholipid acyltransferase 5-like [Amphimedon queenslandica]
Of|1176064825            -            279 MBOAT                PF03062.21   348   6.4e-09   40.8   3.9   1   1   7.1e-12   1.9e-08   39.3   3.9     4   196   113   271   109   277 0.91 XP_020602606.1| lysophospholipid acyltransferase 5-like [Orbicella faveolata]
Bf|XP_002596611.1        -            483 MBOAT                PF03062.21   348   8.3e-09   40.4  19.1   1   1   4.1e-09   1.1e-05   30.2   1.7   254   342   334   422   333   427 0.82 hypothetical protein BRAFLDRAFT_78493 [Branchiostoma floridae]
Of|1176108055            -            137 MBOAT                PF03062.21   348   9.9e-09   40.2   0.0   1   1   6.6e-09   1.8e-05   29.5   0.0    82   125    31    74     8    90 0.88 XP_020624953.1| lysophospholipid acyltransferase 2-like, partial [Orbicella faveolata]
La|919074248             -            499 MBOAT                PF03062.21   348     1e-08   40.2  18.9   1   1   3.8e-12     1e-08   40.2  18.9    70   297   188   394   117   415 0.70 ref|XP_013418310.1| PREDICTED: protein-serine O-palmitoleoyltransferase porcupine-like [Lingula anatina]
Ta|XP_002113097.1        -            351 MBOAT                PF03062.21   348   1.2e-08   39.9   6.3   1   1   4.5e-12   1.2e-08   39.9   6.3   160   290   203   323   182   337 0.78 hypothetical protein TRIADDRAFT_56916 [Trichoplax adhaerens]
Ep|XP_020892032.1        -            217 MBOAT                PF03062.21   348   2.7e-08   38.8   1.3   1   1   1.4e-11   3.8e-08   38.3   1.3    46   122    93   200    56   211 0.75 membrane-bound O-acyltransferase domain-containing protein 2-like isoform X1 [Exaiptasia pallida]
Hv|828224713             -            511 MBOAT                PF03062.21   348   8.5e-08   37.1  27.0   1   1   4.1e-11   1.1e-07   36.8  21.9    80   331   177   436   104   456 0.75 ref|XP_012563063.1| PREDICTED: protein-serine O-palmitoleoyltransferase porcupine-like, partial [Hydra vulgaris]
m_lei|ML270515a          -            831 MBOAT                PF03062.21   348   1.6e-07   36.2  14.3   1   1   1.5e-09     4e-06   31.6  14.3    87   291   159   331    37   349 0.77 -
Ce|hhat-2                -            524 MBOAT                PF03062.21   348   7.6e-07   34.0  19.6   1   1   1.3e-09   3.3e-06   31.9  19.6    94   306   215   414    97   431 0.72 NP_001255840.1 NP_001255840.1 HHAT-2, isoform a [Caenorhabditis elegans]
Aq|XP_019861234.1        -            193 MBOAT                PF03062.21   348   2.3e-06   32.4   3.6   1   1   1.2e-09   3.2e-06   31.9   3.6   110   236    26   149    23   154 0.80 PREDICTED: lysophospholipid acyltransferase 5-like, partial [Amphimedon queenslandica]
p_nak|g4008.t1           -            334 MBOAT                PF03062.21   348   2.4e-06   32.4   6.8   1   1   2.5e-09   6.5e-06   30.9   6.7     6   225    55   260    50   276 0.74 g4008.t1
c_hem|XLOC_034387        -            177 MBOAT                PF03062.21   348     1e-05   30.2   9.8   1   1   5.1e-09   1.3e-05   29.9   9.1   235   313     6    80     2   119 0.81 TCONS_00054541|m.66607 XLOC_034387 TCONS_00054541|m.66607 TCONS_00054541|g.66607 ORF TCONS_00054541|g.66607 TCONS_00054541|m.66607 type:complete len:177 (+) TCONS_00054541:425-955(+)
Hv|828225983             -            259 MBOAT                PF03062.21   348     2e-05   29.3   8.1   1   1     1e-08   2.8e-05   28.9   7.4   235   331    90   184    25   204 0.82 ref|XP_012563484.1| PREDICTED: protein-serine O-palmitoleoyltransferase porcupine-like [Hydra vulgaris]
Sk|585662004             -            103 MBOAT                PF03062.21   348   5.5e-05   27.9  10.2   1   1   2.5e-08   6.6e-05   27.6  10.2   274   348     1    71     1    71 0.88 ref|XP_006816671.1| PREDICTED: sterol O-acyltransferase 1-like [Saccoglossus kowalevskii]
p_nak|g7364.t1           -            561 MBOAT                PF03062.21   348   0.00013   26.7  13.8   1   1   1.2e-07   0.00031   25.4  13.8    81   215   386   510   276   560 0.68 g7364.t1
Ep|XP_020892037.1        -            175 MBOAT                PF03062.21   348   0.00024   25.8   0.9   1   1     9e-08   0.00024   25.8   0.9   251   312     1    54     1    85 0.83 membrane-bound O-acyltransferase domain-containing protein 2-like, partial [Exaiptasia pallida]
#
# Program:         hmmsearch
# Version:         3.3 (Nov 2019)
# Pipeline mode:   SEARCH
# Query file:      my_data/MBOAT.hmm
# Target file:     my_data/oma_db
# Option settings: hmmsearch --domtblout my_data/hmm_search/MBOAT_domtbl.out --cut_ga my_data/MBOAT.hmm my_data/oma_db 
# Current dir:     /home
# Date:            Mon Aug  2 10:39:39 2021
# [ok]
