#                                                                                --- full sequence --- -------------- this domain -------------   hmm coord   ali coord   env coord
# target name            accession   tlen query name           accession   qlen   E-value  score  bias   #  of  c-Evalue  i-Evalue  score  bias  from    to  from    to  from    to  acc description of target
#    ------------------- ---------- ----- -------------------- ---------- ----- --------- ------ ----- --- --- --------- --------- ------ ----- ----- ----- ----- ----- ----- ----- ---- ---------------------
Aq|XP_003387386.1        -            372 PAE                  PF03283.14   356  3.8e-121  409.7   0.6   1   1  7.4e-125  4.8e-121  409.4   0.6     5   354    20   356    17   358 0.97 PREDICTED: pectin acetylesterase 5-like [Amphimedon queenslandica]
Aq|XP_011404609.2        -            380 PAE                  PF03283.14   356  8.1e-115  388.9   2.6   1   1  1.5e-118    1e-114  388.6   2.6     5   354    27   364    24   366 0.97 PREDICTED: pectin acetylesterase 8-like [Amphimedon queenslandica]
Aq|XP_011405404.1        -            375 PAE                  PF03283.14   356  1.6e-109  371.5   0.9   1   1  2.9e-113  1.9e-109  371.2   0.9     8   354    21   359    15   361 0.95 PREDICTED: pectin acetylesterase 5-like [Amphimedon queenslandica]
Aq|XP_019854868.1        -            378 PAE                  PF03283.14   356  5.3e-109  369.8   3.3   1   1    1e-112  6.5e-109  369.5   3.3     9   354    23   358    16   360 0.96 PREDICTED: pectin acetylesterase 5-like [Amphimedon queenslandica]
Sk|585674523             -            416 PAE                  PF03283.14   356  4.3e-108  366.8   0.5   1   1  8.4e-112  5.4e-108  366.4   0.5    12   355    47   379    37   380 0.95 ref|XP_006818624.1| PREDICTED: protein notum homolog [Saccoglossus kowalevskii]
Aq|XP_019854835.1        -            372 PAE                  PF03283.14   356  1.9e-105  358.1   0.6   1   1    4e-109  2.6e-105  357.6   0.6     5   353    19   354    16   356 0.97 PREDICTED: pectin acetylesterase 5-like [Amphimedon queenslandica]
Nv|NVE2913               -            463 PAE                  PF03283.14   356  5.3e-105  356.6   0.0   1   1  2.2e-108  1.4e-104  355.2   0.0     5   354    58   443    54   445 0.95 -
Of|1176115448            -            480 PAE                  PF03283.14   356  1.1e-104  355.5   0.0   1   1  4.2e-108  2.7e-104  354.3   0.0     6   355    77   461    72   462 0.94 XP_020628849.1| pectin acetylesterase 5-like [Orbicella faveolata]
Pd|XP_027041420.1        -            450 PAE                  PF03283.14   356  1.7e-104  355.0   0.6   1   1  3.5e-108  2.3e-104  354.5   0.6     8   351    92   429    85   433 0.94 pectin acetylesterase 7-like [Pocillopora damicornis]
Ep|XP_020899744.1        -            478 PAE                  PF03283.14   356  3.3e-104  354.0   0.0   1   1  8.9e-108  5.8e-104  353.2   0.0     6   354    80   457    75   459 0.91 pectin acetylesterase 11-like [Exaiptasia pallida]
Pd|XP_027060544.1        -            479 PAE                  PF03283.14   356  2.7e-103  351.0   0.0   1   1  5.8e-107  3.8e-103  350.5   0.0     6   354    76   459    71   461 0.95 pectin acetylesterase 11-like [Pocillopora damicornis]
Ad|XP_015773425.1        -            478 PAE                  PF03283.14   356  3.6e-102  347.3   0.0   1   1  1.1e-105  7.2e-102  346.3   0.0     6   354    73   458    68   460 0.92 XP_015773425.1 PREDICTED: pectin acetylesterase 11-like [Acropora digitifera]
Ep|XP_020893796.1        -            756 PAE                  PF03283.14   356  4.4e-102  347.0   0.5   1   1    1e-105  6.6e-102  346.4   0.5    14   353   391   721   382   724 0.96 palmitoleoyl-protein carboxylesterase NOTUM-like [Exaiptasia pallida]
Sk|291232985             -            451 PAE                  PF03283.14   356  6.5e-102  346.5   0.2   1   1  1.3e-105  8.4e-102  346.1   0.2    16   355    84   412    70   413 0.95 ref|XP_002736437.1| PREDICTED: uncharacterized protein LOC100372731 [Saccoglossus kowalevskii]
Of|1176059872            -            900 PAE                  PF03283.14   356  3.6e-101  344.0   1.2   1   1  1.3e-104  8.3e-101  342.8   1.2     4   352   522   865   519   869 0.95 XP_020619324.1| uncharacterized protein LOC110057078 [Orbicella faveolata]
m_vir|scaffold247.g15.t1 -           2245 PAE                  PF03283.14   356  5.3e-101  343.4   0.1   1   1  2.2e-104  1.5e-100  342.0   0.1    12   353  1863  2197  1854  2200 0.93 -
Bf|XP_002592010.1        -            543 PAE                  PF03283.14   356  6.8e-101  343.1   0.0   1   2   2.4e-08   0.00016   26.1   0.0    16    38   105   127    96   133 0.89 hypothetical protein BRAFLDRAFT_79599 [Branchiostoma floridae]
Bf|XP_002592010.1        -            543 PAE                  PF03283.14   356  6.8e-101  343.1   0.0   2   2   3.8e-96   2.5e-92  314.9   0.0    35   353   195   502   185   505 0.95 hypothetical protein BRAFLDRAFT_79599 [Branchiostoma floridae]
d_gig|g8803.t1           -           2242 PAE                  PF03283.14   356  1.6e-100  341.8   0.7   1   2   5.4e-91   3.5e-87  298.0   0.0     6   266    49   311    44   320 0.95 -
d_gig|g8803.t1           -           2242 PAE                  PF03283.14   356  1.6e-100  341.8   0.7   2   2   3.8e-13   2.5e-09   41.9   0.1   269   353   544   625   536   628 0.93 -
Pd|XP_027036622.1        -            908 PAE                  PF03283.14   356   2.6e-99  337.9   1.4   1   1  1.1e-102   7.3e-99  336.4   1.4    12   352   539   873   529   877 0.95 uncharacterized protein LOC113665163 [Pocillopora damicornis]
Nv|NVE541                -            678 PAE                  PF03283.14   356   9.5e-99  336.0   0.1   1   1  2.4e-102   1.6e-98  335.3   0.1    14   352   307   636   298   639 0.96 -
Ad|XP_015754935.1        -            848 PAE                  PF03283.14   356   3.3e-98  334.3   0.3   1   1  7.8e-102     5e-98  333.7   0.3    12   354   480   817   471   819 0.95 XP_015754935.1 PREDICTED: uncharacterized protein LOC107334513 [Acropora digitifera]
a_aur|scaffold81.g70.t1  -            883 PAE                  PF03283.14   356   3.7e-96  327.5   0.1   1   2   5.3e-85   3.4e-81  278.3   0.0     9   269   129   392   124   443 0.88 -
a_aur|scaffold81.g70.t1  -            883 PAE                  PF03283.14   356   3.7e-96  327.5   0.1   2   2   1.6e-14     1e-10   46.4   0.5   277   354   792   866   773   868 0.92 -
a_aur|scaffold182.g31.t1 -           2961 PAE                  PF03283.14   356   4.1e-96  327.4   0.0   1   1   1.4e-99     9e-96  326.2   0.0     7   354  2575  2915  2570  2917 0.93 -
c_hem|XLOC_013173        -            919 PAE                  PF03283.14   356   1.1e-94  322.7   0.3   1   2   1.5e-87   9.9e-84  286.6   0.0     8   268   225   490   218   606 0.87 TCONS_00023421|m.32696 XLOC_013173 TCONS_00023421|m.32696 TCONS_00023421|g.32696 ORF TCONS_00023421|g.32696 TCONS_00023421|m.32696 type:5prime_partial len:919 (+) TCONS_00023421:3-2759(+)
c_hem|XLOC_013173        -            919 PAE                  PF03283.14   356   1.1e-94  322.7   0.3   2   2     1e-10   6.8e-07   33.9   0.1   199   353   742   898   729   901 0.74 TCONS_00023421|m.32696 XLOC_013173 TCONS_00023421|m.32696 TCONS_00023421|g.32696 ORF TCONS_00023421|g.32696 TCONS_00023421|m.32696 type:5prime_partial len:919 (+) TCONS_00023421:3-2759(+)
m_vir|scaffold359.g9.t1  -            849 PAE                  PF03283.14   356   1.4e-94  322.3   0.0   1   2   1.2e-85   7.6e-82  280.4   0.0     6   274    89   361    84   396 0.93 -
m_vir|scaffold359.g9.t1  -            849 PAE                  PF03283.14   356   1.4e-94  322.3   0.0   2   2   2.1e-12   1.4e-08   39.4   0.0   278   353   759   831   740   834 0.93 -
Sp|780014582             -           1235 PAE                  PF03283.14   356   4.9e-93  317.2   2.6   1   3   3.1e-57     2e-53  186.9   0.1    14   197   115   300   107   334 0.88 ref|XP_011664240.1| PREDICTED: uncharacterized protein LOC589682 [Strongylocentrotus purpuratus]
Sp|780014582             -           1235 PAE                  PF03283.14   356   4.9e-93  317.2   2.6   2   3   1.5e-24   9.5e-21   79.5   0.0   156   353   445   627   442   629 0.89 ref|XP_011664240.1| PREDICTED: uncharacterized protein LOC589682 [Strongylocentrotus purpuratus]
Sp|780014582             -           1235 PAE                  PF03283.14   356   4.9e-93  317.2   2.6   3   3   3.9e-15   2.5e-11   48.5   0.1   213   353   867   982   843   984 0.91 ref|XP_011664240.1| PREDICTED: uncharacterized protein LOC589682 [Strongylocentrotus purpuratus]
Pa|g17936.t1             -            445 PAE                  PF03283.14   356   6.1e-89  303.8   1.5   1   1   1.2e-92   7.5e-89  303.5   1.5    17   354    97   426    80   428 0.91 -
m_bre|MONBRDRAFT_25774T0 -            370 PAE                  PF03283.14   356   9.9e-88  299.8   0.0   1   1   1.8e-91   1.2e-87  299.6   0.0     3   353    13   352    11   355 0.94 | MONBRDRAFT_25774 | Monosiga brevicollis MX1 None (370 aa)
s_ros|PTSG_00161T0       -            460 PAE                  PF03283.14   356   1.1e-87  299.6   9.9   1   2   2.8e-34   1.8e-30  111.4   1.7     6   105    40   140    35   146 0.95 | PTSG_00161 | Salpingoeca rosetta hypothetical protein (460 aa)
s_ros|PTSG_00161T0       -            460 PAE                  PF03283.14   356   1.1e-87  299.6   9.9   2   2   4.7e-59     3e-55  192.9   1.4   104   350   165   427   163   432 0.87 | PTSG_00161 | Salpingoeca rosetta hypothetical protein (460 aa)
La|919070121             -            456 PAE                  PF03283.14   356   5.6e-87  297.3   0.1   1   1   1.1e-90   7.1e-87  297.0   0.1    17   354   108   436    93   438 0.92 ref|XP_013416558.1| PREDICTED: pectin acetylesterase 5-like isoform X1 [Lingula anatina]
Hs|NOTUM                 -            496 PAE                  PF03283.14   356   7.6e-87  296.9   0.0   1   1   1.6e-90     1e-86  296.5   0.0     3   354    83   417    81   419 0.96 gi|767997324|ref|XP_011521839.1| gi|767997324|ref|XP_011521839.1| PREDICTED: protein notum homolog isoform X1 [Homo sapiens]
Ac|524912589             -            420 PAE                  PF03283.14   356   1.6e-83  285.9   0.0   1   1   3.2e-87   2.1e-83  285.6   0.0    17   352    71   397    55   401 0.93 ref|XP_005111140.1| PREDICTED: pectin acetylesterase 5-like [Aplysia californica]
s_ros|PTSG_08223T0       -            400 PAE                  PF03283.14   356   1.1e-81  279.9   0.7   1   1   2.1e-85   1.4e-81  279.6   0.7    10   352    23   369    19   373 0.91 | PTSG_08223 | Salpingoeca rosetta hypothetical protein (400 aa)
Bf|XP_002603262.1        -            543 PAE                  PF03283.14   356   3.1e-81  278.4   5.0   1   3   1.2e-38   7.7e-35  125.8   1.4     4   112   149   259   146   261 0.91 hypothetical protein BRAFLDRAFT_126966 [Branchiostoma floridae]
Bf|XP_002603262.1        -            543 PAE                  PF03283.14   356   3.1e-81  278.4   5.0   2   3   2.3e-26   1.5e-22   85.4   1.3    38   112   261   335   258   336 0.97 hypothetical protein BRAFLDRAFT_126966 [Branchiostoma floridae]
Bf|XP_002603262.1        -            543 PAE                  PF03283.14   356   3.1e-81  278.4   5.0   3   3   2.7e-21   1.7e-17   68.7   0.0   156   329   335   492   333   502 0.86 hypothetical protein BRAFLDRAFT_126966 [Branchiostoma floridae]
Bf|XP_002612628.1        -            473 PAE                  PF03283.14   356   1.7e-79  272.7   0.0   1   1   3.3e-83   2.2e-79  272.4   0.0    16   354   127   453   114   455 0.94 hypothetical protein BRAFLDRAFT_78744 [Branchiostoma floridae]
Bf|XP_002599183.1        -            487 PAE                  PF03283.14   356     1e-78  270.1   0.0   1   1   3.3e-82   2.1e-78  269.1   0.0     9   349    86   408    81   412 0.93 hypothetical protein BRAFLDRAFT_275198 [Branchiostoma floridae]
Aq|XP_011408782.2        -            288 PAE                  PF03283.14   356   2.8e-78  268.7   2.5   1   1   5.3e-82   3.5e-78  268.4   2.5    81   354     5   268     2   270 0.97 PREDICTED: pectin acetylesterase 5-like [Amphimedon queenslandica]
Cg|762095104             -            439 PAE                  PF03283.14   356   7.7e-78  267.3   0.6   1   1   1.5e-81   9.9e-78  266.9   0.6    17   353    89   416    72   419 0.91 ref|XP_011430050.1| PREDICTED: pectin acetylesterase 5-like [Crassostrea gigas]
Sk|269784925             -            508 PAE                  PF03283.14   356   1.5e-77  266.3   0.1   1   1   7.1e-81   4.6e-77  264.7   0.1     8   352    67   391    63   395 0.92 ref|NP_001161614.1| notum protein precursor [Saccoglossus kowalevskii]
Sp|115620532             -            566 PAE                  PF03283.14   356     6e-77  264.3   0.0   1   1   1.3e-80   8.4e-77  263.9   0.0    17   350   139   465   129   470 0.91 ref|XP_001180113.1| PREDICTED: pectin acetylesterase 5 [Strongylocentrotus purpuratus]
a_aur|scaffold493.g5.t1  -            509 PAE                  PF03283.14   356   5.1e-76  261.3   5.5   1   2   2.7e-29   1.8e-25   95.0   3.1    20   116    63   163    49   165 0.87 -
a_aur|scaffold493.g5.t1  -            509 PAE                  PF03283.14   356   5.1e-76  261.3   5.5   2   2   6.3e-51   4.1e-47  166.2   0.0    50   353   165   470   163   473 0.82 -
m_bre|MONBRDRAFT_38375T0 -            602 PAE                  PF03283.14   356   1.3e-75  260.0   1.2   1   1   2.7e-79   1.7e-75  259.5   1.2     3   332    24   347    22   373 0.91 | MONBRDRAFT_38375 | Monosiga brevicollis MX1 None (602 aa)
Pa|g11818.t1             -            566 PAE                  PF03283.14   356     2e-74  256.0   2.3   1   1   6.3e-78   4.1e-74  255.0   2.3    22   351    65   382    55   386 0.90 -
Pd|XP_027051607.1        -            438 PAE                  PF03283.14   356   5.6e-74  254.5   0.2   1   1   1.2e-77   7.8e-74  254.1   0.2    14   352    56   392    47   396 0.86 palmitoleoyl-protein carboxylesterase notum1a-like isoform X1 [Pocillopora damicornis]
Pd|XP_027041268.1        -            334 PAE                  PF03283.14   356   1.1e-73  253.7   0.0   1   1   2.1e-77   1.4e-73  253.3   0.0     5   223   109   331   106   334 0.95 pectin acetylesterase 4-like, partial [Pocillopora damicornis]
Nv|NVE7485               -            472 PAE                  PF03283.14   356   1.6e-73  253.1   0.0   1   1   3.5e-77   2.3e-73  252.6   0.0     8   352    53   386    48   389 0.92 -
Aq|XP_019857269.1        -            252 PAE                  PF03283.14   356   2.4e-73  252.5   0.4   1   1   4.8e-77   3.1e-73  252.1   0.4     6   226    19   239    15   250 0.95 PREDICTED: pectin acetylesterase 4-like [Amphimedon queenslandica]
Cg|762161189             -            583 PAE                  PF03283.14   356   5.6e-73  251.3   0.1   1   1   1.5e-76   9.8e-73  250.5   0.1    15   349    71   398    63   404 0.92 ref|XP_011418813.1| PREDICTED: protein notum homolog [Crassostrea gigas]
m_vir|scaffold286.g18.t1 -            501 PAE                  PF03283.14   356   8.6e-73  250.7   0.1   1   1   1.8e-76   1.2e-72  250.2   0.1     5   352    50   395    46   398 0.85 -
Bf|XP_002603261.1        -            366 PAE                  PF03283.14   356   2.4e-72  249.2   0.0   1   1   5.7e-76   3.7e-72  248.6   0.0    15   268   107   362    92   364 0.89 hypothetical protein BRAFLDRAFT_93327, partial [Branchiostoma floridae]
La|919081898             -            559 PAE                  PF03283.14   356   6.1e-72  247.9   0.7   1   1   2.1e-75   1.3e-71  246.7   0.7    13   349    71   391    65   397 0.92 ref|XP_013422006.1| PREDICTED: palmitoleoyl-protein carboxylesterase notum1-like isoform X1 [Lingula anatina]
Of|1176098841            -            434 PAE                  PF03283.14   356   1.5e-71  246.6   0.0   1   1   2.8e-75   1.8e-71  246.3   0.0     7   352    50   380    44   384 0.88 XP_020620093.1| palmitoleoyl-protein carboxylesterase notum1a-like [Orbicella faveolata]
m_bre|MONBRDRAFT_30195T0 -           1124 PAE                  PF03283.14   356   1.6e-71  246.4   0.6   1   1     4e-75   2.6e-71  245.8   0.6    19   350    30   357    22   361 0.92 | MONBRDRAFT_30195 | Monosiga brevicollis MX1 None (1124 aa)
Ct|ELT91091.1            -            462 PAE                  PF03283.14   356   3.6e-71  245.3   0.1   1   1   1.2e-74   7.9e-71  244.2   0.1     7   354    46   375    42   377 0.91 ELT91091.1 hypothetical protein CAPTEDRAFT_135953 [Capitella teleta]
m_bre|MONBRDRAFT_30786T0 -           1069 PAE                  PF03283.14   356   5.1e-71  244.8   5.5   1   1   5.9e-74   3.8e-70  242.0   5.5     5   350   687  1035   683  1038 0.89 | MONBRDRAFT_30786 | Monosiga brevicollis MX1 None (1069 aa)
d_gig|g110.t1            -            467 PAE                  PF03283.14   356   1.2e-70  243.6   0.6   1   1   2.4e-74   1.5e-70  243.2   0.6     7   351    54   390    48   394 0.85 -
Ep|XP_020912206.1        -            457 PAE                  PF03283.14   356   1.2e-70  243.6   0.4   1   1   2.7e-74   1.7e-70  243.1   0.4     8   351    50   378    44   382 0.88 palmitoleoyl-protein carboxylesterase notum1a-like [Exaiptasia pallida]
c_hem|XLOC_017925        -            452 PAE                  PF03283.14   356   5.7e-67  231.5   0.7   1   1   2.1e-70   1.4e-66  230.2   0.6    10   350    45   370    36   375 0.89 TCONS_00031148|m.42376 XLOC_017925 TCONS_00031148|m.42376 TCONS_00031148|g.42376 ORF TCONS_00031148|g.42376 TCONS_00031148|m.42376 type:complete len:452 (+) TCONS_00031148:285-1640(+)
m_bre|MONBRDRAFT_33119T0 -            420 PAE                  PF03283.14   356     8e-67  231.0   0.2   1   1   1.9e-70   1.2e-66  230.4   0.2    10   349    45   386    38   391 0.85 | MONBRDRAFT_33119 | Monosiga brevicollis MX1 None (420 aa)
c_hem|XLOC_044658        -            499 PAE                  PF03283.14   356   2.6e-64  222.7   0.0   1   1   6.1e-68     4e-64  222.2   0.0     9   351    48   389    41   393 0.86 TCONS_00071925|m.89195 XLOC_044658 TCONS_00071925|m.89195 TCONS_00071925|g.89195 ORF TCONS_00071925|g.89195 TCONS_00071925|m.89195 type:complete len:499 (+) TCONS_00071925:323-1819(+)
Hv|828225342             -            446 PAE                  PF03283.14   356   2.7e-64  222.7   3.7   1   1   5.4e-68   3.5e-64  222.3   3.7    13   353    43   370    30   373 0.86 ref|XP_002160336.3| PREDICTED: palmitoleoyl-protein carboxylesterase notum1a-like [Hydra vulgaris]
Dm|Notum                 -            671 PAE                  PF03283.14   356   7.6e-63  217.9   0.0   1   1   5.6e-66   3.6e-62  215.7   0.0    19   351    95   411    87   416 0.89 NP_730096.2 NP_730096.2 notum [Drosophila melanogaster]
Hv|828208111             -            782 PAE                  PF03283.14   356   1.1e-62  217.5  10.8   1   2   3.4e-37   2.2e-33  121.0   3.8     6   109   470   575   465   576 0.90 ref|XP_012557539.1| PREDICTED: uncharacterized protein LOC105844922 [Hydra vulgaris]
Hv|828208111             -            782 PAE                  PF03283.14   356   1.1e-62  217.5  10.8   2   2   3.7e-31   2.4e-27  101.2   0.7   184   355   576   735   575   736 0.93 ref|XP_012557539.1| PREDICTED: uncharacterized protein LOC105844922 [Hydra vulgaris]
m_bre|MONBRDRAFT_01630T0 -            325 PAE                  PF03283.14   356   2.2e-62  216.4   5.6   1   1   2.4e-65   1.5e-61  213.6   5.6    21   353     1   323     1   325 0.86 | MONBRDRAFT_01630 | Monosiga brevicollis MX1 None (325 aa)
Ep|XP_020906385.1        -            478 PAE                  PF03283.14   356   1.3e-60  210.6   0.0   1   1   3.2e-64   2.1e-60  209.9   0.0     9   351    65   402    57   406 0.91 carboxylesterase notum2-like [Exaiptasia pallida]
m_vir|scaffold96.g23.t1  -            473 PAE                  PF03283.14   356   9.2e-60  207.8   0.0   1   1     2e-63   1.3e-59  207.3   0.0    10   351    45   386    37   390 0.88 -
d_gig|g12741.t1          -            433 PAE                  PF03283.14   356   3.6e-59  205.8   0.0   1   1     7e-63   4.6e-59  205.5   0.0     9   354    48   392    40   394 0.87 -
Pd|XP_027054066.1        -            488 PAE                  PF03283.14   356   5.3e-59  205.3   0.0   1   1   1.1e-62     7e-59  204.9   0.0     6   352    67   408    62   411 0.88 palmitoleoyl-protein carboxylesterase notum2-like isoform X1 [Pocillopora damicornis]
a_aur|scaffold105.g21.t1 -            511 PAE                  PF03283.14   356   6.7e-59  205.0   0.3   1   1   1.4e-62   9.1e-59  204.5   0.3     6   352    70   417    65   421 0.86 -
m_bre|MONBRDRAFT_02156T0 -            265 PAE                  PF03283.14   356     3e-58  202.8   0.0   1   1   5.6e-62   3.6e-58  202.6   0.0    20   261     2   246     1   256 0.87 | MONBRDRAFT_02156 | Monosiga brevicollis MX1 None (265 aa)
Xb|g3677.t1              -            536 PAE                  PF03283.14   356   2.9e-56  196.3   0.0   1   1   3.3e-59   2.1e-55  193.5   0.0    52   351   108   395    57   399 0.88 -
Bf|XP_002590393.1        -            427 PAE                  PF03283.14   356     6e-55  192.0   0.0   1   1   3.3e-51   2.1e-47  167.1   0.0   114   354   167   396   165   398 0.92 hypothetical protein BRAFLDRAFT_76667 [Branchiostoma floridae]
Ep|XP_020906172.1        -            300 PAE                  PF03283.14   356   1.8e-54  190.4   0.1   1   1   3.3e-58   2.2e-54  190.1   0.1    11   242    62   299    54   300 0.91 pectin acetylesterase 5-like, partial [Exaiptasia pallida]
s_ros|PTSG_10843T0       -            327 PAE                  PF03283.14   356   1.9e-52  183.7   0.0   1   1   3.7e-56   2.4e-52  183.4   0.0     5   254    36   291    32   296 0.91 | PTSG_10843 | Salpingoeca rosetta hypothetical protein (327 aa)
Ad|XP_015779438.1        -            225 PAE                  PF03283.14   356   2.7e-48  170.1   0.0   1   1   5.6e-52   3.6e-48  169.7   0.0     6   141    73   211    68   219 0.92 XP_015779438.1 PREDICTED: pectin acetylesterase 5-like [Acropora digitifera]
Pd|XP_027046156.1        -           1131 PAE                  PF03283.14   356   5.1e-48  169.2   0.9   1   1   1.8e-51   1.2e-47  168.0   0.9    16   324    31   334    19   348 0.87 uncharacterized protein LOC113673890 [Pocillopora damicornis]
m_vir|scaffold64.g63.t1  -            423 PAE                  PF03283.14   356   6.1e-48  168.9   0.0   1   1   1.2e-51   8.1e-48  168.5   0.0     8   263    77   336    72   357 0.86 -
Bf|XP_002612627.1        -            417 PAE                  PF03283.14   356   2.6e-47  166.8   0.0   1   2   2.3e-33   1.5e-29  108.4   0.0     8   111    95   204    88   205 0.87 hypothetical protein BRAFLDRAFT_122153 [Branchiostoma floridae]
Bf|XP_002612627.1        -            417 PAE                  PF03283.14   356   2.6e-47  166.8   0.0   2   2   6.6e-18   4.3e-14   57.6   0.0   156   354   205   393   203   395 0.88 hypothetical protein BRAFLDRAFT_122153 [Branchiostoma floridae]
m_vir|scaffold277.g4.t1  -           1379 PAE                  PF03283.14   356   1.9e-46  164.0   2.3   1   1     6e-50   3.9e-46  163.0   2.3     6   333    23   344    19   359 0.88 -
c_hem|XLOC_042173        -            247 PAE                  PF03283.14   356   3.4e-45  159.9   0.2   1   1   6.2e-49     4e-45  159.6   0.2   145   353     2   198     1   201 0.93 TCONS_00067531|m.82736 XLOC_042173 TCONS_00067531|m.82736 TCONS_00067531|g.82736 ORF TCONS_00067531|g.82736 TCONS_00067531|m.82736 type:complete len:247 (+) TCONS_00067531:538-1278(+)
c_hem|XLOC_003519        -           2117 PAE                  PF03283.14   356     8e-45  158.7   0.7   1   1   2.8e-48   1.8e-44  157.5   0.7    11   334     8   327     1   348 0.78 TCONS_00006172|m.8708 XLOC_003519 TCONS_00006172|m.8708 TCONS_00006172|g.8708 ORF TCONS_00006172|g.8708 TCONS_00006172|m.8708 type:5prime_partial len:2117 (+) TCONS_00006172:3-6353(+)
m_bre|MONBRDRAFT_11917T0 -            838 PAE                  PF03283.14   356   1.8e-44  157.5   0.0   1   1   5.2e-48   3.4e-44  156.6   0.0     9   330   445   779   439   801 0.83 | MONBRDRAFT_11917 | Monosiga brevicollis MX1 None (838 aa)
Of|1176123894            -            369 PAE                  PF03283.14   356   6.4e-44  155.7   0.5   1   1   1.4e-47   8.8e-44  155.2   0.5    16   332    34   352    20   360 0.81 XP_020600734.1| palmitoleoyl-protein carboxylesterase notum2-like [Orbicella faveolata]
a_aur|scaffold109.g50.t1 -            844 PAE                  PF03283.14   356   7.3e-44  155.5   2.8   1   1   7.7e-47     5e-43  152.7   2.8    13   331    33   343    22   394 0.84 -
Pd|XP_027046191.1        -           1509 PAE                  PF03283.14   356   1.3e-43  154.7   0.3   1   1   3.8e-47   2.5e-43  153.8   0.3    16   333    34   356    19   402 0.84 uncharacterized protein LOC113673922 [Pocillopora damicornis]
Ct|ELT96642.1            -            395 PAE                  PF03283.14   356     6e-43  152.5   0.0   1   1   9.5e-44   6.2e-40  142.6   0.0    22   213    44   240    30   265 0.88 ELT96642.1 hypothetical protein CAPTEDRAFT_219523 [Capitella teleta]
Of|1176059555            -           1152 PAE                  PF03283.14   356     8e-43  152.1   1.3   1   1   2.1e-46   1.4e-42  151.3   1.3    15   326    30   339    21   358 0.83 XP_020617629.1| uncharacterized protein LOC110055572 isoform X2 [Orbicella faveolata]
Pd|XP_027046128.1        -           1528 PAE                  PF03283.14   356   1.1e-42  151.7   4.6   1   1   1.7e-46   1.1e-42  151.7   4.6    19   334    32   350    21   358 0.82 uncharacterized protein LOC113673872 [Pocillopora damicornis]
Nv|NVE1464               -            288 PAE                  PF03283.14   356   2.3e-42  150.5   0.0   1   1   4.4e-46   2.9e-42  150.3   0.0    12   200    68   255    58   269 0.90 -
Aq|XP_011406129.2        -           1639 PAE                  PF03283.14   356   1.1e-39  141.8   0.3   1   2   1.4e-11     9e-08   36.8   0.0    15    65    65   113    56   129 0.89 PREDICTED: uncharacterized protein LOC100634950 [Amphimedon queenslandica]
Aq|XP_011406129.2        -           1639 PAE                  PF03283.14   356   1.1e-39  141.8   0.3   2   2   2.4e-31   1.6e-27  101.8   0.1    78   335   172   426   154   480 0.83 PREDICTED: uncharacterized protein LOC100634950 [Amphimedon queenslandica]
p_nak|g35612.t1          -            460 PAE                  PF03283.14   356   1.6e-37  134.7   1.0   1   1   3.6e-41   2.3e-37  134.1   0.8    13   260    57   315    50   358 0.81 g35612.t1
Aq|XP_019863993.1        -            134 PAE                  PF03283.14   356   1.5e-36  131.5   0.1   1   1   2.6e-40   1.7e-36  131.3   0.1   120   235    15   133     7   134 0.95 PREDICTED: pectin acetylesterase 5-like [Amphimedon queenslandica]
m_lei|ML085718a          -            660 PAE                  PF03283.14   356   7.5e-36  129.1   0.0   1   1   1.8e-39   1.2e-35  128.5   0.0    51   203   251   407   250   432 0.90 -
Aq|XP_011403724.2        -            926 PAE                  PF03283.14   356   1.9e-34  124.6   0.0   1   2   2.2e-10   1.4e-06   32.8   0.0    18    77    34    92    24   114 0.80 PREDICTED: uncharacterized protein LOC105312625 [Amphimedon queenslandica]
Aq|XP_011403724.2        -            926 PAE                  PF03283.14   356   1.9e-34  124.6   0.0   2   2   3.2e-27     2e-23   88.2   0.0    84   333   132   409   124   433 0.85 PREDICTED: uncharacterized protein LOC105312625 [Amphimedon queenslandica]
Aq|XP_019857266.1        -            864 PAE                  PF03283.14   356     1e-28  105.7   0.6   1   1   2.4e-32   1.5e-28  105.1   0.6   172   337   701   853   697   864 0.91 PREDICTED: uncharacterized protein LOC109585584 isoform X1 [Amphimedon queenslandica]
m_lei|ML06811a           -            298 PAE                  PF03283.14   356   1.1e-26   99.0   0.8   1   1     2e-30   1.3e-26   98.7   0.8    18   259    43   296    31   298 0.74 -
Hv|828224578             -           2183 PAE                  PF03283.14   356     4e-26   97.1  15.9   1   2   1.4e-15   8.9e-12   50.0   0.0    22   116    31   120    14   132 0.85 ref|XP_012563011.1| PREDICTED: uncharacterized protein LOC101234753 [Hydra vulgaris]
Hv|828224578             -           2183 PAE                  PF03283.14   356     4e-26   97.1  15.9   2   2   9.8e-17   6.4e-13   53.7   4.8   118   334   264   456   251   498 0.80 ref|XP_012563011.1| PREDICTED: uncharacterized protein LOC101234753 [Hydra vulgaris]
Of|1176072233            -            332 PAE                  PF03283.14   356   5.9e-26   96.6   0.0   1   1   1.4e-29   8.8e-26   96.0   0.0   107   352    11   253     9   256 0.85 XP_020606041.1| carboxylesterase notum2-like [Orbicella faveolata]
s_ros|PTSG_05723T0       -           1588 PAE                  PF03283.14   356   2.6e-25   94.5   0.0   1   1   1.4e-26   8.8e-23   86.2   0.0    20   175    52   229    36   283 0.84 | PTSG_05723 | Salpingoeca rosetta hypothetical protein (1588 aa)
Bf|XP_002590392.1        -            391 PAE                  PF03283.14   356   1.8e-24   91.7   0.0   1   1   1.3e-20   8.4e-17   66.5   0.0   214   354   244   372   204   374 0.84 hypothetical protein BRAFLDRAFT_76666 [Branchiostoma floridae]
Of|1176090797            -            175 PAE                  PF03283.14   356   9.5e-24   89.3   0.1   1   1   1.9e-27   1.3e-23   88.9   0.1    11   107    72   166    64   171 0.95 XP_020615824.1| pectin acetylesterase 4-like [Orbicella faveolata]
Pc|957856495             -            397 PAE                  PF03283.14   356     3e-22   84.4   0.7   1   2     6e-12   3.9e-08   38.0   0.0    82   120     1    39     1    52 0.87 ref|XP_014677628.1| PREDICTED: palmitoleoyl-protein carboxylesterase NOTUM-like, partial [Priapulus caudatus]
Pc|957856495             -            397 PAE                  PF03283.14   356     3e-22   84.4   0.7   2   2   1.4e-13   9.2e-10   43.3   0.5   212   339   117   224   102   236 0.81 ref|XP_014677628.1| PREDICTED: palmitoleoyl-protein carboxylesterase NOTUM-like, partial [Priapulus caudatus]
s_ros|PTSG_06049T0       -            520 PAE                  PF03283.14   356     8e-15   60.0   0.4   1   1   1.1e-13   7.3e-10   43.7   0.0    80   189   172   290   166   309 0.82 | PTSG_06049 | Salpingoeca rosetta hypothetical protein (520 aa)
Ad|XP_015755418.1        -            211 PAE                  PF03283.14   356   1.8e-14   58.8   0.0   1   1   3.7e-18   2.4e-14   58.4   0.0   217   352    10   137     4   141 0.89 XP_015755418.1 PREDICTED: palmitoleoyl-protein carboxylesterase notum1a-like [Acropora digitifera]
Of|1176072235            -            156 PAE                  PF03283.14   356   7.4e-06   30.5   0.0   1   1   1.7e-09   1.1e-05   29.9   0.0   285   352     9    77     6    81 0.89 XP_020606042.1| uncharacterized protein LOC110044796 [Orbicella faveolata]
#
# Program:         hmmsearch
# Version:         3.3 (Nov 2019)
# Pipeline mode:   SEARCH
# Query file:      my_data/PAE.hmm
# Target file:     my_data/oma_db
# Option settings: hmmsearch --domtblout my_data/hmm_search/PAE_domtbl.out --cut_ga my_data/PAE.hmm my_data/oma_db 
# Current dir:     /home
# Date:            Wed Jul 28 14:43:29 2021
# [ok]
