#                                                                            --- full sequence --- -------------- this domain -------------   hmm coord   ali coord   env coord
# target name        accession   tlen query name           accession   qlen   E-value  score  bias   #  of  c-Evalue  i-Evalue  score  bias  from    to  from    to  from    to  acc description of target
#------------------- ---------- ----- -------------------- ---------- ----- --------- ------ ----- --- --- --------- --------- ------ ----- ----- ----- ----- ----- ----- ----- ---- ---------------------
PK_Tyr_Ser-Thr       PF07714.19   259 Ad|XP_015763318.1    -            703   1.4e-72  244.2   0.0   1   1   3.4e-76   2.2e-72  243.6   0.0     5   258   416   680   413   681 0.94 Protein tyrosine and serine/threonine kinase
Pkinase              PF00069.27   264 Ad|XP_015763318.1    -            703   1.2e-31  110.2   0.0   1   1   2.9e-35   1.8e-31  109.6   0.0    23   256   441   675   428   683 0.86 Protein kinase domain
WIF                  PF02019.20   131 Ad|XP_015763318.1    -            703   3.8e-21   75.3   0.4   1   1   1.1e-23   7.1e-20   71.2   0.1     1   118    40   169    40   182 0.85 WIF domain
WIF                  PF02019.20   131 Ad|XP_015767325.1    -            348   2.8e-19   69.2   0.0   1   1   4.9e-23   4.7e-19   68.5   0.0    10   131    74   199    69   199 0.89 WIF domain
NTR                  PF01759.23   107 Ad|XP_015767325.1    -            348     9e-12   44.8   0.2   1   1   1.5e-15   1.5e-11   44.1   0.2     2   105   237   337   236   339 0.92 UNC-6/NTR/C345C module
WIF                  PF02019.20   131 Ad|XP_015758855.1    -            546   1.9e-31  108.6   0.0   1   1   4.8e-35   3.1e-31  107.9   0.0     2   131    27   165    26   165 0.91 WIF domain
PK_Tyr_Ser-Thr       PF07714.19   259 Ad|XP_015758855.1    -            546   4.2e-30  105.0   0.2   1   1   4.7e-32     3e-28   98.9   0.0     2   136   370   510   369   512 0.94 Protein tyrosine and serine/threonine kinase
Pkinase              PF00069.27   264 Ad|XP_015758855.1    -            546   3.3e-09   36.6   0.0   1   1   9.1e-13   5.8e-09   35.8   0.0    14   130   386   509   381   531 0.88 Protein kinase domain
PK_Tyr_Ser-Thr       PF07714.19   259 Ce|lin-18            -            583   1.2e-56  192.0   0.0   1   1     3e-60   1.9e-56  191.3   0.0     9   258   289   571   288   572 0.92 Protein tyrosine and serine/threonine kinase
WIF                  PF02019.20   131 Ce|lin-18            -            583   2.1e-34  118.2   0.1   1   1   5.2e-38   3.3e-34  117.5   0.1     1   131    22   147    22   147 0.98 WIF domain
Pkinase              PF00069.27   264 Ce|lin-18            -            583   8.8e-21   74.5   0.0   1   1   2.4e-24   1.5e-20   73.8   0.0    91   260   406   570   367   571 0.85 Protein kinase domain
WIF                  PF02019.20   131 Cg|762161288         -            424   1.4e-24   86.4   0.0   1   1   7.3e-28   3.5e-24   85.1   0.0     1   131    39   176    39   176 0.96 WIF domain
EGF                  PF00008.29    32 Cg|762161288         -            424   1.9e-12   47.3  54.5   1   1   1.3e-08   6.1e-05   23.3   5.4     4    32   227   252   225   252 0.94 EGF-like domain
EGF_2                PF07974.15    32 Cg|762161288         -            424     3e-12   46.8  66.1   1   1   1.3e-08   6.1e-05   23.4   5.9     1    32   226   253   224   253 0.92 EGF-like domain
hEGF                 PF12661.9     22 Cg|762161288         -            424   2.3e-08   34.4  52.4   1   2   7.2e-06     0.035   14.9   5.0     1    22   230   248   230   248 0.91 Human growth factor-like EGF
hEGF                 PF12661.9     22 Cg|762161288         -            424   2.3e-08   34.4  52.4   2   2   1.8e-07   0.00086   20.0   8.6     1    22   294   312   294   312 0.91 Human growth factor-like EGF
PK_Tyr_Ser-Thr       PF07714.19   259 Cg|762149307         -            605   1.4e-67  227.8   0.0   1   1   3.2e-71     2e-67  227.3   0.0     9   257   332   592   324   594 0.95 Protein tyrosine and serine/threonine kinase
WIF                  PF02019.20   131 Cg|762149307         -            605   1.2e-42  144.9   0.1   1   1   5.9e-46   3.8e-42  143.2   0.1     1   131    25   157    25   157 0.99 WIF domain
Pkinase              PF00069.27   264 Cg|762149307         -            605   1.4e-22   80.4   0.0   1   1   3.9e-26   2.5e-22   79.6   0.0    23   259   355   591   332   593 0.83 Protein kinase domain
PK_Tyr_Ser-Thr       PF07714.19   259 Ci|198430807         -            593   1.3e-72  244.3   0.0   1   1   2.8e-76   1.8e-72  243.8   0.0     9   259   317   582   309   582 0.97 Protein tyrosine and serine/threonine kinase
WIF                  PF02019.20   131 Ci|198430807         -            593   4.8e-39  133.2   0.1   1   1   1.2e-42   7.6e-39  132.6   0.1     1   131    23   172    23   172 0.98 WIF domain
Pkinase              PF00069.27   264 Ci|198430807         -            593   4.2e-26   92.0   0.0   1   1   1.1e-29   6.9e-26   91.3   0.0     9   260   317   580   309   582 0.86 Protein kinase domain
WIF                  PF02019.20   131 Ct|ELU17704.1        -            384   7.8e-26   90.5   0.0   1   1   1.6e-29     1e-25   90.1   0.0     1   131    32   169    32   169 0.94 WIF domain
EGF                  PF00008.29    32 Ct|ELU17704.1        -            384   8.9e-11   42.0  72.1   1   1   2.5e-08   0.00016   22.0   7.5     5    31   212   235   209   236 0.91 EGF-like domain
WIF                  PF02019.20   131 Ct|ELT98024.1        -            215   4.6e-30  104.2   0.5   1   1   5.6e-34   1.1e-29  103.0   0.5    14   131    46   177    39   177 0.91 WIF domain
PK_Tyr_Ser-Thr       PF07714.19   259 c_hem|XLOC_005119    -            819   1.2e-81  273.9   0.0   1   1   2.7e-85   1.7e-81  273.4   0.0     7   258   535   796   529   797 0.93 Protein tyrosine and serine/threonine kinase
Pkinase              PF00069.27   264 c_hem|XLOC_005119    -            819   2.1e-37  129.0   0.0   1   1     6e-41   3.9e-37  128.2   0.0    25   260   561   795   531   799 0.85 Protein kinase domain
WIF                  PF02019.20   131 c_hem|XLOC_005119    -            819   3.5e-17   62.5   0.0   1   1   1.6e-20     1e-16   61.0   0.0     1   131    51   195    51   195 0.87 WIF domain
WIF                  PF02019.20   131 c_hem|XLOC_044794    -            313   9.6e-18   64.3   0.1   1   1   1.6e-21   1.5e-17   63.7   0.1     6   131    30   160    25   160 0.88 WIF domain
NTR                  PF01759.23   107 c_hem|XLOC_044794    -            313   1.1e-07   31.7   0.4   1   1   1.2e-11   1.1e-07   31.7   0.4     1   102   185   285   185   291 0.79 UNC-6/NTR/C345C module
WIF                  PF02019.20   131 d_gig|g12828.t1      -            360   6.1e-21   74.6   0.0   1   1   1.3e-24   1.2e-20   73.7   0.0     2   131    72   207    71   207 0.90 WIF domain
NTR                  PF01759.23   107 d_gig|g12828.t1      -            360   9.2e-13   48.0   0.0   1   1   1.8e-16   1.8e-12   47.1   0.0     2   102   239   337   238   342 0.83 UNC-6/NTR/C345C module
PK_Tyr_Ser-Thr       PF07714.19   259 d_gig|g21971.t1      -           1966   1.9e-77  260.2   0.0   1   1   1.5e-80   3.5e-77  259.3   0.0     2   256  1688  1952  1687  1955 0.97 Protein tyrosine and serine/threonine kinase
HMA                  PF00403.28    62 d_gig|g21971.t1      -           1966   2.9e-68  226.3  11.1   1   6   2.1e-12     5e-09   36.5   0.1     4    62    37    95    34    95 0.96 Heavy-metal-associated domain
HMA                  PF00403.28    62 d_gig|g21971.t1      -           1966   2.9e-68  226.3  11.1   2   6   4.7e-12   1.1e-08   35.4   0.1     2    62   124   184   123   184 0.95 Heavy-metal-associated domain
HMA                  PF00403.28    62 d_gig|g21971.t1      -           1966   2.9e-68  226.3  11.1   3   6   2.1e-09     5e-06   26.9   0.0     2    62   201   261   200   261 0.97 Heavy-metal-associated domain
HMA                  PF00403.28    62 d_gig|g21971.t1      -           1966   2.9e-68  226.3  11.1   4   6   3.8e-14   9.1e-11   42.1   0.1     2    62   279   339   278   339 0.97 Heavy-metal-associated domain
HMA                  PF00403.28    62 d_gig|g21971.t1      -           1966   2.9e-68  226.3  11.1   5   6   1.4e-14   3.3e-11   43.5   0.1     2    62   413   473   412   473 0.97 Heavy-metal-associated domain
HMA                  PF00403.28    62 d_gig|g21971.t1      -           1966   2.9e-68  226.3  11.1   6   6   1.2e-14   2.8e-11   43.7   0.0     2    61   489   548   488   549 0.96 Heavy-metal-associated domain
Hydrolase            PF00702.28   210 d_gig|g21971.t1      -           1966     9e-50  170.0   0.3   1   1   6.1e-53   1.5e-49  169.3   0.3     1   210   939  1197   939  1197 0.95 haloacid dehalogenase-like hydrolase
E1-E2_ATPase         PF00122.22   181 d_gig|g21971.t1      -           1966   6.4e-47  159.5   3.9   1   1   2.7e-50   6.4e-47  159.5   3.9    14   180   736   922   717   923 0.96 E1-E2 ATPase
Pkinase              PF00069.27   264 d_gig|g21971.t1      -           1966     6e-28   98.0   0.0   1   1   4.2e-31     1e-27   97.3   0.0     5   259  1691  1952  1687  1954 0.85 Protein kinase domain
WIF                  PF02019.20   131 d_gig|g21971.t1      -           1966   4.7e-16   58.8   0.6   1   1   4.7e-19   1.1e-15   57.6   0.6     1   131  1385  1514  1385  1514 0.91 WIF domain
PK_Tyr_Ser-Thr       PF07714.19   259 d_gig|g27746.t1      -            672   6.6e-88  294.4   0.0   1   1   1.6e-91     1e-87  293.8   0.0     4   259   381   644   379   644 0.97 Protein tyrosine and serine/threonine kinase
Pkinase              PF00069.27   264 d_gig|g27746.t1      -            672   2.4e-39  135.4   0.0   1   1   6.7e-43   4.3e-39  134.6   0.0     4   260   381   642   379   644 0.88 Protein kinase domain
WIF                  PF02019.20   131 d_gig|g27746.t1      -            672   1.1e-14   54.4   0.0   1   1   3.2e-18     2e-14   53.5   0.0     1   130    15   156    15   157 0.82 WIF domain
PK_Tyr_Ser-Thr       PF07714.19   259 Dm|dnt               -            584   3.6e-66  223.2   0.0   1   1   7.9e-70     5e-66  222.7   0.0     3   259   319   573   317   573 0.94 Protein tyrosine and serine/threonine kinase
WIF                  PF02019.20   131 Dm|dnt               -            584   5.8e-42  142.6   0.0   1   1   1.5e-45   9.5e-42  141.9   0.0     1   131    49   180    49   180 0.98 WIF domain
Pkinase              PF00069.27   264 Dm|dnt               -            584   4.4e-26   91.9   0.0   1   1   2.8e-29   1.8e-25   89.9   0.0     7   259   323   570   317   573 0.83 Protein kinase domain
PK_Tyr_Ser-Thr       PF07714.19   259 Dm|Drl-2             -            648   6.1e-58  196.2   0.0   1   1   1.3e-61   8.1e-58  195.8   0.0     3   258   383   636   381   637 0.96 Protein tyrosine and serine/threonine kinase
WIF                  PF02019.20   131 Dm|Drl-2             -            648   1.4e-41  141.4   0.0   1   1   3.6e-45   2.3e-41  140.7   0.0     1   131    29   160    29   160 0.98 WIF domain
Pkinase              PF00069.27   264 Dm|Drl-2             -            648   1.1e-21   77.5   0.0   1   1   2.8e-25   1.8e-21   76.8   0.0     9   260   389   635   382   637 0.83 Protein kinase domain
PK_Tyr_Ser-Thr       PF07714.19   259 Dm|drl               -            645   1.5e-68  231.0   0.0   1   1   3.3e-72   2.1e-68  230.5   0.0     6   257   348   597   343   599 0.94 Protein tyrosine and serine/threonine kinase
WIF                  PF02019.20   131 Dm|drl               -            645   6.6e-41  139.2   0.0   1   1   1.8e-44   1.2e-40  138.4   0.0     1   131    24   155    24   155 0.99 WIF domain
Pkinase              PF00069.27   264 Dm|drl               -            645   3.3e-27   95.6   0.0   1   1   8.9e-31   5.7e-27   94.8   0.0     9   258   351   595   347   598 0.85 Protein kinase domain
WIF                  PF02019.20   131 Dm|shf               -            460   5.4e-31  107.1   0.0   1   1   1.2e-34   7.4e-31  106.7   0.0     1   131   119   261   119   261 0.92 WIF domain
PK_Tyr_Ser-Thr       PF07714.19   259 Ep|XP_020908835.1    -            662   4.4e-76  255.7   0.0   1   1   9.4e-80     6e-76  255.2   0.0     2   259   386   651   385   651 0.97 Protein tyrosine and serine/threonine kinase
WIF                  PF02019.20   131 Ep|XP_020908835.1    -            662   6.8e-30  103.6   0.0   1   1   1.8e-33   1.2e-29  102.8   0.0     1   131    24   154    24   154 0.98 WIF domain
Pkinase              PF00069.27   264 Ep|XP_020908835.1    -            662   3.2e-27   95.7   0.0   1   1   8.1e-31   5.2e-27   95.0   0.0     9   258   393   647   386   650 0.83 Protein kinase domain
PK_Tyr_Ser-Thr       PF07714.19   259 Ep|XP_020912326.1    -            589   1.2e-55  188.7   1.2   1   1   8.5e-58   5.4e-54  183.3   1.2     1   256   335   571   335   574 0.90 Protein tyrosine and serine/threonine kinase
Pkinase              PF00069.27   264 Ep|XP_020912326.1    -            589   8.2e-22   77.9   1.3   1   1   9.4e-25     6e-21   75.1   1.3     2   256   336   568   335   574 0.83 Protein kinase domain
WIF                  PF02019.20   131 Ep|XP_020912326.1    -            589   5.8e-18   65.0   0.0   1   1   1.8e-21   1.1e-17   64.1   0.0     1   129    25   165    25   167 0.85 WIF domain
WIF                  PF02019.20   131 Ep|XP_020905773.1    -            307   8.4e-21   74.2   0.0   1   1   1.4e-24   1.3e-20   73.6   0.0     1   117    26   145    26   162 0.90 WIF domain
NTR                  PF01759.23   107 Ep|XP_020905773.1    -            307   7.4e-13   48.3   1.9   1   1   1.2e-16   1.2e-12   47.7   1.9     2   105   195   295   194   297 0.80 UNC-6/NTR/C345C module
WIF                  PF02019.20   131 Hs|WIF1              -            379   8.2e-34  116.3   0.0   1   1   2.3e-37   1.1e-33  115.9   0.0     1   130    38   172    38   173 0.97 WIF domain
hEGF                 PF12661.9     22 Hs|WIF1              -            379   4.4e-11   43.1  71.4   1   2   2.3e-07    0.0011   19.6   8.0     1    22   218   236   218   236 0.91 Human growth factor-like EGF
hEGF                 PF12661.9     22 Hs|WIF1              -            379   4.4e-11   43.1  71.4   2   2     8e-07    0.0038   17.9   8.4     1    21   250   267   250   267 0.95 Human growth factor-like EGF
PK_Tyr_Ser-Thr       PF07714.19   259 Hs|RYK               -            610   8.1e-81  271.2   0.0   1   1   1.8e-84   1.1e-80  270.7   0.0     2   259   334   599   333   599 0.97 Protein tyrosine and serine/threonine kinase
WIF                  PF02019.20   131 Hs|RYK               -            610   3.5e-45  153.0   0.2   1   1     1e-48   6.5e-45  152.2   0.2     1   131    66   194    66   194 0.99 WIF domain
Pkinase              PF00069.27   264 Hs|RYK               -            610   8.3e-27   94.3   0.0   1   1   2.1e-30   1.3e-26   93.6   0.0     6   260   338   597   333   599 0.82 Protein kinase domain
WIF                  PF02019.20   131 Hv|828190758         -            327   3.5e-14   52.7   0.2   1   1   1.2e-17   1.1e-13   51.1   0.0    11   131    36   163    31   163 0.83 WIF domain
NTR                  PF01759.23   107 Hv|828190758         -            327   6.2e-09   35.7   0.0   1   1   1.4e-12   1.3e-08   34.7   0.0     3    92   199   289   197   296 0.78 UNC-6/NTR/C345C module
PK_Tyr_Ser-Thr       PF07714.19   259 Hv|828211403         -            548   1.2e-75  254.3   0.0   1   1   1.7e-78   1.1e-74  251.1   0.0     2   258   274   536   273   537 0.97 Protein tyrosine and serine/threonine kinase
Pkinase              PF00069.27   264 Hv|828211403         -            548   3.4e-33  115.3   0.0   1   1   2.2e-36   1.4e-32  113.2   0.0     9   259   281   534   273   536 0.84 Protein kinase domain
WIF                  PF02019.20   131 Hv|828211403         -            548   1.2e-26   93.1   0.1   1   1   2.8e-30   1.8e-26   92.5   0.1     1   131    22   157    22   157 0.95 WIF domain
WIF                  PF02019.20   131 La|919097491         -            371   8.8e-26   90.3   0.0   1   1     2e-29   1.3e-25   89.8   0.0     1   131    47   184    47   184 0.93 WIF domain
PK_Tyr_Ser-Thr       PF07714.19   259 La|919004791         -            492   1.8e-75  253.7   0.0   1   1   5.1e-79   2.5e-75  253.2   0.0     2   258   222   480   221   481 0.96 Protein tyrosine and serine/threonine kinase
Pkinase              PF00069.27   264 La|919004791         -            492   8.6e-29  100.8   0.0   1   1   2.6e-32   1.3e-28  100.3   0.0     9   259   229   478   221   480 0.83 Protein kinase domain
WIF                  PF02019.20   131 La|919004791         -            492   2.1e-13   50.2   0.1   1   1   7.6e-17   3.6e-13   49.5   0.1    57   131     2    78     1    78 0.93 WIF domain
PK_Tyr_Ser-Thr       PF07714.19   259 La|919016636         -            582   2.7e-75  253.1   0.0   1   1   5.8e-79   3.7e-75  252.6   0.0     2   258   312   570   311   571 0.96 Protein tyrosine and serine/threonine kinase
WIF                  PF02019.20   131 La|919016636         -            582   3.1e-30  104.7   0.0   1   1   8.7e-34   5.5e-30  103.9   0.0    11   131    44   168    39   168 0.94 WIF domain
Pkinase              PF00069.27   264 La|919016636         -            582   1.3e-28  100.3   0.0   1   1     3e-32   1.9e-28   99.7   0.0     9   259   319   568   311   570 0.83 Protein kinase domain
WIF                  PF02019.20   131 Nv|NVE1474           -            341     2e-19   69.8   0.0   1   1   3.4e-23   3.3e-19   69.0   0.0     1   104    32   138    32   145 0.92 WIF domain
NTR                  PF01759.23   107 Nv|NVE1474           -            341   8.9e-15   54.5   0.3   1   1   1.7e-18   1.6e-14   53.6   0.3     2   103   228   326   227   330 0.81 UNC-6/NTR/C345C module
PK_Tyr_Ser-Thr       PF07714.19   259 Nv|NVE10274          -            547   9.9e-31  107.0   0.0   1   1   2.1e-34   1.4e-30  106.6   0.0     2   134   408   546   407   547 0.95 Protein tyrosine and serine/threonine kinase
WIF                  PF02019.20   131 Nv|NVE10274          -            547   1.7e-24   86.1   0.0   1   1   5.1e-28   3.3e-24   85.2   0.0     1   129    27   152    27   154 0.91 WIF domain
Pkinase              PF00069.27   264 Nv|NVE10274          -            547   8.4e-10   38.5   0.0   1   1     2e-13   1.3e-09   38.0   0.0     9   128   415   545   408   547 0.85 Protein kinase domain
PK_Tyr_Ser-Thr       PF07714.19   259 Of|1176083368        -            644   7.5e-74  248.4   0.0   1   1   1.5e-77   9.7e-74  248.0   0.0     2   258   369   632   368   633 0.96 Protein tyrosine and serine/threonine kinase
WIF                  PF02019.20   131 Of|1176083368        -            644   2.9e-32  111.3   0.0   1   1   8.8e-36   5.6e-32  110.3   0.0     1   131    26   158    26   158 0.95 WIF domain
Pkinase              PF00069.27   264 Of|1176083368        -            644   1.2e-25   90.5   0.0   1   1   2.8e-29   1.8e-25   89.9   0.0     9   258   376   629   369   632 0.85 Protein kinase domain
PK_Tyr_Ser-Thr       PF07714.19   259 Of|1176116772        -            696   1.8e-77  260.3   0.0   1   1     4e-81   2.6e-77  259.7   0.0     2   259   407   674   406   674 0.95 Protein tyrosine and serine/threonine kinase
Pkinase              PF00069.27   264 Of|1176116772        -            696   1.2e-34  120.0   0.0   1   1   4.6e-38   2.9e-34  118.7   0.0    22   260   434   672   408   675 0.81 Protein kinase domain
WIF                  PF02019.20   131 Of|1176116772        -            696   1.6e-19   70.1   0.0   1   1     4e-23   2.5e-19   69.4   0.0     1   115    31   153    31   173 0.88 WIF domain
WIF                  PF02019.20   131 Of|1176102141        -            318   1.9e-22   79.5   0.0   1   1   3.1e-26     3e-22   78.9   0.0     1   131    30   165    30   165 0.89 WIF domain
NTR                  PF01759.23   107 Of|1176102141        -            318   2.6e-15   56.2   0.9   1   1   4.5e-19   4.4e-15   55.5   0.9     2   105   205   306   204   316 0.91 UNC-6/NTR/C345C module
PK_Tyr_Ser-Thr       PF07714.19   259 Pa|g3399.t1          -            573   5.9e-70  235.6   0.0   1   1   1.6e-73   7.8e-70  235.2   0.0     2   258   295   561   294   562 0.97 Protein tyrosine and serine/threonine kinase
WIF                  PF02019.20   131 Pa|g3399.t1          -            573   1.5e-36  125.1   0.0   1   1   5.6e-40   2.7e-36  124.3   0.0     1   131     3   137     3   137 0.96 WIF domain
Pkinase              PF00069.27   264 Pa|g3399.t1          -            573   1.2e-25   90.4   0.0   1   1   5.2e-29   2.5e-25   89.5   0.0     7   259   300   559   294   561 0.85 Protein kinase domain
WIF                  PF02019.20   131 Pa|g5123.t1          -            363   6.6e-23   81.0   0.0   1   1   1.8e-26   8.8e-23   80.6   0.0     1   131    25   167    25   167 0.95 WIF domain
hEGF                 PF12661.9     22 Pa|g5123.t1          -            363   4.5e-07   30.4  63.3   1   1   1.6e-05     0.077   13.7   4.3     1    22   273   290   273   290 0.92 Human growth factor-like EGF
PK_Tyr_Ser-Thr       PF07714.19   259 Pd|XP_027057112.1    -            703   1.5e-77  260.5   0.0   1   1   3.5e-81   2.2e-77  259.9   0.0     3   259   415   681   413   681 0.95 Protein tyrosine and serine/threonine kinase
Pkinase              PF00069.27   264 Pd|XP_027057112.1    -            703   2.1e-32  112.6   0.0   1   1   5.3e-36   3.4e-32  112.0   0.0     9   260   421   679   414   682 0.81 Protein kinase domain
WIF                  PF02019.20   131 Pd|XP_027057112.1    -            703   2.1e-18   66.4   0.0   1   1   5.7e-22   3.6e-18   65.6   0.0     1   114    36   156    36   178 0.87 WIF domain
PK_Tyr_Ser-Thr       PF07714.19   259 Pd|XP_027054963.1    -            635     3e-75  253.0   0.0   1   1     6e-79   3.8e-75  252.6   0.0     2   258   361   623   360   624 0.97 Protein tyrosine and serine/threonine kinase
WIF                  PF02019.20   131 Pd|XP_027054963.1    -            635   1.8e-31  108.7   0.0   1   1   4.4e-35   2.8e-31  108.1   0.0     2   131    27   157    26   157 0.96 WIF domain
Pkinase              PF00069.27   264 Pd|XP_027054963.1    -            635   3.5e-26   92.3   0.0   1   1     9e-30   5.8e-26   91.5   0.0     9   258   368   620   361   623 0.86 Protein kinase domain
WIF                  PF02019.20   131 Pd|XP_027051823.1    -            318   4.7e-24   84.7   0.0   1   1   7.9e-28   7.6e-24   84.0   0.0     1   131    30   165    30   165 0.88 WIF domain
NTR                  PF01759.23   107 Pd|XP_027051823.1    -            318   8.2e-14   51.4   0.4   1   1   1.4e-17   1.3e-13   50.7   0.4     2   105   205   306   204   308 0.84 UNC-6/NTR/C345C module
WIF                  PF02019.20   131 Sk|269785073         -            315   4.7e-26   91.2   0.0   1   1   9.6e-30   6.1e-26   90.8   0.0     1   131    29   171    29   171 0.93 WIF domain
WIF                  PF02019.20   131 Sp|780059110         -            269   5.2e-18   65.1   0.0   1   1     1e-21   6.5e-18   64.8   0.0     1   131    28   161    28   161 0.90 WIF domain
WIF                  PF02019.20   131 Sp|390337679         -            313     4e-14   52.6   0.0   1   1   1.1e-17     1e-13   51.2   0.0     1   120    29   168    29   182 0.83 WIF domain
EGF_2                PF07974.15    32 Sp|390337679         -            313   3.7e-11   43.3  50.9   1   1   1.3e-08   0.00013   22.4  12.9     1    32   252   279   251   279 0.87 EGF-like domain
PK_Tyr_Ser-Thr       PF07714.19   259 Sp|390340318         -            575   1.8e-78  263.5   0.0   1   1   3.6e-82   2.3e-78  263.2   0.0     1   258   301   563   301   564 0.98 Protein tyrosine and serine/threonine kinase
WIF                  PF02019.20   131 Sp|390340318         -            575   2.1e-36  124.6   0.5   1   1   4.9e-40   3.1e-36  124.1   0.0     1   131    29   157    29   157 0.99 WIF domain
Pkinase              PF00069.27   264 Sp|390340318         -            575   9.9e-29  100.6   0.0   1   1   2.2e-32   1.4e-28  100.1   0.0     8   260   308   562   301   564 0.88 Protein kinase domain
WIF                  PF02019.20   131 Sp|390337537         -            330   1.8e-15   56.9   0.0   1   1   4.5e-19   2.9e-15   56.3   0.0     1   131    46   188    46   188 0.88 WIF domain
PK_Tyr_Ser-Thr       PF07714.19   259 Xb|g5932.t1          -            588   2.3e-78  263.2   0.0   1   1   4.6e-82     3e-78  262.8   0.0     2   257   317   575   316   577 0.96 Protein tyrosine and serine/threonine kinase
WIF                  PF02019.20   131 Xb|g5932.t1          -            588   5.2e-31  107.2   0.0   1   1   1.5e-34   9.8e-31  106.3   0.0    13   131    24   140    17   140 0.97 WIF domain
Pkinase              PF00069.27   264 Xb|g5932.t1          -            588   5.5e-27   94.9   0.0   1   1   1.3e-30   8.4e-27   94.3   0.0     9   258   324   573   317   575 0.85 Protein kinase domain
PK_Tyr_Ser-Thr       PF07714.19   259 Xb|g5932.t2          -            572   2.1e-78  263.3   0.0   1   1   4.3e-82   2.8e-78  262.9   0.0     2   257   301   559   300   561 0.96 Protein tyrosine and serine/threonine kinase
WIF                  PF02019.20   131 Xb|g5932.t2          -            572     5e-31  107.3   0.0   1   1   1.5e-34   9.4e-31  106.4   0.0    13   131    24   140    17   140 0.97 WIF domain
Pkinase              PF00069.27   264 Xb|g5932.t2          -            572   5.2e-27   95.0   0.0   1   1   1.2e-30   7.9e-27   94.4   0.0     9   258   308   557   301   559 0.85 Protein kinase domain
PK_Tyr_Ser-Thr       PF07714.19   259 m_vir|scaffold38.g39.t1 -            707   2.2e-81  273.1   0.0   1   1   5.7e-85   3.7e-81  272.3   0.0     5   259   422   684   407   684 0.96 Protein tyrosine and serine/threonine kinase
Pkinase              PF00069.27   264 m_vir|scaffold38.g39.t1 -            707   7.6e-36  123.9   0.0   1   1   1.8e-39   1.2e-35  123.3   0.0     4   258   421   680   418   684 0.85 Protein kinase domain
WIF                  PF02019.20   131 m_vir|scaffold38.g39.t1 -            707   1.8e-18   66.6   0.0   1   1   1.3e-21   8.5e-18   64.5   0.0     1   125    34   170    34   175 0.84 WIF domain
WIF                  PF02019.20   131 m_vir|scaffold132.g5.t1 -            306   4.2e-21   75.1   0.0   1   1   7.4e-25   7.1e-21   74.4   0.0    14   131    37   158    29   158 0.90 WIF domain
NTR                  PF01759.23   107 m_vir|scaffold132.g5.t1 -            306   8.4e-17   61.0   0.1   1   1   1.4e-20   1.4e-16   60.4   0.1     2   106   187   289   186   290 0.94 UNC-6/NTR/C345C module
PK_Tyr_Ser-Thr       PF07714.19   259 m_vir|scaffold191.g23.t1 -            565   5.6e-76  255.3   0.0   1   1   1.2e-79   7.5e-76  254.9   0.0     2   259   291   554   290   554 0.97 Protein tyrosine and serine/threonine kinase
Pkinase              PF00069.27   264 m_vir|scaffold191.g23.t1 -            565   5.6e-27   94.8   0.0   1   1   1.4e-30   8.7e-27   94.2   0.0     9   259   298   551   290   553 0.86 Protein kinase domain
WIF                  PF02019.20   131 m_vir|scaffold191.g23.t1 -            565   1.6e-22   79.8   0.1   1   1   7.3e-26   4.7e-22   78.2   0.1     1   131    27   173    27   173 0.83 WIF domain
WIF                  PF02019.20   131 a_aur|scaffold5.g153.t1 -            313   8.6e-20   70.9   0.0   1   1   1.5e-23   1.5e-19   70.1   0.0     6   131    30   162    26   162 0.86 WIF domain
NTR                  PF01759.23   107 a_aur|scaffold5.g153.t1 -            313     1e-17   64.0   2.3   1   1   1.9e-21   1.8e-17   63.2   2.3     2   105   194   295   193   297 0.93 UNC-6/NTR/C345C module
PK_Tyr_Ser-Thr       PF07714.19   259 a_aur|scaffold78.g25.t1 -            553   8.8e-63  212.1   0.0   1   1     2e-66   1.3e-62  211.6   0.0    37   259   314   542   292   542 0.95 Protein tyrosine and serine/threonine kinase
WIF                  PF02019.20   131 a_aur|scaffold78.g25.t1 -            553     5e-27   94.3   0.1   1   1   1.1e-29   6.8e-26   90.6   0.1     1   131    39   188    39   188 0.87 WIF domain
Pkinase              PF00069.27   264 a_aur|scaffold78.g25.t1 -            553   1.7e-24   86.7   0.0   1   1   4.4e-28   2.8e-24   86.0   0.0    32   259   312   539   302   541 0.88 Protein kinase domain
PK_Tyr_Ser-Thr       PF07714.19   259 a_aur|scaffold86.g42.t2 -            844   2.4e-86  289.3   0.0   1   1   3.7e-89   2.3e-85  286.1   0.0     8   257   564   819   560   821 0.96 Protein tyrosine and serine/threonine kinase
Pkinase              PF00069.27   264 a_aur|scaffold86.g42.t2 -            844   8.8e-37  127.0   0.0   1   1   2.3e-40   1.5e-36  126.3   0.0     9   259   565   818   561   821 0.86 Protein kinase domain
WIF                  PF02019.20   131 a_aur|scaffold86.g42.t2 -            844   2.2e-17   63.1   0.0   1   1   6.5e-21   4.1e-17   62.2   0.0     1   131    36   173    36   173 0.93 WIF domain
#
# Program:         hmmscan
# Version:         3.3 (Nov 2019)
# Pipeline mode:   SCAN
# Query file:      my_data/WIF_oma_seq.fasta
# Target file:     my_data/pfam/Pfam-A.hmm
# Option settings: hmmscan --domtblout my_data/hmm_search/WIF_profile_domtbl.out --cut_ga my_data/pfam/Pfam-A.hmm my_data/WIF_oma_seq.fasta 
# Current dir:     /home
# Date:            Tue Aug  3 14:08:45 2021
# [ok]
