#                                                                                --- full sequence --- -------------- this domain -------------   hmm coord   ali coord   env coord
# target name            accession   tlen query name           accession   qlen   E-value  score  bias   #  of  c-Evalue  i-Evalue  score  bias  from    to  from    to  from    to  acc description of target
#    ------------------- ---------- ----- -------------------- ---------- ----- --------- ------ ----- --- --- --------- --------- ------ ----- ----- ----- ----- ----- ----- ----- ---- ---------------------
Hs|RYK                   -            610 WIF                  PF02019.20   131   1.2e-43  153.0   0.2   1   1   1.7e-47   2.3e-43  152.2   0.2     1   131    66   194    66   194 0.99 gi|54607020|ref|NP_001005861.1| gi|54607020|ref|NP_001005861.1| tyrosine-protein kinase RYK isoform 1 precursor [Homo sapiens]
Cg|762149307             -            605 WIF                  PF02019.20   131   4.2e-41  144.9   0.1   1   1     1e-44   1.3e-40  143.2   0.1     1   131    25   157    25   157 0.99 ref|XP_011412591.1| PREDICTED: tyrosine-protein kinase RYK-like [Crassostrea gigas]
Dm|dnt                   -            584 WIF                  PF02019.20   131   2.1e-40  142.6   0.0   1   1   2.5e-44   3.4e-40  141.9   0.0     1   131    49   180    49   180 0.98 NP_477341.2 NP_477341.2 doughnut on 2, isoform A [Drosophila melanogaster]
Dm|Drl-2                 -            648 WIF                  PF02019.20   131   4.9e-40  141.4   0.0   1   1   6.1e-44   8.2e-40  140.7   0.0     1   131    29   160    29   160 0.98 NP_001286371.1 NP_001286371.1 derailed 2, isoform C [Drosophila melanogaster]
Dm|drl                   -            645 WIF                  PF02019.20   131   2.3e-39  139.2   0.0   1   1   3.1e-43   4.1e-39  138.4   0.0     1   131    24   155    24   155 0.99 NP_001260566.1 NP_001260566.1 derailed, isoform B [Drosophila melanogaster]
Ci|198430807             -            593 WIF                  PF02019.20   131   1.7e-37  133.2   0.1   1   1     2e-41   2.7e-37  132.6   0.1     1   131    23   172    23   172 0.98 ref|XP_002129769.1| PREDICTED: tyrosine-protein kinase RYK [Ciona intestinalis]
Pa|g3399.t1              -            573 WIF                  PF02019.20   131   5.4e-35  125.1   0.0   1   1   7.2e-39   9.6e-35  124.3   0.0     1   131     3   137     3   137 0.96 -
Sp|390340318             -            575 WIF                  PF02019.20   131   7.5e-35  124.6   0.5   1   1   8.3e-39   1.1e-34  124.1   0.0     1   131    29   157    29   157 0.99 ref|XP_788381.3| PREDICTED: tyrosine-protein kinase RYK isoform X1 [Strongylocentrotus purpuratus]
Ce|lin-18                -            583 WIF                  PF02019.20   131   7.5e-33  118.2   0.1   1   1   8.8e-37   1.2e-32  117.5   0.1     1   131    22   147    22   147 0.98 NP_508684.4 NP_508684.4 LIN-18 [Caenorhabditis elegans]
Hs|WIF1                  -            379 WIF                  PF02019.20   131   2.9e-32  116.3   0.0   1   1   2.9e-36   3.8e-32  115.9   0.0     1   130    38   172    38   173 0.97 gi|111125011|ref|NP_009122.2| gi|111125011|ref|NP_009122.2| wnt inhibitory factor 1 precursor [Homo sapiens]
Of|1176083368            -            644 WIF                  PF02019.20   131     1e-30  111.3   0.0   1   1   1.5e-34     2e-30  110.3   0.0     1   131    26   158    26   158 0.95 XP_020611873.1| tyrosine-protein kinase RYK-like [Orbicella faveolata]
Pd|XP_027054963.1        -            635 WIF                  PF02019.20   131   6.3e-30  108.7   0.0   1   1   7.5e-34     1e-29  108.1   0.0     2   131    27   157    26   157 0.96 tyrosine-protein kinase RYK-like [Pocillopora damicornis]
Ad|XP_015758855.1        -            546 WIF                  PF02019.20   131   6.9e-30  108.6   0.0   1   1   8.2e-34   1.1e-29  107.9   0.0     2   131    27   165    26   165 0.91 XP_015758855.1 PREDICTED: tyrosine-protein kinase RYK-like [Acropora digitifera]
Xb|g5932.t2              -            572 WIF                  PF02019.20   131   1.8e-29  107.3   0.0   1   1   2.5e-33   3.3e-29  106.4   0.0    13   131    24   140    17   140 0.97 -
Xb|g5932.t1              -            588 WIF                  PF02019.20   131   1.8e-29  107.2   0.0   1   1   2.6e-33   3.5e-29  106.3   0.0    13   131    24   140    17   140 0.97 -
Dm|shf                   -            460 WIF                  PF02019.20   131   1.9e-29  107.1   0.0   1   1     2e-33   2.6e-29  106.7   0.0     1   131   119   261   119   261 0.92 NP_001284963.1 NP_001284963.1 shifted, isoform B [Drosophila melanogaster]
La|919016636             -            582 WIF                  PF02019.20   131   1.1e-28  104.7   0.0   1   1   1.5e-32     2e-28  103.9   0.0    11   131    44   168    39   168 0.94 ref|XP_013392691.1| PREDICTED: tyrosine-protein kinase RYK-like [Lingula anatina]
Ct|ELT98024.1            -            215 WIF                  PF02019.20   131   1.6e-28  104.2   0.5   1   1   2.8e-32   3.8e-28  103.0   0.5    14   131    46   177    39   177 0.91 ELT98024.1 hypothetical protein CAPTEDRAFT_204570 [Capitella teleta]
Ep|XP_020908835.1        -            662 WIF                  PF02019.20   131   2.4e-28  103.6   0.0   1   1   3.1e-32   4.1e-28  102.8   0.0     1   131    24   154    24   154 0.98 tyrosine-protein kinase RYK-like [Exaiptasia pallida]
a_aur|scaffold78.g25.t1  -            553 WIF                  PF02019.20   131   1.8e-25   94.3   0.1   1   1   1.8e-28   2.4e-24   90.6   0.1     1   131    39   188    39   188 0.87 -
Hv|828211403             -            548 WIF                  PF02019.20   131   4.2e-25   93.1   0.1   1   1   4.7e-29   6.3e-25   92.5   0.1     1   131    22   157    22   157 0.95 ref|XP_012558645.1| PREDICTED: tyrosine-protein kinase RYK-like [Hydra vulgaris]
Sk|269785073             -            315 WIF                  PF02019.20   131   1.7e-24   91.2   0.0   1   1   1.6e-28   2.2e-24   90.8   0.0     1   131    29   171    29   171 0.93 ref|NP_001161492.1| Wnt inhibitory factor precursor [Saccoglossus kowalevskii]
Ct|ELU17704.1            -            384 WIF                  PF02019.20   131   2.8e-24   90.5   0.0   1   1   2.7e-28   3.6e-24   90.1   0.0     1   131    32   169    32   169 0.94 ELU17704.1 hypothetical protein CAPTEDRAFT_165770 [Capitella teleta]
La|919097491             -            371 WIF                  PF02019.20   131   3.1e-24   90.3   0.0   1   1   3.4e-28   4.5e-24   89.8   0.0     1   131    47   184    47   184 0.93 ref|XP_013385434.1| PREDICTED: wnt inhibitory factor 1-like [Lingula anatina]
Cg|762161288             -            424 WIF                  PF02019.20   131     5e-23   86.4   0.0   1   1   9.3e-27   1.2e-22   85.1   0.0     1   131    39   176    39   176 0.96 ref|XP_011418865.1| PREDICTED: wnt inhibitory factor 1-like isoform X1 [Crassostrea gigas]
Nv|NVE10274              -            547 WIF                  PF02019.20   131   6.1e-23   86.1   0.0   1   1   8.7e-27   1.2e-22   85.2   0.0     1   129    27   152    27   154 0.91 -
Pd|XP_027051823.1        -            318 WIF                  PF02019.20   131   1.7e-22   84.7   0.0   1   1     2e-26   2.7e-22   84.0   0.0     1   131    30   165    30   165 0.88 uncharacterized protein LOC113679075 [Pocillopora damicornis]
Pa|g5123.t1              -            363 WIF                  PF02019.20   131   2.3e-21   81.0   0.0   1   1   2.3e-25   3.1e-21   80.6   0.0     1   131    25   167    25   167 0.95 -
m_vir|scaffold191.g23.t1 -            565 WIF                  PF02019.20   131   5.6e-21   79.8   0.1   1   1   1.2e-24   1.7e-20   78.2   0.1     1   131    27   173    27   173 0.83 -
Of|1176102141            -            318 WIF                  PF02019.20   131   6.6e-21   79.5   0.0   1   1     8e-25   1.1e-20   78.9   0.0     1   131    30   165    30   165 0.89 XP_020621816.1| uncharacterized protein LOC110059462 [Orbicella faveolata]
Ad|XP_015763318.1        -            703 WIF                  PF02019.20   131   1.4e-19   75.3   0.4   1   1   1.9e-22   2.5e-18   71.2   0.1     1   118    40   169    40   182 0.85 XP_015763318.1 PREDICTED: tyrosine-protein kinase Fer-like [Acropora digitifera]
m_vir|scaffold132.g5.t1  -            306 WIF                  PF02019.20   131   1.5e-19   75.1   0.0   1   1   1.9e-23   2.5e-19   74.4   0.0    14   131    37   158    29   158 0.90 -
d_gig|g12828.t1          -            360 WIF                  PF02019.20   131   2.2e-19   74.6   0.0   1   1   3.2e-23   4.3e-19   73.7   0.0     2   131    72   207    71   207 0.90 -
Ep|XP_020905773.1        -            307 WIF                  PF02019.20   131     3e-19   74.2   0.0   1   1   3.5e-23   4.6e-19   73.6   0.0     1   117    26   145    26   162 0.90 uncharacterized protein LOC110243959 [Exaiptasia pallida]
a_aur|scaffold5.g153.t1  -            313 WIF                  PF02019.20   131     3e-18   70.9   0.0   1   1     4e-22   5.3e-18   70.1   0.0     6   131    30   162    26   162 0.86 -
Of|1176116772            -            696 WIF                  PF02019.20   131   5.6e-18   70.1   0.0   1   1   6.7e-22     9e-18   69.4   0.0     1   115    31   153    31   173 0.88 XP_020629538.1| tyrosine-protein kinase RYK-like [Orbicella faveolata]
Nv|NVE1474               -            341 WIF                  PF02019.20   131     7e-18   69.8   0.0   1   1   8.7e-22   1.2e-17   69.0   0.0     1   104    32   138    32   145 0.92 -
Ad|XP_015767325.1        -            348 WIF                  PF02019.20   131     1e-17   69.2   0.0   1   1   1.3e-21   1.7e-17   68.5   0.0    10   131    74   199    69   199 0.89 XP_015767325.1 PREDICTED: uncharacterized protein LOC107346072 isoform X1 [Acropora digitifera]
m_vir|scaffold38.g39.t1  -            707 WIF                  PF02019.20   131   6.4e-17   66.6   0.0   1   1   2.3e-20     3e-16   64.5   0.0     1   125    34   170    34   175 0.84 -
Pd|XP_027057112.1        -            703 WIF                  PF02019.20   131   7.4e-17   66.4   0.0   1   1   9.7e-21   1.3e-16   65.6   0.0     1   114    36   156    36   178 0.87 cytoplasmic tyrosine-protein kinase BMX-like isoform X2 [Pocillopora damicornis]
Sp|780059110             -            269 WIF                  PF02019.20   131   1.9e-16   65.1   0.0   1   1   1.7e-20   2.3e-16   64.8   0.0     1   131    28   161    28   161 0.90 ref|XP_011670169.1| PREDICTED: wnt inhibitory factor 1 isoform X1 [Strongylocentrotus purpuratus]
Ep|XP_020912326.1        -            589 WIF                  PF02019.20   131   2.1e-16   65.0   0.0   1   1     3e-20     4e-16   64.1   0.0     1   129    25   165    25   167 0.85 tyrosine-protein kinase RYK-like [Exaiptasia pallida]
c_hem|XLOC_044794        -            313 WIF                  PF02019.20   131   3.4e-16   64.3   0.1   1   1     4e-20   5.3e-16   63.7   0.1     6   131    30   160    25   160 0.88 TCONS_00072129|m.89382 XLOC_044794 TCONS_00072129|m.89382 TCONS_00072129|g.89382 ORF TCONS_00072129|g.89382 TCONS_00072129|m.89382 type:complete len:313 (+) TCONS_00072129:44-982(+)
a_aur|scaffold86.g42.t2  -            844 WIF                  PF02019.20   131   7.7e-16   63.1   0.0   1   1   1.1e-19   1.5e-15   62.2   0.0     1   131    36   173    36   173 0.93 -
c_hem|XLOC_005119        -            819 WIF                  PF02019.20   131   1.2e-15   62.5   0.0   1   1   2.7e-19   3.6e-15   61.0   0.0     1   131    51   195    51   195 0.87 TCONS_00009135|m.13056 XLOC_005119 TCONS_00009135|m.13056 TCONS_00009135|g.13056 ORF TCONS_00009135|g.13056 TCONS_00009135|m.13056 type:complete len:819 (+) TCONS_00009135:310-2766(+)
d_gig|g21971.t1          -           1966 WIF                  PF02019.20   131   1.7e-14   58.8   0.6   1   1     3e-18     4e-14   57.6   0.6     1   131  1385  1514  1385  1514 0.91 -
Sp|390337537             -            330 WIF                  PF02019.20   131   6.5e-14   56.9   0.0   1   1   7.7e-18     1e-13   56.3   0.0     1   131    46   188    46   188 0.88 ref|XP_003724586.1| PREDICTED: wnt inhibitory factor 1 [Strongylocentrotus purpuratus]
d_gig|g27746.t1          -            672 WIF                  PF02019.20   131   3.8e-13   54.4   0.0   1   1   5.4e-17   7.2e-13   53.5   0.0     1   130    15   156    15   157 0.82 -
Hv|828190758             -            327 WIF                  PF02019.20   131   1.3e-12   52.7   0.2   1   1     3e-16     4e-12   51.1   0.0    11   131    36   163    31   163 0.83 ref|XP_004205574.2| PREDICTED: uncharacterized protein LOC101240594 [Hydra vulgaris]
Sp|390337679             -            313 WIF                  PF02019.20   131   1.4e-12   52.6   0.0   1   1   2.8e-16   3.7e-12   51.2   0.0     1   120    29   168    29   182 0.83 ref|XP_783155.2| PREDICTED: wnt inhibitory factor 1 [Strongylocentrotus purpuratus]
La|919004791             -            492 WIF                  PF02019.20   131   7.6e-12   50.2   0.1   1   1   9.6e-16   1.3e-11   49.5   0.1    57   131     2    78     1    78 0.93 ref|XP_013381539.1| PREDICTED: tyrosine-protein kinase RYK-like [Lingula anatina]
#
# Program:         hmmsearch
# Version:         3.3 (Nov 2019)
# Pipeline mode:   SEARCH
# Query file:      my_data/WIF.hmm
# Target file:     my_data/oma_db
# Option settings: hmmsearch --domtblout my_data/hmm_search/WIF_domtbl.out --cut_ga my_data/WIF.hmm my_data/oma_db 
# Current dir:     /home
# Date:            Fri Jul 30 08:05:42 2021
# [ok]
