#                                                                                    --- full sequence --- -------------- this domain -------------   hmm coord   ali coord   env coord
# target name        accession   tlen query name                   accession   qlen   E-value  score  bias   #  of  c-Evalue  i-Evalue  score  bias  from    to  from    to  from    to  acc description of target
#------------------- ---------- -----         -------------------- ---------- ----- --------- ------ ----- --- --- --------- --------- ------ ----- ----- ----- ----- ----- ----- ----- ---- ---------------------
PK_Tyr_Ser-Thr       PF07714.19   259 Hp|TRINITY_DN396839_c0_g1_i1 -            227   1.2e-65  221.5   0.1   1   1   1.4e-69   1.3e-65  221.3   0.1    52   259     2   216     1   216 0.97 Protein tyrosine and serine/threonine kinase
Pkinase              PF00069.27   264 Hp|TRINITY_DN396839_c0_g1_i1 -            227   8.3e-25   87.7   0.0   1   1   1.1e-28     1e-24   87.5   0.0    51   258     4   212     1   218 0.84 Protein kinase domain
PK_Tyr_Ser-Thr       PF07714.19   259 Cs|TRINITY_DN14054_c0_g1_i1 -            464   2.7e-65  220.3   0.0   1   1   3.5e-69   3.4e-65  220.0   0.0     2   257   187   451   186   453 0.96 Protein tyrosine and serine/threonine kinase
Pkinase              PF00069.27   264 Cs|TRINITY_DN14054_c0_g1_i1 -            464   8.4e-25   87.7   0.0   1   1   1.2e-28   1.1e-24   87.3   0.0     6   258   191   449   186   452 0.82 Protein kinase domain
PK_Tyr_Ser-Thr       PF07714.19   259 Nc|TRINITY_DN1516_c3_g1_i2 -            293   8.6e-65  218.7   0.0   1   1     1e-68   9.9e-65  218.5   0.0     1   257    10   280    10   282 0.94 Protein tyrosine and serine/threonine kinase
Pkinase              PF00069.27   264 Nc|TRINITY_DN1516_c3_g1_i2 -            293   3.5e-24   85.7   0.0   1   1   4.6e-28   4.4e-24   85.4   0.0     6   258    15   278    10   281 0.79 Protein kinase domain
PK_Tyr_Ser-Thr       PF07714.19   259 Da|TR158463_c0_g1_i1 -            293     6e-69  232.3   0.0   1   1   7.3e-73     7e-69  232.1   0.0     1   256    11   279    11   282 0.96 Protein tyrosine and serine/threonine kinase
Pkinase              PF00069.27   264 Da|TR158463_c0_g1_i1 -            293   4.1e-25   88.7   0.0   1   1   5.5e-29   5.3e-25   88.4   0.0     5   258    15   278    11   281 0.80 Protein kinase domain
#
# Program:         hmmscan
# Version:         3.3 (Nov 2019)
# Pipeline mode:   SCAN
# Query file:      my_data/Hs_RYKvs_sponges.fasta
# Target file:     my_data/pfam/Pfam-A.hmm
# Option settings: hmmscan --domtblout my_data/hmm_search/WIF_profile_HS_RYKvssponges_domtbl.out --cut_ga my_data/pfam/Pfam-A.hmm my_data/Hs_RYKvs_sponges.fasta 
# Current dir:     /home
# Date:            Thu Aug  5 16:39:17 2021
# [ok]
