#                                                                            --- full sequence --- -------------- this domain -------------   hmm coord   ali coord   env coord
# target name        accession   tlen query name           accession   qlen   E-value  score  bias   #  of  c-Evalue  i-Evalue  score  bias  from    to  from    to  from    to  acc description of target
#------------------- ---------- ----- -------------------- ---------- ----- --------- ------ ----- --- --- --------- --------- ------ ----- ----- ----- ----- ----- ----- ----- ---- ---------------------
EGF_2                PF07974.15    32 Hc|comp25790         -            161   5.9e-23   81.0  92.1   1   3   1.8e-08   0.00011   22.5  10.2     6    32    40    65    35    65 0.91 EGF-like domain
EGF_2                PF07974.15    32 Hc|comp25790         -            161   5.9e-23   81.0  92.1   2   3   7.1e-10   4.5e-06   27.0  10.3     1    32    70    97    66    97 0.92 EGF-like domain
EGF_2                PF07974.15    32 Hc|comp25790         -            161   5.9e-23   81.0  92.1   3   3   1.6e-09     1e-05   25.9   9.1     1    32   102   129   102   129 0.94 EGF-like domain
hEGF                 PF12661.9     22 Hc|comp25790         -            161   1.5e-08   35.0  86.1   1   3   5.3e-07    0.0034   18.1   7.8     1    22    42    60    42    60 0.93 Human growth factor-like EGF
hEGF                 PF12661.9     22 Hc|comp25790         -            161   1.5e-08   35.0  86.1   2   3   2.8e-06     0.018   15.8   6.2     1    22    74    92    74    92 0.93 Human growth factor-like EGF
hEGF                 PF12661.9     22 Hc|comp25790         -            161   1.5e-08   35.0  86.1   3   3   1.7e-06     0.011   16.4   9.1     1    22   138   156   138   156 0.95 Human growth factor-like EGF
EGF_2                PF07974.15    32 Hp|TRINITY_DN792_c2_g1_i4 -            155   1.9e-18   66.6  82.0   1   1   5.5e-09   5.2e-05   23.6  12.6     1    32    61    88    61    88 0.92 EGF-like domain
EGF_2                PF07974.15    32 Ae|TR173969_c0_g2_i1 -            163   3.7e-19   68.9  75.6   1   1   1.5e-08   9.9e-05   22.7   5.2     1    32    72    99    72    99 0.93 EGF-like domain
EGF                  PF00008.29    32 Ae|TR173969_c0_g2_i1 -            163   1.3e-11   44.7  71.5   1   1   2.2e-08   0.00014   22.2   8.4     5    31    73    97    67    98 0.86 EGF-like domain
hEGF                 PF12661.9     22 Ae|TR173969_c0_g2_i1 -            163   7.8e-07   29.6  73.1   1   2   6.5e-06     0.042   14.6   6.4     1    22    12    30    12    30 0.93 Human growth factor-like EGF
hEGF                 PF12661.9     22 Ae|TR173969_c0_g2_i1 -            163   7.8e-07   29.6  73.1   2   2   1.7e-07    0.0011   19.7   6.2     1    22    44    62    44    62 0.94 Human growth factor-like EGF
EGF_2                PF07974.15    32 Lc|TRINITY_DN9568_c1_g1_i1 -            172   3.6e-25   88.1 102.8   1   4   5.3e-09   3.4e-05   24.2  14.0     1    32    47    74    47    74 0.97 EGF-like domain
EGF_2                PF07974.15    32 Lc|TRINITY_DN9568_c1_g1_i1 -            172   3.6e-25   88.1 102.8   2   4   6.9e-09   4.4e-05   23.8  13.5     1    32    79   106    79   106 0.97 EGF-like domain
EGF_2                PF07974.15    32 Lc|TRINITY_DN9568_c1_g1_i1 -            172   3.6e-25   88.1 102.8   3   4   4.1e-09   2.6e-05   24.6  14.2     1    32   111   138   111   138 0.97 EGF-like domain
EGF_2                PF07974.15    32 Lc|TRINITY_DN9568_c1_g1_i1 -            172   3.6e-25   88.1 102.8   4   4   1.2e-08   7.6e-05   23.1  13.9     1    32   143   170   143   170 0.97 EGF-like domain
hEGF                 PF12661.9     22 Lc|TRINITY_DN9568_c1_g1_i1 -            172   1.8e-13   50.6  82.0   1   5   2.6e-06     0.017   15.9   6.9     1    22    19    37    19    37 0.92 Human growth factor-like EGF
hEGF                 PF12661.9     22 Lc|TRINITY_DN9568_c1_g1_i1 -            172   1.8e-13   50.6  82.0   2   5   4.6e-07    0.0029   18.3   6.9     1    22    51    69    51    69 0.93 Human growth factor-like EGF
hEGF                 PF12661.9     22 Lc|TRINITY_DN9568_c1_g1_i1 -            172   1.8e-13   50.6  82.0   3   5   1.4e-06     0.009   16.7   7.8     1    22    83   101    83   101 0.90 Human growth factor-like EGF
hEGF                 PF12661.9     22 Lc|TRINITY_DN9568_c1_g1_i1 -            172   1.8e-13   50.6  82.0   4   5   7.9e-07    0.0051   17.5   8.4     1    22   115   133   115   133 0.90 Human growth factor-like EGF
hEGF                 PF12661.9     22 Lc|TRINITY_DN9568_c1_g1_i1 -            172   1.8e-13   50.6  82.0   5   5   8.1e-07    0.0052   17.5   7.6     1    22   147   165   147   165 0.92 Human growth factor-like EGF
#
# Program:         hmmscan
# Version:         3.3 (Nov 2019)
# Pipeline mode:   SCAN
# Query file:      my_data/Hs_WIF1vs_sponges.fasta
# Target file:     my_data/pfam/Pfam-A.hmm
# Option settings: hmmscan --domtblout my_data/hmm_search/WIF_profile_HS_WIF1vssponges_domtbl.out --cut_ga my_data/pfam/Pfam-A.hmm my_data/Hs_WIF1vs_sponges.fasta 
# Current dir:     /home
# Date:            Thu Aug  5 15:17:46 2021
# [ok]
