#                                                                                --- full sequence --- -------------- this domain -------------   hmm coord   ali coord   env coord
# target name            accession   tlen query name           accession   qlen   E-value  score  bias   #  of  c-Evalue  i-Evalue  score  bias  from    to  from    to  from    to  acc description of target
#    ------------------- ---------- ----- -------------------- ---------- ----- --------- ------ ----- --- --- --------- --------- ------ ----- ----- ----- ----- ----- ----- ----- ---- ---------------------
Of|1176096399            -            661 wnt                  PF00110.21   308  1.3e-164  552.3  53.3   1   3   1.2e-12   2.1e-09   42.5   0.0     2    56    47    99    46   127 0.80 XP_020618804.1| uncharacterized protein LOC110056630 [Orbicella faveolata]
Of|1176096399            -            661 wnt                  PF00110.21   308  1.3e-164  552.3  53.3   2   3  3.9e-105  6.9e-102  346.3  20.9     2   308   194   502   193   502 0.95 XP_020618804.1| uncharacterized protein LOC110056630 [Orbicella faveolata]
Of|1176096399            -            661 wnt                  PF00110.21   308  1.3e-164  552.3  53.3   3   3   6.8e-52   1.2e-48  171.4  21.7   154   308   503   661   502   661 0.90 XP_020618804.1| uncharacterized protein LOC110056630 [Orbicella faveolata]
Of|1176121828            -            550 wnt                  PF00110.21   308  4.8e-149  501.2  33.5   1   2   1.2e-34   2.2e-31  114.7   0.9     4   113    55   161    52   189 0.93 XP_020632229.1| protein Wnt-1-like [Orbicella faveolata]
Of|1176121828            -            550 wnt                  PF00110.21   308  4.8e-149  501.2  33.5   2   2  6.3e-119  1.1e-115  391.6  25.8     4   308   241   550   238   550 0.96 XP_020632229.1| protein Wnt-1-like [Orbicella faveolata]
sb|3462483|              -            726 wnt                  PF00110.21   308  5.7e-137  461.5  30.2   1   3   3.1e-44   5.6e-41  146.2   2.4     3   189    68   267    66   292 0.83 -
sb|3462483|              -            726 wnt                  PF00110.21   308  5.7e-137  461.5  30.2   2   3   1.1e-54     2e-51  180.5   5.6     3   217   311   523   309   537 0.85 -
sb|3462483|              -            726 wnt                  PF00110.21   308  5.7e-137  461.5  30.2   3   3     4e-44   7.2e-41  145.9   6.6    81   255   538   720   534   726 0.82 -
Dm|wg                    -            468 wnt                  PF00110.21   308  1.4e-129  437.2  14.6   1   1  9.8e-133  1.8e-129  436.9  14.6     3   307    62   467    60   468 0.96 NP_523502.1 NP_523502.1 wingless [Drosophila melanogaster]
Bf|XP_002613927.1        -            353 wnt                  PF00110.21   308  1.4e-128  433.9  25.6   1   1  9.3e-132  1.7e-128  433.7  25.6     2   308    45   353    44   353 0.99 hypothetical protein BRAFLDRAFT_56711 [Branchiostoma floridae]
Hs|WNT4                  -            373 wnt                  PF00110.21   308  2.8e-128  433.0  21.8   1   1  1.8e-131  3.3e-128  432.7  21.8     2   308    68   373    67   373 0.98 gi|767904679|ref|XP_011539899.1| gi|767904679|ref|XP_011539899.1| PREDICTED: protein Wnt-4 isoform X1 [Homo sapiens]
Sk|291234645             -            340 wnt                  PF00110.21   308  2.5e-126  426.6  20.5   1   1  1.6e-129  2.8e-126  426.4  20.5     2   308    27   340    26   340 0.96 ref|XP_002737259.1| PREDICTED: protein Wnt-4 [Saccoglossus kowalevskii]
Cg|762130971             -            358 wnt                  PF00110.21   308  3.3e-126  426.2  24.6   1   1  2.1e-129  3.8e-126  425.9  24.6     3   308    51   358    49   358 0.98 ref|XP_011448637.1| PREDICTED: protein Wnt-4-like [Crassostrea gigas]
Pa|g8454.t1              -            353 wnt                  PF00110.21   308  5.5e-126  425.4  25.8   1   1  3.6e-129  6.4e-126  425.2  25.8     2   307    50   352    49   353 0.99 -
Pa|g5116.t1              -            355 wnt                  PF00110.21   308  2.6e-125  423.2  28.2   1   1  1.7e-128    3e-125  423.0  28.2     2   308    45   348    44   348 0.97 -
La|919093778             -            348 wnt                  PF00110.21   308  3.8e-125  422.7  22.1   1   1  2.4e-128  4.3e-125  422.5  22.1     4   307    45   347    42   348 0.98 ref|XP_013383730.1| PREDICTED: protein Wnt-4-like isoform X1 [Lingula anatina]
La|919094544             -            385 wnt                  PF00110.21   308  3.2e-124  419.6  30.4   1   1  2.1e-127  3.7e-124  419.4  30.4     2   308    46   352    45   352 0.96 ref|XP_013384142.1| PREDICTED: protein Wnt-2b-A-like isoform X2 [Lingula anatina]
Ct|ELU08380.1            -            352 wnt                  PF00110.21   308  3.8e-124  419.4  30.4   1   1  2.4e-127  4.4e-124  419.2  30.4     2   308    46   352    45   352 0.98 ELU08380.1 hypothetical protein CAPTEDRAFT_181867 [Capitella teleta]
Sk|259013327             -            349 wnt                  PF00110.21   308  4.1e-124  419.3  19.2   1   1  2.8e-127    5e-124  419.0  19.2     2   308    42   349    41   349 0.96 ref|NP_001158456.1| wingless-type MMTV integration site family, member 3 precursor [Saccoglossus kowalevskii]
Xb|g10593.t1             -            355 wnt                  PF00110.21   308  4.6e-124  419.1  22.0   1   1  2.9e-127  5.3e-124  418.9  22.0     2   308    44   349    43   349 0.96 -
Bf|XP_002598513.1        -            395 wnt                  PF00110.21   308  4.6e-124  419.1  17.8   1   1  4.8e-127  8.6e-124  418.2  17.8     2   308    61   395    60   395 0.96 secreted glycoprotein Wnt3 [Branchiostoma floridae]
Bf|XP_002598626.1        -            376 wnt                  PF00110.21   308  1.7e-123  417.2  24.1   1   1  1.1e-126    2e-123  417.0  24.1     4   307    65   375    62   376 0.96 hypothetical protein BRAFLDRAFT_113720 [Branchiostoma floridae]
Pc|957821455             -            379 wnt                  PF00110.21   308  2.1e-123  417.0  25.1   1   1  1.4e-126  2.4e-123  416.8  25.1     4   307    67   378    64   379 0.95 ref|XP_014681052.1| PREDICTED: protein Wnt-1-like isoform X1 [Priapulus caudatus]
Cg|762122869             -            383 wnt                  PF00110.21   308  3.8e-123  416.1  22.4   1   1  2.4e-126  4.4e-123  415.9  22.4     2   308    64   370    63   370 0.95 ref|XP_011444400.1| PREDICTED: protein Wnt-2b-A-like isoform X1 [Crassostrea gigas]
Hs|WNT3                  -            355 wnt                  PF00110.21   308  4.4e-123  415.9  15.7   1   1  2.8e-126    5e-123  415.7  15.7     2   308    48   355    47   355 0.96 gi|13540477|ref|NP_110380.1| gi|13540477|ref|NP_110380.1| proto-oncogene Wnt-3 precursor [Homo sapiens]
Cg|762145213             -            377 wnt                  PF00110.21   308  5.2e-123  415.7  15.7   1   1  3.3e-126    6e-123  415.5  15.7     4   308    57   377    54   377 0.97 ref|XP_011455885.1| PREDICTED: protein Wnt-1-like isoform X1 [Crassostrea gigas]
Hs|WNT7B                 -            353 wnt                  PF00110.21   308  5.4e-123  415.6  25.0   1   1  3.4e-126  6.1e-123  415.4  25.0     2   308    45   353    44   353 0.93 gi|768025719|ref|XP_011528668.1| gi|768025719|ref|XP_011528668.1| PREDICTED: protein Wnt-7b isoform X1 [Homo sapiens]
Sk|259013323             -            391 wnt                  PF00110.21   308    6e-123  415.5  28.0   1   1  3.9e-126    7e-123  415.2  28.0     2   308    45   351    44   351 0.96 ref|NP_001158455.1| wingless-type MMTV integration site family member 2 precursor [Saccoglossus kowalevskii]
Ad|XP_015754594.1        -            352 wnt                  PF00110.21   308  2.6e-122  413.4  28.4   1   1  1.8e-125  3.2e-122  413.1  28.4     3   308    44   352    43   352 0.98 XP_015754594.1 PREDICTED: protein Wnt-4-like [Acropora digitifera]
Hs|WNT5A                 -            380 wnt                  PF00110.21   308  4.2e-122  412.7  24.8   1   1  2.7e-125  4.8e-122  412.5  24.8     2   308    72   380    71   380 0.98 gi|40806205|ref|NP_003383.2| gi|40806205|ref|NP_003383.2| protein Wnt-5a isoform 1 [Homo sapiens]
Sp|72153594              -            415 wnt                  PF00110.21   308  4.5e-122  412.6  16.7   1   1  3.6e-125  6.4e-122  412.1  16.7     3   308   108   415   106   415 0.96 ref|XP_779946.1| PREDICTED: protein Wnt-5b [Strongylocentrotus purpuratus]
Bf|XP_002597279.1        -            370 wnt                  PF00110.21   308  5.7e-122  412.2  21.9   1   1  3.7e-125  6.6e-122  412.0  21.9     2   308    59   370    58   370 0.99 hypothetical protein BRAFLDRAFT_118160 [Branchiostoma floridae]
Pd|XP_027057346.1        -            361 wnt                  PF00110.21   308  6.3e-122  412.1  28.3   1   1  4.3e-125  7.7e-122  411.8  28.3     5   308    54   361    51   361 0.98 protein Wnt-4-like [Pocillopora damicornis]
Hs|WNT7A                 -            349 wnt                  PF00110.21   308  7.7e-122  411.8  21.2   1   1  4.9e-125  8.8e-122  411.6  21.2     2   308    41   349    40   349 0.94 gi|17505191|ref|NP_004616.2| gi|17505191|ref|NP_004616.2| protein Wnt-7a precursor [Homo sapiens]
Ac|325297128             -            364 wnt                  PF00110.21   308  9.5e-122  411.5  25.7   1   1    6e-125  1.1e-121  411.3  25.7     2   308    49   354    48   354 0.97 ref|NP_001191573.1| Wnt-2 protein precursor [Aplysia californica]
Cg|762164767             -            371 wnt                  PF00110.21   308    1e-121  411.4  22.2   1   1  6.4e-125  1.2e-121  411.2  22.2     2   308    61   371    60   371 0.97 ref|XP_011420711.1| PREDICTED: protein Wnt-5b-like [Crassostrea gigas]
Hs|WNT10A                -            417 wnt                  PF00110.21   308  1.3e-121  411.0   8.2   1   1  8.5e-125  1.5e-121  410.9   8.2     2   308    64   417    63   417 0.96 gi|16936520|ref|NP_079492.2| gi|16936520|ref|NP_079492.2| protein Wnt-10a precursor [Homo sapiens]
Hs|WNT2B                 -            372 wnt                  PF00110.21   308  1.6e-121  410.8  27.7   1   1    1e-124  1.9e-121  410.6  27.7     2   308    56   361    55   361 0.97 gi|13518017|ref|NP_004176.2| gi|13518017|ref|NP_004176.2| protein Wnt-2b isoform WNT-2B1 [Homo sapiens]
Ac|871277480             -            354 wnt                  PF00110.21   308  2.3e-121  410.3  26.0   1   1  1.5e-124  2.7e-121  410.0  26.0     2   307    49   353    48   354 0.96 ref|XP_012946342.1| PREDICTED: protein Wnt-4-like [Aplysia californica]
Hs|WNT2                  -            360 wnt                  PF00110.21   308  2.5e-121  410.1  25.6   1   1  1.6e-124  2.9e-121  409.9  25.6     2   308    44   349    43   349 0.97 gi|4507927|ref|NP_003382.1| gi|4507927|ref|NP_003382.1| protein Wnt-2 precursor [Homo sapiens]
Cg|762116145             -            375 wnt                  PF00110.21   308  5.4e-121  409.1  28.3   1   1  3.4e-124  6.1e-121  408.9  28.3     2   308    67   375    66   375 0.96 ref|XP_011440894.1| PREDICTED: protein Wnt-7b-like isoform X1 [Crassostrea gigas]
Hs|WNT3A                 -            446 wnt                  PF00110.21   308  6.7e-121  408.7  19.2   1   1  4.5e-124  8.1e-121  408.5  19.2     2   308    45   352    44   352 0.96 gi|767912803|ref|XP_011542621.1| gi|767912803|ref|XP_011542621.1| PREDICTED: protein Wnt-3a isoform X1 [Homo sapiens]
Ac|871236807             -            395 wnt                  PF00110.21   308  8.6e-121  408.4  19.8   1   1  5.6e-124    1e-120  408.2  19.8     2   308    86   395    85   395 0.97 ref|XP_012938731.1| PREDICTED: protein Wnt-5b-like [Aplysia californica]
Hs|WNT5B                 -            359 wnt                  PF00110.21   308  1.1e-120  408.1  23.2   1   1  6.8e-124  1.2e-120  407.9  23.2     2   308    51   359    50   359 0.97 gi|767971492|ref|XP_011519328.1| gi|767971492|ref|XP_011519328.1| PREDICTED: protein Wnt-5b isoform X1 [Homo sapiens]
Bf|XP_002598625.1        -            343 wnt                  PF00110.21   308  1.2e-120  407.9  23.9   1   1  7.8e-124  1.4e-120  407.7  23.9     2   307    43   342    42   343 0.98 hypothetical protein BRAFLDRAFT_57222 [Branchiostoma floridae]
Of|1176060953            -            360 wnt                  PF00110.21   308    2e-120  407.2  22.2   1   1  1.3e-123  2.4e-120  406.9  22.2     4   308    53   360    51   360 0.98 XP_020624987.1| protein Wnt-4a-like [Orbicella faveolata]
Pc|957816287             -            353 wnt                  PF00110.21   308  2.4e-120  406.9  24.4   1   1  1.6e-123  2.8e-120  406.7  24.4     2   308    48   353    47   353 0.98 ref|XP_014669139.1| PREDICTED: LOW QUALITY PROTEIN: protein Wnt-4-like [Priapulus caudatus]
Nv|NVE12960              -            363 wnt                  PF00110.21   308  5.5e-120  405.7  27.5   1   1  3.5e-123  6.4e-120  405.5  27.5     2   307    50   362    49   363 0.94 -
Xb|g3640.t1              -            348 wnt                  PF00110.21   308    9e-120  405.0  21.2   1   1  5.7e-123    1e-119  404.8  21.2     2   308    40   348    39   348 0.97 -
Hs|WNT1                  -            370 wnt                  PF00110.21   308  9.1e-120  405.0  11.3   1   1  5.8e-123    1e-119  404.8  11.3     2   307    61   369    60   370 0.95 gi|4885655|ref|NP_005421.1| gi|4885655|ref|NP_005421.1| proto-oncogene Wnt-1 precursor [Homo sapiens]
Ep|XP_020895878.1        -            392 wnt                  PF00110.21   308  1.1e-119  404.8  23.5   1   1  8.2e-123  1.5e-119  404.3  23.5     2   308    43   344    42   344 0.98 protein Wnt-2b-A-like [Exaiptasia pallida]
Bf|XP_002597288.1        -            347 wnt                  PF00110.21   308  1.3e-119  404.5  25.3   1   1  8.3e-123  1.5e-119  404.3  25.3     2   308    39   347    38   347 0.94 wnt-7b protein [Branchiostoma floridae]
Nv|NVE21992              -            363 wnt                  PF00110.21   308  2.5e-119  403.6  28.5   1   1  1.6e-122  2.9e-119  403.3  28.5     2   308     5   306     4   306 0.96 -
Of|1176070450            -            411 wnt                  PF00110.21   308  2.5e-119  403.6  21.7   1   1  1.4e-122  2.5e-119  403.6  21.7     2   308    42   343    41   343 0.96 XP_020605098.1| protein Wnt-2b-A-like [Orbicella faveolata]
Sk|269785077             -            365 wnt                  PF00110.21   308  2.6e-119  403.5  19.3   1   1  1.6e-122    3e-119  403.3  19.3     2   308    57   365    56   365 0.97 ref|NP_001161494.1| wingless-type MMTV integration site family, member 5 precursor [Saccoglossus kowalevskii]
Ad|XP_015754600.1        -            352 wnt                  PF00110.21   308  2.6e-119  403.5  24.7   1   1  1.8e-122  3.2e-119  403.2  24.7     4   308    46   352    44   352 0.97 XP_015754600.1 PREDICTED: protein Wnt-4-like [Acropora digitifera]
La|919077758             -            338 wnt                  PF00110.21   308  2.6e-119  403.5  20.0   1   1  1.6e-122  2.9e-119  403.3  20.0     3   308    29   338    27   338 0.95 ref|XP_013420012.1| PREDICTED: protein Wnt-10a-like [Lingula anatina]
Pa|g18101.t1             -            366 wnt                  PF00110.21   308  3.6e-119  403.0  21.4   1   1  2.3e-122  4.1e-119  402.9  21.4     2   308    57   366    56   366 0.97 -
Sp|184186101             -            369 wnt                  PF00110.21   308  4.2e-119  402.9  25.6   1   1  2.7e-122  4.8e-119  402.7  25.6     2   307    57   368    56   369 0.96 ref|NP_001116972.1| protein Wnt-1 precursor [Strongylocentrotus purpuratus]
La|919022641             -            357 wnt                  PF00110.21   308  7.4e-119  402.0  21.1   1   1  4.7e-122  8.4e-119  401.8  21.1     2   308    43   357    42   357 0.93 ref|XP_013395210.1| PREDICTED: protein Wnt-7b-like isoform X1 [Lingula anatina]
Nv|NVE17746              -            354 wnt                  PF00110.21   308  9.6e-119  401.7  19.6   1   1  6.6e-122  1.2e-118  401.3  19.6     4   308    48   354    46   354 0.98 -
Cg|762145195             -            389 wnt                  PF00110.21   308    1e-118  401.6  27.7   1   1  6.7e-122  1.2e-118  401.3  27.7     3   308    87   389    85   389 0.95 ref|XP_011455875.1| PREDICTED: protein Wnt-10a-like isoform X1 [Crassostrea gigas]
Sk|259013321             -            370 wnt                  PF00110.21   308  1.2e-118  401.4  28.7   1   1  7.4e-122  1.3e-118  401.2  28.7     4   307    57   369    54   370 0.95 ref|NP_001158454.1| wingless-type MMTV integration site family, member 1 precursor [Saccoglossus kowalevskii]
Ep|XP_020916616.1        -            357 wnt                  PF00110.21   308  1.9e-118  400.7  20.7   1   1  1.3e-121  2.4e-118  400.4  20.7     4   308    50   357    48   357 0.98 protein Wnt-4-like [Exaiptasia pallida]
Xb|g3363.t1              -            373 wnt                  PF00110.21   308  3.8e-118  399.7  19.6   1   1  2.5e-121  4.4e-118  399.5  19.6     4   307    52   372    49   373 0.95 -
Pd|XP_027050567.1        -            410 wnt                  PF00110.21   308  6.9e-118  398.8  24.0   1   1  5.5e-121  9.9e-118  398.3  24.0     2   308    42   344    41   344 0.95 protein Wnt-2b-A-like [Pocillopora damicornis]
Ep|XP_020893167.1        -            354 wnt                  PF00110.21   308  1.2e-117  398.1  28.9   1   1  7.6e-121  1.4e-117  397.9  28.9     2   308    45   354    44   354 0.94 protein Wnt-1-like isoform X1 [Exaiptasia pallida]
Ac|524909465             -            360 wnt                  PF00110.21   308  1.4e-117  397.8  27.6   1   1  9.1e-121  1.6e-117  397.6  27.6     3   308    47   360    45   360 0.94 ref|XP_005109779.1| PREDICTED: protein Wnt-10a-like isoform X1 [Aplysia californica]
Ac|871259004             -            352 wnt                  PF00110.21   308    2e-117  397.3  17.0   1   1  1.2e-120  2.2e-117  397.2  17.0     2   308    42   352    41   352 0.94 ref|XP_012942721.1| PREDICTED: protein Wnt-7b-like [Aplysia californica]
Xb|g3564.t1              -           1989 wnt                  PF00110.21   308  2.3e-117  397.1  13.2   1   1  1.3e-120  2.3e-117  397.1  13.2     2   303     8   318     7   321 0.93 -
Nv|NVE17595              -            349 wnt                  PF00110.21   308  2.3e-117  397.1  37.7   1   1  1.5e-120  2.6e-117  396.9  37.7     3   308    46   349    44   349 0.97 -
La|919022621             -            364 wnt                  PF00110.21   308  2.4e-117  397.1  17.7   1   1  1.5e-120  2.8e-117  396.9  17.7     2   308    55   364    54   364 0.98 ref|XP_013395199.1| PREDICTED: protein Wnt-5b-like [Lingula anatina]
Ct|ELU12345.1            -            337 wnt                  PF00110.21   308  2.6e-117  397.0  25.5   1   1  1.6e-120  2.9e-117  396.8  25.5     2   308    10   316     9   316 0.94 ELU12345.1 hypothetical protein CAPTEDRAFT_96953, partial [Capitella teleta]
Ad|XP_015753685.1        -            364 wnt                  PF00110.21   308  3.1e-117  396.7  27.1   1   1  1.9e-120  3.5e-117  396.5  27.1     4   308    55   364    52   364 0.96 XP_015753685.1 PREDICTED: LOW QUALITY PROTEIN: protein Wnt-1-like [Acropora digitifera]
Cg|762170497             -            361 wnt                  PF00110.21   308  3.6e-117  396.5  29.0   1   1  2.3e-120  4.1e-117  396.3  29.0     2   308    53   361    52   361 0.93 ref|XP_011423677.1| PREDICTED: protein Wnt-16-like [Crassostrea gigas]
La|919022635             -            356 wnt                  PF00110.21   308  3.8e-117  396.4  28.0   1   1  2.5e-120  4.5e-117  396.2  28.0     5   308    52   356    48   356 0.94 ref|XP_013395206.1| PREDICTED: protein Wnt-16-like isoform X1 [Lingula anatina]
Pd|XP_027043510.1        -            363 wnt                  PF00110.21   308  6.8e-117  395.6  22.8   1   1  4.3e-120  7.7e-117  395.4  22.8     4   308    55   363    52   363 0.95 protein Wnt-1-like isoform X1 [Pocillopora damicornis]
Hs|WNT16                 -            365 wnt                  PF00110.21   308  7.3e-117  395.5  21.8   1   1    5e-120    9e-117  395.2  21.8     5   308    52   365    49   365 0.91 gi|17402916|ref|NP_476509.1| gi|17402916|ref|NP_476509.1| protein Wnt-16 isoform 1 precursor [Homo sapiens]
Ep|XP_020893235.1        -            356 wnt                  PF00110.21   308  7.6e-117  395.4  30.0   1   1  4.9e-120  8.7e-117  395.2  30.0     3   308    53   356    51   356 0.97 protein Wnt-3a-like [Exaiptasia pallida]
Ac|524870527             -            358 wnt                  PF00110.21   308  1.7e-116  394.3  26.0   1   1  1.1e-119    2e-116  394.1  26.0     2   308    57   358    56   358 0.97 ref|XP_005092048.1| PREDICTED: protein Wnt-4-like [Aplysia californica]
Ac|871278161             -            343 wnt                  PF00110.21   308  2.2e-116  393.9  20.3   1   1  1.4e-119  2.5e-116  393.7  20.3     2   307    42   342    41   343 0.98 ref|XP_012946494.1| PREDICTED: protein Wnt-6-like [Aplysia californica]
Sk|269785051             -            354 wnt                  PF00110.21   308  2.2e-116  393.9  25.6   1   1  1.4e-119  2.6e-116  393.7  25.6     2   308    45   354    44   354 0.95 ref|NP_001161677.1| wingless-type MMTV integration site family, member 7 [Saccoglossus kowalevskii]
Xb|g10601.t1             -            352 wnt                  PF00110.21   308  2.8e-116  393.6  24.0   1   1  1.8e-119  3.2e-116  393.4  24.0     2   308    44   352    43   352 0.95 -
Cg|762141774             -            355 wnt                  PF00110.21   308  4.1e-116  393.0  27.7   1   1  2.7e-119  4.8e-116  392.8  27.7     2   308    53   355    52   355 0.98 ref|XP_011454083.1| PREDICTED: protein Wnt-4-like [Crassostrea gigas]
Hs|WNT6                  -            365 wnt                  PF00110.21   308    6e-116  392.5   3.5   1   1  3.8e-119  6.8e-116  392.3   3.5     3   307    45   364    43   365 0.96 gi|16507239|ref|NP_006513.1| gi|16507239|ref|NP_006513.1| protein Wnt-6 precursor [Homo sapiens]
Pa|g11990.t1             -            380 wnt                  PF00110.21   308  6.2e-116  392.4  25.1   1   1  4.1e-119  7.4e-116  392.2  25.1     3   308    65   380    63   380 0.94 -
Pc|957829593             -            355 wnt                  PF00110.21   308  6.8e-116  392.3  27.6   1   1  4.4e-119  7.9e-116  392.1  27.6     2   308    54   355    53   355 0.98 ref|XP_014664710.1| PREDICTED: protein Wnt-4a-like [Priapulus caudatus]
Ac|871214129             -            360 wnt                  PF00110.21   308  9.6e-116  391.8  26.3   1   1  6.2e-119  1.1e-115  391.6  26.3     2   308    54   360    53   360 0.95 ref|XP_012934625.1| PREDICTED: protein Wnt-16-like [Aplysia californica]
d_gig|g11206.t1          -            352 wnt                  PF00110.21   308  2.1e-115  390.7  28.0   1   1  1.4e-118  2.4e-115  390.5  28.0     3   308    17   317    15   317 0.96 -
d_gig|g22643.t1          -            352 wnt                  PF00110.21   308  2.1e-115  390.7  28.0   1   1  1.4e-118  2.4e-115  390.5  28.0     3   308    17   317    15   317 0.96 -
Pa|g17239.t1             -            357 wnt                  PF00110.21   308  2.4e-115  390.5  23.8   1   1  1.5e-118  2.8e-115  390.3  23.8     2   308    42   357    41   357 0.91 -
Of|1176078059            -            362 wnt                  PF00110.21   308  4.3e-115  389.7  21.9   1   1  2.8e-118  5.1e-115  389.4  21.9     2   308    47   362    46   362 0.97 XP_020609075.1| protein Wnt-16-like isoform X2 [Orbicella faveolata]
La|919077760             -            350 wnt                  PF00110.21   308  5.5e-115  389.3  23.4   1   1  3.5e-118  6.3e-115  389.1  23.4     2   307    48   349    47   350 0.97 ref|XP_013420014.1| PREDICTED: protein Wnt-6-like isoform X1 [Lingula anatina]
Of|1176121526            -            349 wnt                  PF00110.21   308  5.7e-115  389.3  24.2   1   1  3.6e-118  6.5e-115  389.1  24.2     2   308    45   349    44   349 0.96 XP_020632069.1| protein Wnt-3a-like [Orbicella faveolata]
Sk|585693557             -            360 wnt                  PF00110.21   308  6.7e-115  389.0  23.3   1   1  4.3e-118  7.8e-115  388.8  23.3     3   308    57   360    55   360 0.95 ref|XP_002738899.2| PREDICTED: protein Wnt-16-like [Saccoglossus kowalevskii]
Pd|XP_027043371.1        -            351 wnt                  PF00110.21   308  8.8e-115  388.6  27.1   1   1  5.6e-118    1e-114  388.4  27.1     2   308    47   351    46   351 0.97 protein Wnt-3a-like [Pocillopora damicornis]
Ad|XP_015764912.1        -            368 wnt                  PF00110.21   308  1.4e-114  388.0  24.5   1   1  9.7e-118  1.7e-114  387.7  24.5     2   308    46   368    45   368 0.96 XP_015764912.1 PREDICTED: protein Wnt-16-like isoform X1 [Acropora digitifera]
Ad|XP_015753662.1        -            350 wnt                  PF00110.21   308  1.4e-114  387.9  28.9   1   1  9.1e-118  1.6e-114  387.8  28.9     2   308    45   350    44   350 0.96 XP_015753662.1 PREDICTED: protein Wnt-3a-like isoform X2 [Acropora digitifera]
Sp|390359651             -            359 wnt                  PF00110.21   308  1.5e-114  387.9  19.7   1   1  9.5e-118  1.7e-114  387.7  19.7     3   308    46   359    44   359 0.96 ref|XP_790595.2| PREDICTED: proto-oncogene Wnt-3 [Strongylocentrotus purpuratus]
Bf|XP_002599799.1        -            313 wnt                  PF00110.21   308  2.6e-114  387.1  25.2   1   1  1.6e-117  2.9e-114  386.9  25.2     7   308     3   313     1   313 0.91 hypothetical protein BRAFLDRAFT_205854, partial [Branchiostoma floridae]
Ct|ELT95358.1            -            379 wnt                  PF00110.21   308    3e-114  386.9  21.4   1   1  1.9e-117  3.5e-114  386.7  21.4     2   307    65   378    64   379 0.94 ELT95358.1 hypothetical protein CAPTEDRAFT_110406 [Capitella teleta]
Sp|390355306             -            430 wnt                  PF00110.21   308  3.4e-114  386.7  15.9   1   1  2.5e-117  4.5e-114  386.3  15.9     2   308    98   430    97   430 0.88 ref|XP_796616.2| PREDICTED: protein Wnt-16 [Strongylocentrotus purpuratus]
Ct|ELT87681.1            -            376 wnt                  PF00110.21   308  4.7e-114  386.3  31.2   1   1    3e-117  5.4e-114  386.1  31.2     3   308    63   376    61   376 0.93 ELT87681.1 hypothetical protein CAPTEDRAFT_149951 [Capitella teleta]
La|919047853             -            404 wnt                  PF00110.21   308  7.8e-114  385.5  30.5   1   2   1.7e-27   3.1e-24   91.2   1.4     2   100    45   141    44   154 0.94 ref|XP_013407113.1| PREDICTED: protein Wnt-11b-2-like [Lingula anatina]
La|919047853             -            404 wnt                  PF00110.21   308  7.8e-114  385.5  30.5   2   2   4.8e-91   8.7e-88  300.0  21.7    63   307   155   403   152   404 0.97 ref|XP_013407113.1| PREDICTED: protein Wnt-11b-2-like [Lingula anatina]
Xb|g10402.t1             -            369 wnt                  PF00110.21   308  8.6e-114  385.4  18.2   1   1  5.6e-117    1e-113  385.2  18.2     3   308    61   369    59   369 0.96 -
Dm|Wnt2                  -            352 wnt                  PF00110.21   308  8.8e-114  385.4  19.7   1   1  5.5e-117  9.9e-114  385.2  19.7     2   308    33   352    32   352 0.93 NP_476810.1 NP_476810.1 Wnt oncogene analog 2, isoform A [Drosophila melanogaster]
Sp|390346016             -            353 wnt                  PF00110.21   308  1.1e-113  385.0  25.9   1   1    7e-117  1.3e-113  384.8  25.9     2   308    41   353    40   353 0.91 ref|XP_787051.3| PREDICTED: protein Wnt-7b [Strongylocentrotus purpuratus]
Pd|XP_027040481.1        -            362 wnt                  PF00110.21   308  1.2e-113  384.9  23.2   1   1  7.8e-117  1.4e-113  384.7  23.2     2   308    47   362    46   362 0.97 protein Wnt-16-like isoform X2 [Pocillopora damicornis]
a_aur|scaffold283.g27.t1 -            358 wnt                  PF00110.21   308  1.3e-113  384.8  25.5   1   1  8.1e-117  1.5e-113  384.6  25.5     3   308    49   358    47   358 0.94 -
La|919045136             -            327 wnt                  PF00110.21   308  1.6e-113  384.5  29.7   1   1    1e-116  1.9e-113  384.3  29.7     3   308    27   327    25   327 0.98 ref|XP_013405759.1| PREDICTED: protein Wnt-5a-like, partial [Lingula anatina]
Dm|Wnt10                 -            483 wnt                  PF00110.21   308    2e-113  384.2  25.2   1   1  1.8e-116  3.2e-113  383.5  25.2     2   308    79   483    78   483 0.94 NP_609109.3 NP_609109.3 Wnt oncogene analog 10 [Drosophila melanogaster]
La|919096882             -            358 wnt                  PF00110.21   308  2.1e-113  384.1  29.5   1   1  1.3e-116  2.4e-113  383.9  29.5     3   308    58   358    56   358 0.98 ref|XP_013385109.1| PREDICTED: protein Wnt-5a-like [Lingula anatina]
m_vir|scaffold3.g1.t1    -            336 wnt                  PF00110.21   308  4.3e-113  383.1  23.6   1   1  2.8e-116    5e-113  382.9  23.6     2   308    26   336    25   336 0.96 -
Pc|957856751             -            366 wnt                  PF00110.21   308    5e-113  382.9  22.7   1   1  3.2e-116  5.8e-113  382.7  22.7     2   308    57   366    56   366 0.92 ref|XP_014677720.1| PREDICTED: protein Wnt-16-like [Priapulus caudatus]
Ct|ELU03126.1            -            359 wnt                  PF00110.21   308  5.9e-113  382.7  24.4   1   1  3.7e-116  6.7e-113  382.5  24.4     2   308    45   359    44   359 0.93 ELU03126.1 hypothetical protein CAPTEDRAFT_112156 [Capitella teleta]
Ct|ELU04026.1            -            293 wnt                  PF00110.21   308    8e-113  382.2  21.4   1   1    5e-116    9e-113  382.0  21.4    20   308     1   293     1   293 0.96 ELU04026.1 hypothetical protein CAPTEDRAFT_156046 [Capitella teleta]
Sp|390337139             -            364 wnt                  PF00110.21   308  1.5e-112  381.3  23.6   1   1  9.7e-116  1.7e-112  381.1  23.6     2   308    49   364    48   364 0.92 ref|XP_781564.2| PREDICTED: protein Wnt-10b isoform X1 [Strongylocentrotus purpuratus]
Ci|699246177             -            393 wnt                  PF00110.21   308  1.7e-112  381.1  19.2   1   1  1.1e-115    2e-112  380.9  19.2     2   307    72   392    71   393 0.92 ref|XP_009859675.1| PREDICTED: wingless-type MMTV integration site family, member 3 isoform X1 [Ciona intestinalis]
Sk|269785075             -            358 wnt                  PF00110.21   308    2e-112  380.9  24.3   1   1  1.3e-115  2.4e-112  380.7  24.3     4   308    54   358    51   358 0.97 ref|NP_001161493.1| wingless-type MMTV integration site family, member 11 precursor [Saccoglossus kowalevskii]
Bf|XP_002593786.1        -            351 wnt                  PF00110.21   308  2.3e-112  380.7  30.1   1   1  1.5e-115  2.7e-112  380.5  30.1     2   308    46   351    45   351 0.97 hypothetical protein BRAFLDRAFT_271417 [Branchiostoma floridae]
Ci|74136035              -            360 wnt                  PF00110.21   308  2.4e-112  380.7  24.9   1   1  1.5e-115  2.7e-112  380.5  24.9     2   308    53   360    52   360 0.97 ref|NP_001027951.1| Wnt signaling ligand precursor [Ciona intestinalis]
d_gig|g12409.t1          -            357 wnt                  PF00110.21   308  2.6e-112  380.5  29.2   1   1  1.7e-115    3e-112  380.3  29.2     4   307    52   356    49   357 0.96 -
Cg|762145207             -            347 wnt                  PF00110.21   308  2.7e-112  380.5  27.7   1   1  1.7e-115  3.1e-112  380.3  27.7     3   307    45   346    43   347 0.97 ref|XP_011455882.1| PREDICTED: protein Wnt-6-like [Crassostrea gigas]
Sp|72019591              -            352 wnt                  PF00110.21   308  3.7e-112  380.0  26.2   1   1  2.5e-115  4.4e-112  379.8  26.2     6   308    48   347    43   347 0.96 ref|XP_790077.1| PREDICTED: protein Wnt-6 [Strongylocentrotus purpuratus]
Ad|XP_015754603.1        -            386 wnt                  PF00110.21   308  6.3e-112  379.3  16.7   1   1  4.2e-115  7.5e-112  379.0  16.7     4   307    79   385    76   386 0.98 XP_015754603.1 PREDICTED: protein Wnt-4-like isoform X1 [Acropora digitifera]
Nv|NVE4013               -            349 wnt                  PF00110.21   308  2.8e-111  377.1  23.1   1   1  1.8e-114  3.2e-111  376.9  23.1     2   307    46   348    45   349 0.95 -
Sk|291244845             -            330 wnt                  PF00110.21   308  2.9e-111  377.1  24.0   1   1  1.9e-114  3.3e-111  376.9  24.0     3   308    25   330    23   330 0.97 ref|XP_002742304.1| PREDICTED: protein Wnt-10a [Saccoglossus kowalevskii]
m_vir|scaffold12.g86.t1  -            403 wnt                  PF00110.21   308  3.2e-111  377.0  19.4   1   1  1.8e-114  3.2e-111  377.0  19.4     2   308    44   346    43   346 0.96 -
Ce|cwn-2                 -            360 wnt                  PF00110.21   308  1.2e-110  375.1  22.2   1   1  7.4e-114  1.3e-110  374.9  22.2     2   308    48   360    47   360 0.94 NP_501822.1 NP_501822.1 CWN-2 [Caenorhabditis elegans]
Pa|g11991.t1             -            345 wnt                  PF00110.21   308  1.2e-110  375.0  27.6   1   1  7.7e-114  1.4e-110  374.9  27.6     3   308    44   345    42   345 0.97 -
Bf|XP_002609873.1        -            367 wnt                  PF00110.21   308  1.3e-110  375.0  25.4   1   1  8.8e-114  1.6e-110  374.7  25.4     7   308    63   367    58   367 0.95 hypothetical protein BRAFLDRAFT_60204 [Branchiostoma floridae]
Dm|Wnt6                  -            420 wnt                  PF00110.21   308  1.4e-110  374.8  21.1   1   1  9.3e-114  1.7e-110  374.6  21.1     2   307    38   419    37   420 0.97 NP_001260188.1 NP_001260188.1 Wnt oncogene analog 6, isoform C [Drosophila melanogaster]
Of|1176070424            -            412 wnt                  PF00110.21   308  1.5e-110  374.7  24.7   1   1    1e-113  1.9e-110  374.4  24.7     2   308    43   350    42   350 0.95 XP_020605087.1| protein Wnt-2-like [Orbicella faveolata]
Pc|957821472             -            388 wnt                  PF00110.21   308  3.2e-110  373.6  28.4   1   1  2.1e-113  3.8e-110  373.4  28.4     3   308    72   388    70   388 0.95 ref|XP_014681062.1| PREDICTED: protein Wnt-10a-like [Priapulus caudatus]
Ci|118343944             -            510 wnt                  PF00110.21   308  3.8e-110  373.4  31.9   1   1    3e-113  5.3e-110  372.9  31.9     5   308    57   362    54   362 0.95 ref|NP_001071794.1| Wnt signaling ligand [Ciona intestinalis]
Cg|762162830             -            354 wnt                  PF00110.21   308  5.4e-110  372.9  26.6   1   1  3.5e-113  6.2e-110  372.7  26.6     4   308    49   354    46   354 0.97 ref|XP_011419690.1| PREDICTED: protein Wnt-11b-2-like [Crassostrea gigas]
Sk|284005183             -            360 wnt                  PF00110.21   308  7.3e-110  372.5  27.3   1   1  4.7e-113  8.4e-110  372.3  27.3     2   308    56   360    55   360 0.96 ref|NP_001164718.1| WntA-like protein [Saccoglossus kowalevskii]
Of|1176121725            -            361 wnt                  PF00110.21   308  2.7e-109  370.6  24.3   1   1  1.7e-112  3.1e-109  370.4  24.3     2   308    54   361    53   361 0.95 XP_020632176.1| protein Wnt-10a-like [Orbicella faveolata]
Pd|XP_027050502.1        -            363 wnt                  PF00110.21   308  2.8e-109  370.6  27.8   1   1  1.9e-112  3.5e-109  370.3  27.8     5   308    49   349    46   349 0.96 protein Wnt-2b-like [Pocillopora damicornis]
Pd|XP_027043512.1        -            360 wnt                  PF00110.21   308  3.1e-109  370.4  26.1   1   1    2e-112  3.6e-109  370.2  26.1     2   308    55   360    54   360 0.95 protein Wnt-10a-like [Pocillopora damicornis]
Of|1176070452            -            347 wnt                  PF00110.21   308  1.6e-108  368.1  23.2   1   1    1e-111  1.8e-108  367.9  23.2     2   308    42   347    41   347 0.94 XP_020605099.1| protein Wnt-2b-like [Orbicella faveolata]
m_vir|scaffold120.g23.t1 -            385 wnt                  PF00110.21   308  1.7e-108  368.0  21.8   1   1  1.1e-111  1.9e-108  367.8  21.8     2   308    77   385    76   385 0.96 -
Ce|cwn-1                 -            372 wnt                  PF00110.21   308  1.7e-108  368.0  18.8   1   1  1.1e-111  1.9e-108  367.8  18.8     2   307    45   371    44   372 0.94 NP_493668.1 NP_493668.1 CWN-1, isoform a [Caenorhabditis elegans]
Ct|ELU01968.1            -            275 wnt                  PF00110.21   308  3.9e-108  366.8  26.9   1   1  2.4e-111  4.3e-108  366.7  26.9    29   308     1   275     1   275 0.98 ELU01968.1 hypothetical protein CAPTEDRAFT_216606 [Capitella teleta]
Ct|ELT92804.1            -            344 wnt                  PF00110.21   308  9.5e-108  365.5  23.0   1   1    6e-111  1.1e-107  365.4  23.0     3   308    43   344    41   344 0.96 ELT92804.1 hypothetical protein CAPTEDRAFT_182518, partial [Capitella teleta]
Xb|g3360.t1              -            374 wnt                  PF00110.21   308  1.1e-107  365.4  24.7   1   1    7e-111  1.3e-107  365.1  24.7     4   308    70   374    67   374 0.92 -
c_hem|XLOC_001931        -            359 wnt                  PF00110.21   308  1.1e-107  365.3  20.4   1   1  7.2e-111  1.3e-107  365.1  20.4     4   308    47   358    44   358 0.96 TCONS_00003473|m.4986 XLOC_001931 TCONS_00003473|m.4986 TCONS_00003473|g.4986 ORF TCONS_00003473|g.4986 TCONS_00003473|m.4986 type:complete len:359 (+) TCONS_00003473:345-1421(+)
Ct|ELT95359.1            -            319 wnt                  PF00110.21   308  2.7e-107  364.1  29.0   1   1  1.7e-110    3e-107  363.9  29.0     2   308    14   319    13   319 0.95 ELT95359.1 hypothetical protein CAPTEDRAFT_110385, partial [Capitella teleta]
Hv|565324131             -            363 wnt                  PF00110.21   308  3.4e-107  363.7  21.3   1   1  2.2e-110    4e-107  363.5  21.3     4   308    52   363    49   363 0.95 ref|NP_001274292.1| proto-oncogene Wnt-3-like precursor [Hydra vulgaris]
Ad|XP_015753686.1        -            361 wnt                  PF00110.21   308  4.4e-107  363.4  24.0   1   1  2.8e-110  5.1e-107  363.2  24.0     2   308    53   361    52   361 0.95 XP_015753686.1 PREDICTED: protein Wnt-10a-like [Acropora digitifera]
Nv|NVE1780               -            404 wnt                  PF00110.21   308    5e-107  363.2  30.0   1   1  3.3e-110  5.9e-107  362.9  30.0     3   308    82   404    80   404 0.93 -
Xb|g12692.t1             -            384 wnt                  PF00110.21   308  6.1e-107  362.9  20.2   1   1    4e-110  7.1e-107  362.7  20.2     3   305    47   348    45   351 0.96 -
Ad|XP_015753683.1        -            370 wnt                  PF00110.21   308  1.7e-106  361.5  29.5   1   1  1.1e-109  1.9e-106  361.3  29.5     7   307    46   369    40   370 0.95 XP_015753683.1 PREDICTED: protein Wnt-1-like isoform X1 [Acropora digitifera]
m_vir|scaffold426.g7.t1  -            357 wnt                  PF00110.21   308  2.4e-106  361.0  20.7   1   1  1.5e-109  2.7e-106  360.8  20.7     3   307    46   356    44   357 0.96 -
Of|1176083309            -            355 wnt                  PF00110.21   308  6.3e-106  359.6  30.8   1   1    4e-109  7.2e-106  359.4  30.8     3   308    46   355    44   355 0.96 XP_020611841.1| protein Wnt-4-like [Orbicella faveolata]
Ep|XP_020913046.1        -            355 wnt                  PF00110.21   308  7.8e-106  359.2  26.7   1   1    5e-109    9e-106  359.0  26.7     2   307    49   354    48   355 0.95 protein Wnt-10a-like [Exaiptasia pallida]
La|919073302             -            353 wnt                  PF00110.21   308  1.4e-105  358.4  23.4   1   1  8.9e-109  1.6e-105  358.2  23.4     2   307    45   352    44   353 0.97 ref|XP_013417895.1| PREDICTED: protein Wnt-11b-2-like [Lingula anatina]
Hs|WNT11                 -            364 wnt                  PF00110.21   308  1.8e-105  358.1  11.3   1   1  1.2e-108  2.1e-105  357.8  11.3     2   308    48   364    47   364 0.93 gi|767968710|ref|XP_011543540.1| gi|767968710|ref|XP_011543540.1| PREDICTED: protein Wnt-11 isoform X2 [Homo sapiens]
Ac|871218711             -            356 wnt                  PF00110.21   308  2.7e-105  357.5  18.1   1   1  1.7e-108  3.1e-105  357.3  18.1     3   308    49   356    47   356 0.97 ref|XP_012935446.1| PREDICTED: protein Wnt-11b-2-like [Aplysia californica]
Ct|ELT92315.1            -            329 wnt                  PF00110.21   308  1.1e-104  355.5  23.6   1   1  7.2e-108  1.3e-104  355.3  23.6     3   308    23   329    21   329 0.95 ELT92315.1 hypothetical protein CAPTEDRAFT_20087 [Capitella teleta]
Pd|XP_027043509.1        -            370 wnt                  PF00110.21   308  1.1e-104  355.4  23.2   1   1  7.3e-108  1.3e-104  355.2  23.2     4   308    42   370    39   370 0.96 protein Wnt-6-like [Pocillopora damicornis]
a_aur|scaffold33.g64.t1  -            398 wnt                  PF00110.21   308  1.7e-104  354.9  24.6   1   1  1.3e-107  2.4e-104  354.4  24.6     2   308    42   344    41   344 0.97 -
Sp|72136290              -            354 wnt                  PF00110.21   308  2.7e-104  354.2  23.6   1   1  1.7e-107  3.1e-104  354.0  23.6     3   308    53   354    51   354 0.96 ref|XP_797603.1| PREDICTED: protein Wnt-4 [Strongylocentrotus purpuratus]
Ep|XP_020904200.1        -            413 wnt                  PF00110.21   308  3.6e-104  353.8  22.2   1   1  2.3e-107  4.2e-104  353.6  22.2     3   308    86   413    84   413 0.90 protein Wnt-5b-like isoform X1 [Exaiptasia pallida]
Of|1176121721            -            369 wnt                  PF00110.21   308  1.3e-103  351.9  24.0   1   1  8.5e-107  1.5e-103  351.7  24.0     6   308    44   369    39   369 0.95 XP_020632174.1| protein Wnt-6-like isoform X1 [Orbicella faveolata]
Dm|Wnt5                  -           1004 wnt                  PF00110.21   308  2.1e-103  351.3  30.4   1   2   5.7e-42     1e-38  138.8   5.5     4   155   553   702   550   725 0.91 NP_476924.1 NP_476924.1 Wnt oncogene analog 5, isoform A [Drosophila melanogaster]
Dm|Wnt5                  -           1004 wnt                  PF00110.21   308  2.1e-103  351.3  30.4   2   2   3.4e-66   6.1e-63  218.4  17.0   136   308   835  1004   796  1004 0.96 NP_476924.1 NP_476924.1 Wnt oncogene analog 5, isoform A [Drosophila melanogaster]
Of|1176096607            -            425 wnt                  PF00110.21   308  5.9e-103  349.8  23.5   1   1  4.5e-106    8e-103  349.4  23.5     4   308   101   425    99   425 0.91 XP_020618917.1| protein Wnt-5a-like isoform X1 [Orbicella faveolata]
Sp|780127302             -            264 wnt                  PF00110.21   308  1.7e-102  348.3  20.0   1   1  1.1e-105    2e-102  348.1  20.0    61   308    17   264     7   264 0.96 ref|XP_011678787.1| PREDICTED: protein Wnt-4 [Strongylocentrotus purpuratus]
c_hem|XLOC_031686        -            401 wnt                  PF00110.21   308  2.2e-102  347.9  21.7   1   1  1.6e-105  2.8e-102  347.6  21.7     2   308    38   353    37   353 0.95 TCONS_00050019|m.60588 XLOC_031686 TCONS_00050019|m.60588 TCONS_00050019|g.60588 ORF TCONS_00050019|g.60588 TCONS_00050019|m.60588 type:complete len:401 (+) TCONS_00050019:278-1480(+)
Ad|XP_015759687.1        -            424 wnt                  PF00110.21   308  2.2e-102  347.9  29.4   1   1  1.5e-105  2.6e-102  347.7  29.4     2   307   107   416   106   417 0.94 XP_015759687.1 PREDICTED: protein Wnt-4-like isoform X1 [Acropora digitifera]
Ci|198422608             -            375 wnt                  PF00110.21   308  2.7e-102  347.7  20.0   1   1  1.7e-105    3e-102  347.5  20.0     2   308    45   375    44   375 0.93 ref|XP_002127850.1| PREDICTED: protein Wnt-10a [Ciona intestinalis]
Pa|g13362.t1             -            387 wnt                  PF00110.21   308  3.1e-102  347.4  15.7   1   1  2.2e-105  3.9e-102  347.1  15.7     3   284    68   362    66   375 0.89 -
Nv|NVE12095              -            365 wnt                  PF00110.21   308  1.3e-101  345.4  25.1   1   1  8.6e-105  1.5e-101  345.1  25.1     3   308    51   365    49   365 0.91 -
Ad|XP_015751349.1        -            357 wnt                  PF00110.21   308  1.8e-101  344.9  24.4   1   1  1.1e-104    2e-101  344.7  24.4     2   308    47   357    46   357 0.95 XP_015751349.1 PREDICTED: protein Wnt-7b-like isoform X1 [Acropora digitifera]
Pd|XP_027056914.1        -            357 wnt                  PF00110.21   308  1.9e-101  344.9  30.4   1   1  1.2e-104  2.1e-101  344.7  30.4     2   308    45   357    44   357 0.93 protein Wnt-7b-like isoform X1 [Pocillopora damicornis]
Ep|XP_020898386.1        -            369 wnt                  PF00110.21   308  2.3e-101  344.6  27.6   1   1  1.5e-104  2.6e-101  344.4  27.6     3   308    48   369    46   369 0.89 protein Wnt-1-like [Exaiptasia pallida]
Xb|g3362.t1              -            345 wnt                  PF00110.21   308  3.5e-101  344.0  11.0   1   1  2.3e-104  4.1e-101  343.8  11.0     3   307    45   344    43   345 0.94 -
Pd|XP_027054997.1        -            356 wnt                  PF00110.21   308  4.1e-101  343.8  29.3   1   1  2.6e-104  4.7e-101  343.5  29.3     3   308    46   356    44   356 0.96 protein Wnt-4-like [Pocillopora damicornis]
Ce|egl-20                -            393 wnt                  PF00110.21   308  9.9e-101  342.5  28.8   1   1  6.4e-104  1.1e-100  342.3  28.8     2   308    67   393    66   393 0.89 NP_501754.1 NP_501754.1 EGL-20 [Caenorhabditis elegans]
Ad|XP_015766010.1        -            345 wnt                  PF00110.21   308  1.1e-100  342.4  27.7   1   1  6.8e-104  1.2e-100  342.2  27.7     3   308    42   345    40   345 0.96 XP_015766010.1 PREDICTED: protein Wnt-2b-like isoform X1 [Acropora digitifera]
Ad|XP_015760765.1        -            395 wnt                  PF00110.21   308  2.1e-100  341.4  27.9   1   1  1.4e-103  2.6e-100  341.1  27.9     3   307    68   392    66   393 0.93 XP_015760765.1 PREDICTED: protein Wnt-5a-like isoform X1 [Acropora digitifera]
Pa|g4991.t1              -            348 wnt                  PF00110.21   308  2.9e-100  340.9  19.4   1   1  1.9e-103  3.4e-100  340.7  19.4     4   308    52   348    49   348 0.96 -
a_aur|scaffold131.g5.t1  -            356 wnt                  PF00110.21   308  3.1e-100  340.9  26.5   1   1    2e-103  3.7e-100  340.6  26.5     3   308    44   356    42   356 0.93 -
Pa|g10667.t1             -            353 wnt                  PF00110.21   308   2.8e-99  337.7  24.9   1   1  1.8e-102   3.2e-99  337.5  24.9     3   307    49   352    47   353 0.94 -
Pd|XP_027053052.1        -            354 wnt                  PF00110.21   308   3.5e-99  337.4  26.4   1   1  2.4e-102   4.4e-99  337.1  26.4     4   308    40   354    38   354 0.92 protein Wnt-1-like [Pocillopora damicornis]
Ci|198429421             -            362 wnt                  PF00110.21   308   7.9e-99  336.2  21.2   1   1    5e-102     9e-99  336.1  21.2     4   308    42   362    39   362 0.93 ref|XP_002128034.1| PREDICTED: protein Wnt-7b [Ciona intestinalis]
Pd|XP_027056895.1        -            411 wnt                  PF00110.21   308   8.5e-99  336.1  30.6   1   1  5.8e-102     1e-98  335.9  30.6     4   307    87   410    84   411 0.90 protein Wnt-5b-like isoform X1 [Pocillopora damicornis]
Ep|XP_020902344.1        -            384 wnt                  PF00110.21   308   1.3e-98  335.5  42.8   1   1  1.1e-101   1.9e-98  335.0  42.8     3   308    45   384    43   384 0.91 protein Wnt-4-like [Exaiptasia pallida]
Ep|XP_020904759.1        -            384 wnt                  PF00110.21   308   1.3e-98  335.5  42.8   1   1  1.1e-101   1.9e-98  335.0  42.8     3   308    45   384    43   384 0.91 protein Wnt-4-like [Exaiptasia pallida]
Pc|957861843             -            249 wnt                  PF00110.21   308   1.6e-98  335.3  24.2   1   1  9.8e-102   1.8e-98  335.1  24.2    64   308     1   249     1   249 0.95 ref|XP_014679413.1| PREDICTED: protein Wnt-7b-like, partial [Priapulus caudatus]
m_vir|scaffold173.g13.t1 -            393 wnt                  PF00110.21   308   5.5e-98  333.5  21.4   1   1  4.1e-101   7.3e-98  333.1  21.4     3   308    75   393    73   393 0.94 -
Nv|NVE4014               -            368 wnt                  PF00110.21   308   6.5e-98  333.2  26.4   1   1  4.5e-101   8.1e-98  332.9  26.4    11   308    48   368    44   368 0.95 -
Nv|NVE3111               -            352 wnt                  PF00110.21   308   6.6e-98  333.2  26.2   1   1  4.2e-101   7.6e-98  333.0  26.2     2   307    43   351    42   352 0.94 -
Bf|XP_002601759.1        -            305 wnt                  PF00110.21   308   8.1e-98  332.9  37.2   1   1   4.7e-99   8.5e-96  326.3  37.2     2   308    13   303    12   303 0.90 wnt-2 protein, partial [Branchiostoma floridae]
Ad|XP_015759292.1        -            356 wnt                  PF00110.21   308   9.2e-98  332.7  32.4   1   1  6.4e-101   1.1e-97  332.4  32.4     4   308    43   356    41   356 0.92 XP_015759292.1 PREDICTED: protein Wnt-7b-like [Acropora digitifera]
Ci|198430045             -            363 wnt                  PF00110.21   308   2.4e-97  331.4  19.0   1   1  1.5e-100   2.7e-97  331.2  19.0     3   307    58   362    56   363 0.96 ref|XP_002121451.1| PREDICTED: protein wingless [Ciona intestinalis]
Ep|XP_020913045.1        -            359 wnt                  PF00110.21   308   2.5e-97  331.3  30.2   1   1  1.7e-100     3e-97  331.0  30.2     7   307    40   358    34   359 0.94 protein Wnt-2-like [Exaiptasia pallida]
c_hem|XLOC_015404        -            376 wnt                  PF00110.21   308   2.6e-97  331.3  20.9   1   1  1.7e-100     3e-97  331.1  20.9     4   308    48   375    45   375 0.88 TCONS_00027371|m.38194 XLOC_015404 TCONS_00027371|m.38194 TCONS_00027371|g.38194 ORF TCONS_00027371|g.38194 TCONS_00027371|m.38194 type:complete len:376 (+) TCONS_00027371:164-1291(+)
Xb|g10295.t1             -           1028 wnt                  PF00110.21   308   6.3e-97  330.0  19.5   1   1  5.2e-100   9.4e-97  329.4  19.5     3   284    57   337    55   357 0.93 -
Bf|XP_002598627.1        -            425 wnt                  PF00110.21   308   1.5e-96  328.7  32.0   1   1     1e-99   1.8e-96  328.5  32.0     4   308   127   425   124   425 0.93 Wnt14 protein [Branchiostoma floridae]
La|919077756             -            376 wnt                  PF00110.21   308   4.9e-96  327.1  38.4   1   1   3.2e-99   5.7e-96  326.9  38.4     3   308    73   376    71   376 0.91 ref|XP_013420011.1| PREDICTED: protein Wnt-9a-like [Lingula anatina]
Hs|WNT9A                 -            365 wnt                  PF00110.21   308   5.3e-96  327.0  20.6   1   1   3.4e-99   6.1e-96  326.8  20.6     4   308    63   364    60   364 0.91 gi|15082261|ref|NP_003386.1| gi|15082261|ref|NP_003386.1| protein Wnt-9a precursor [Homo sapiens]
Hv|221122965             -            357 wnt                  PF00110.21   308   1.6e-95  325.4  29.9   1   1     1e-98   1.8e-95  325.2  29.9     3   308    48   357    46   357 0.93 ref|XP_002162975.1| PREDICTED: protein Wnt-1 [Hydra vulgaris]
Ep|XP_020904195.1        -            346 wnt                  PF00110.21   308   6.3e-95  323.4  30.5   1   1   4.2e-98   7.5e-95  323.2  30.5     2   308    43   346    42   346 0.96 protein Wnt-16-like [Exaiptasia pallida]
Hs|WNT9B                 -            357 wnt                  PF00110.21   308   9.1e-95  322.9  19.7   1   1   5.8e-98   1.1e-94  322.7  19.7     4   308    59   356    56   356 0.92 gi|17017976|ref|NP_003387.1| gi|17017976|ref|NP_003387.1| protein Wnt-9b precursor [Homo sapiens]
Hv|221123502             -            351 wnt                  PF00110.21   308   1.4e-94  322.3  29.2   1   1   8.8e-98   1.6e-94  322.1  29.2     3   308    35   351    33   351 0.94 ref|XP_002163100.1| PREDICTED: protein Wnt-5a [Hydra vulgaris]
Sk|269785049             -            282 wnt                  PF00110.21   308   3.3e-93  317.8  24.3   1   1   2.2e-96     4e-93  317.5  24.3    76   308    47   278    39   278 0.97 ref|NP_001161676.1| wingless-type MMTV integration site family, member 6 precursor [Saccoglossus kowalevskii]
Ci|118343946             -            608 wnt                  PF00110.21   308   3.8e-93  317.6  25.7   1   1   3.5e-96   6.3e-93  316.9  25.7     5   308   231   608   227   608 0.90 ref|NP_001071795.1| Wnt signaling ligand [Ciona intestinalis]
Pc|957821462             -            238 wnt                  PF00110.21   308   4.6e-93  317.3  18.2   1   1   2.8e-96   5.1e-93  317.2  18.2    73   307     1   237     1   238 0.94 ref|XP_014681055.1| PREDICTED: protein Wnt-6-like [Priapulus caudatus]
Ac|871217779             -            399 wnt                  PF00110.21   308   5.3e-93  317.1  21.7   1   1   3.8e-96   6.9e-93  316.7  21.7     2   308    55   399    54   399 0.90 ref|XP_005093595.2| PREDICTED: protein Wnt-9a-like [Aplysia californica]
Hs|WNT8B                 -            351 wnt                  PF00110.21   308   1.1e-92  316.0  21.1   1   1   7.8e-96   1.4e-92  315.7  21.1    21   307    41   333    34   334 0.90 gi|110735437|ref|NP_003384.2| gi|110735437|ref|NP_003384.2| protein Wnt-8b precursor [Homo sapiens]
La|919000079             -            343 wnt                  PF00110.21   308   3.5e-92  314.4  26.3   1   1   2.5e-95   4.4e-92  314.1  26.3    19   307    47   340    37   341 0.88 ref|XP_013402385.1| PREDICTED: protein Wnt-8b-like [Lingula anatina]
Sk|269785055             -            359 wnt                  PF00110.21   308   4.1e-92  314.2  26.7   1   1   2.6e-95   4.8e-92  314.0  26.7     4   308    45   354    42   354 0.89 ref|NP_001161679.1| wingless-type MMTV integration site family, member 9 [Saccoglossus kowalevskii]
d_gig|g8670.t1           -            331 wnt                  PF00110.21   308   1.6e-91  312.2  24.7   1   1   1.1e-94     2e-91  311.9  24.7     5   308    22   331    19   331 0.92 -
Nv|NVE1783               -            345 wnt                  PF00110.21   308   2.2e-91  311.8  19.5   1   1   1.4e-94   2.6e-91  311.6  19.5     2   308    46   345    45   345 0.94 -
Pa|g12298.t1             -            379 wnt                  PF00110.21   308   2.4e-91  311.7  25.6   1   1   1.5e-94   2.8e-91  311.5  25.6     4   308    65   372    62   372 0.91 -
Ct|ELT95360.1            -            310 wnt                  PF00110.21   308   3.7e-91  311.0  26.2   1   1   2.5e-94   4.4e-91  310.8  26.2     4   308    14   310    12   310 0.92 ELT95360.1 hypothetical protein CAPTEDRAFT_222661 [Capitella teleta]
Hs|WNT8A                 -            386 wnt                  PF00110.21   308   5.4e-91  310.5  23.1   1   1   4.1e-94   7.3e-91  310.1  23.1    18   302    56   349    51   353 0.89 gi|665821311|ref|NP_001287867.1| gi|665821311|ref|NP_001287867.1| protein Wnt-8a isoform 1 precursor [Homo sapiens]
Sk|269785053             -            338 wnt                  PF00110.21   308   5.4e-91  310.5  27.0   1   1   3.8e-94   6.8e-91  310.2  27.0    19   308    40   337    29   337 0.89 ref|NP_001161678.1| wingless-type MMTV integration site family, member 8 precursor [Saccoglossus kowalevskii]
Bf|XP_002610991.1        -            329 wnt                  PF00110.21   308   1.4e-90  309.2  30.8   1   1   9.6e-94   1.7e-90  308.9  30.8    17   307     9   302     2   303 0.91 hypothetical protein BRAFLDRAFT_104698, partial [Branchiostoma floridae]
a_aur|scaffold119.g40.t1 -            368 wnt                  PF00110.21   308   1.8e-90  308.8  21.7   1   1   1.1e-93     2e-90  308.6  21.7     9   308    64   368    56   368 0.94 -
Of|1176080836            -            335 wnt                  PF00110.21   308     7e-90  306.8  22.2   1   1   4.8e-93   8.7e-90  306.6  22.2    19   307    40   332    33   333 0.92 XP_020610527.1| protein Wnt-1-like [Orbicella faveolata]
Ci|699246636             -            939 wnt                  PF00110.21   308   1.4e-89  305.9  29.2   1   1   1.3e-92   2.3e-89  305.2  29.2     4   308   595   939   592   939 0.90 ref|XP_009859770.1| PREDICTED: uncharacterized protein LOC100175210 [Ciona intestinalis]
d_gig|g21105.t1          -            313 wnt                  PF00110.21   308   1.6e-89  305.7   4.4   1   1   1.1e-92     2e-89  305.4   4.4     2   246    44   294    43   299 0.94 -
Ad|XP_015762746.1        -            338 wnt                  PF00110.21   308   1.9e-89  305.5  27.2   1   1   1.3e-92   2.3e-89  305.2  27.2    14   307    38   336    26   337 0.90 XP_015762746.1 PREDICTED: protein Wnt-1-like isoform X1 [Acropora digitifera]
Pd|XP_027053042.1        -            337 wnt                  PF00110.21   308     4e-89  304.4  26.1   1   1   2.7e-92   4.9e-89  304.1  26.1    20   307    45   336    30   337 0.92 protein Wnt-1-like [Pocillopora damicornis]
a_aur|scaffold122.g30.t1 -            368 wnt                  PF00110.21   308   7.8e-89  303.4  26.2   1   1   5.4e-92   9.7e-89  303.1  26.2    10   308    54   368    48   368 0.88 -
Pc|957858747             -            340 wnt                  PF00110.21   308   1.2e-88  302.8  25.9   1   1     8e-92   1.4e-88  302.6  25.9    19   307    45   337    33   338 0.90 ref|XP_014678401.1| PREDICTED: protein Wnt-8b-like [Priapulus caudatus]
Pd|XP_027036368.1        -            335 wnt                  PF00110.21   308   2.2e-88  301.9  31.4   1   1   1.5e-91   2.7e-88  301.6  31.4    21   307    42   332    29   333 0.92 protein Wnt-1-like [Pocillopora damicornis]
m_vir|scaffold18.g51.t1  -            325 wnt                  PF00110.21   308   1.1e-87  299.6  28.8   1   1   7.2e-91   1.3e-87  299.4  28.8     3   308    18   325    16   325 0.91 -
m_lei|ML01051a           -            370 wnt                  PF00110.21   308   1.8e-87  298.9  19.0   1   1   1.2e-90   2.1e-87  298.7  19.0     2   307    53   369    52   370 0.89 -
Of|1176080939            -            337 wnt                  PF00110.21   308   5.2e-87  297.4  21.3   1   1   3.5e-90   6.3e-87  297.2  21.3    19   307    43   334    29   335 0.89 XP_020610579.1| protein Wnt-1-like [Orbicella faveolata]
Ce|mom-2                 -            362 wnt                  PF00110.21   308     6e-87  297.2  22.2   1   1   4.1e-90   7.3e-87  296.9  22.2     2   307    48   361    47   362 0.88 NP_505154.1 NP_505154.1 MOM-2 [Caenorhabditis elegans]
a_aur|scaffold25.g68.t1  -            264 wnt                  PF00110.21   308   7.7e-87  296.9  26.6   1   1   5.2e-90   9.3e-87  296.6  26.6    64   308    16   264    10   264 0.94 -
Ad|XP_015763191.1        -            331 wnt                  PF00110.21   308   8.1e-87  296.8  26.2   1   1   5.4e-90   9.6e-87  296.5  26.2    16   307    38   330    26   331 0.92 XP_015763191.1 PREDICTED: protein Wnt-1-like isoform X1 [Acropora digitifera]
c_hem|XLOC_030003        -            352 wnt                  PF00110.21   308   2.4e-86  295.3  24.6   1   1   1.5e-89   2.7e-86  295.1  24.6     3   308    31   351    29   351 0.92 TCONS_00047033|m.56681 XLOC_030003 TCONS_00047033|m.56681 TCONS_00047033|g.56681 ORF TCONS_00047033|g.56681 TCONS_00047033|m.56681 type:complete len:352 (+) TCONS_00047033:190-1245(+)
Ep|XP_020898335.1        -            330 wnt                  PF00110.21   308   2.8e-86  295.0  27.8   1   1     2e-89   3.6e-86  294.7  27.8    16   308    39   329    32   329 0.88 protein Wnt-8b-like [Exaiptasia pallida]
Of|1176080931            -            336 wnt                  PF00110.21   308   3.3e-86  294.8  20.7   1   1   2.1e-89   3.9e-86  294.6  20.7    19   307    46   334    29   335 0.89 XP_020610574.1| protein Wnt-1-like [Orbicella faveolata]
Ep|XP_020898355.1        -            330 wnt                  PF00110.21   308   1.1e-85  293.1  26.3   1   1   7.7e-89   1.4e-85  292.7  26.3    16   308    39   329    32   329 0.87 protein Wnt-8b-like [Exaiptasia pallida]
Of|1176115542            -            337 wnt                  PF00110.21   308   1.4e-85  292.8  31.2   1   1   8.3e-87   1.5e-83  286.1  31.2     4   308    39   337    37   337 0.89 XP_020628899.1| protein Wnt-1-like [Orbicella faveolata]
Ad|XP_015762754.1        -            317 wnt                  PF00110.21   308   5.1e-85  290.9  21.0   1   1   3.4e-88   6.1e-85  290.6  21.0    19   307    28   316    15   317 0.90 XP_015762754.1 PREDICTED: protein Wnt-1-like [Acropora digitifera]
m_lei|ML101013a          -            364 wnt                  PF00110.21   308   1.1e-84  289.7  16.6   1   1   7.4e-88   1.3e-84  289.5  16.6     2   308    43   364    42   364 0.88 -
Cg|762148731             -            353 wnt                  PF00110.21   308   6.8e-84  287.2  29.6   1   1   4.7e-87   8.4e-84  286.9  29.6    19   307    58   351    46   352 0.90 ref|XP_011412295.1| PREDICTED: protein Wnt-8b-like [Crassostrea gigas]
d_gig|g12410.t1          -            335 wnt                  PF00110.21   308   1.6e-83  286.0  24.3   1   1   1.1e-86   1.9e-83  285.7  24.3    10   298    38   333    30   335 0.92 -
Ct|ELT96282.1            -            318 wnt                  PF00110.21   308   4.3e-83  284.5  33.8   1   1   3.6e-86   6.5e-83  284.0  33.8    14   307    11   316     2   317 0.86 ELT96282.1 hypothetical protein CAPTEDRAFT_90169, partial [Capitella teleta]
a_aur|scaffold25.g67.t1  -            362 wnt                  PF00110.21   308   2.8e-82  281.9  24.2   1   1   1.9e-85   3.5e-82  281.6  24.2     6   308    48   362    43   362 0.92 -
Pd|XP_027053295.1        -            321 wnt                  PF00110.21   308   5.3e-82  281.0  27.9   1   1   3.4e-85   6.1e-82  280.8  27.9    11   307    19   320    10   321 0.90 protein Wnt-1-like [Pocillopora damicornis]
La|919075297             -            246 wnt                  PF00110.21   308   9.7e-82  280.1  33.5   1   1     6e-85   1.1e-81  280.0  33.5    64   308     1   246     1   246 0.92 ref|XP_013418770.1| PREDICTED: protein Wnt-9a-like, partial [Lingula anatina]
Nv|NVE2845               -            326 wnt                  PF00110.21   308   1.5e-81  279.5  49.5   1   2   4.3e-43   7.8e-40  142.5  20.3   155   307    12   167     7   168 0.85 -
Nv|NVE2845               -            326 wnt                  PF00110.21   308   1.5e-81  279.5  49.5   2   2   3.4e-43   6.1e-40  142.8  23.1   153   307   167   324   163   325 0.86 -
c_hem|XLOC_041060        -            405 wnt                  PF00110.21   308   1.7e-81  279.4  28.5   1   1   1.1e-84   2.1e-81  279.0  28.5     5   308    71   404    67   404 0.91 TCONS_00065525|m.80133 XLOC_041060 TCONS_00065525|m.80133 TCONS_00065525|g.80133 ORF TCONS_00065525|g.80133 TCONS_00065525|m.80133 type:complete len:405 (+) TCONS_00065525:137-1351(+)
Nv|NVE12517              -            344 wnt                  PF00110.21   308   9.5e-81  276.9  30.0   1   1   6.5e-84   1.2e-80  276.6  30.0    17   307    41   337    31   338 0.89 -
a_aur|scaffold194.g16.t1 -            360 wnt                  PF00110.21   308   2.1e-80  275.7  26.0   1   1   1.4e-83   2.5e-80  275.5  26.0     6   308    56   360    51   360 0.92 -
d_gig|g5240.t1           -            700 wnt                  PF00110.21   308   3.3e-80  275.1   9.2   1   1   2.4e-83   4.2e-80  274.7   9.2     2   276   418   696   417   700 0.94 -
Pc|957860499             -            258 wnt                  PF00110.21   308   5.4e-80  274.4  17.6   1   1   3.6e-83   6.4e-80  274.1  17.6    97   308    41   258    19   258 0.90 ref|XP_014678959.1| PREDICTED: protein Wnt-5b-like, partial [Priapulus caudatus]
m_vir|scaffold383.g6.t1  -            403 wnt                  PF00110.21   308   5.5e-80  274.4  14.4   1   1   4.1e-83   7.4e-80  273.9  14.4    60   308   149   403   134   403 0.94 -
Hv|221101247             -            281 wnt                  PF00110.21   308   7.9e-80  273.8  30.9   1   1   5.1e-83   9.1e-80  273.6  30.9    36   308     1   281     1   281 0.93 ref|XP_002170119.1| PREDICTED: protein Wnt-4, partial [Hydra vulgaris]
Ci|699242931             -            449 wnt                  PF00110.21   308   5.5e-79  271.1  25.2   1   1     4e-82   7.1e-79  270.7  25.2     4   308    84   448    82   448 0.88 ref|XP_002122330.3| PREDICTED: protein Wnt-7b [Ciona intestinalis]
Of|1176116637            -            254 wnt                  PF00110.21   308   1.4e-78  269.7  28.0   1   1   8.7e-82   1.6e-78  269.6  28.0    62   307     8   253     1   254 0.95 XP_020629465.1| protein Wnt-8b-like [Orbicella faveolata]
Pd|XP_027036390.1        -            339 wnt                  PF00110.21   308   1.7e-78  269.5  24.3   1   1   1.1e-81     2e-78  269.2  24.3    16   307    43   337    35   338 0.90 protein Wnt-1-like [Pocillopora damicornis]
Hv|449664987             -            335 wnt                  PF00110.21   308   3.7e-78  268.4  30.5   1   1   2.5e-81   4.5e-78  268.1  30.5    19   308    45   335    30   335 0.89 ref|XP_002169335.2| PREDICTED: protein Wnt-7b [Hydra vulgaris]
a_aur|scaffold12.g80.t1  -            348 wnt                  PF00110.21   308   8.4e-78  267.2  28.1   1   1   5.4e-81   9.6e-78  267.0  28.1     5   308    44   348    40   348 0.93 -
Ep|XP_020898388.1        -            348 wnt                  PF00110.21   308     1e-77  266.9  26.3   1   1     7e-81   1.3e-77  266.6  26.3     8   308    56   348    50   348 0.91 protein Wnt-1-like isoform X2 [Exaiptasia pallida]
a_aur|scaffold86.g32.t1  -            247 wnt                  PF00110.21   308     3e-77  265.3  20.1   1   1   1.9e-80   3.4e-77  265.2  20.1    68   308     2   247     1   247 0.94 -
Ep|XP_020898417.1        -            347 wnt                  PF00110.21   308   3.4e-77  265.2  24.5   1   1   2.2e-80     4e-77  265.0  24.5     6   308    53   347    48   347 0.90 protein Wnt-4a-like [Exaiptasia pallida]
Sp|115901760             -            255 wnt                  PF00110.21   308   5.9e-77  264.4  16.8   1   1   3.7e-80   6.6e-77  264.2  16.8    65   308     2   254     1   254 0.89 ref|XP_780823.2| PREDICTED: protein Wnt-9a-like [Strongylocentrotus purpuratus]
Ep|XP_020904179.1        -            391 wnt                  PF00110.21   308   8.8e-77  263.8  24.4   1   1   3.9e-79     7e-76  260.9  24.4     2   308    89   391    88   391 0.87 protein Wnt-7a-like isoform X1 [Exaiptasia pallida]
m_vir|scaffold18.g46.t1  -            484 wnt                  PF00110.21   308   1.4e-76  263.2  24.4   1   1   7.8e-80   1.4e-76  263.2  24.4    42   308   216   484   186   484 0.92 -
c_hem|XLOC_035748        -            368 wnt                  PF00110.21   308   1.5e-76  263.1  24.0   1   1   1.1e-79     2e-76  262.7  24.0    10   308    57   367    49   367 0.89 TCONS_00056741|m.69447 XLOC_035748 TCONS_00056741|m.69447 TCONS_00056741|g.69447 ORF TCONS_00056741|g.69447 TCONS_00056741|m.69447 type:complete len:368 (+) TCONS_00056741:418-1521(+)
c_hem|XLOC_000650        -            337 wnt                  PF00110.21   308   2.3e-76  262.5  22.9   1   1   1.5e-79   2.6e-76  262.3  22.9    28   308    41   336    16   336 0.89 TCONS_00001198|m.1803 XLOC_000650 TCONS_00001198|m.1803 TCONS_00001198|g.1803 ORF TCONS_00001198|g.1803 TCONS_00001198|m.1803 type:complete len:337 (+) TCONS_00001198:263-1273(+)
Dm|Wnt4                  -            539 wnt                  PF00110.21   308   6.3e-76  261.0  35.2   1   1   3.5e-79   6.3e-76  261.0  35.2     6   308   246   539   241   539 0.88 NP_001260187.1 NP_001260187.1 Wnt oncogene analog 4, isoform B [Drosophila melanogaster]
Nv|NVE23768              -            318 wnt                  PF00110.21   308   6.5e-76  261.0  19.2   1   1   4.1e-79   7.4e-76  260.8  19.2     4   307    12   316     9   317 0.86 -
m_lei|ML06021a           -            321 wnt                  PF00110.21   308   7.7e-76  260.7  14.9   1   1   4.9e-79   8.8e-76  260.5  14.9     4   307    18   320    15   321 0.93 -
Ta|XP_002116107.1        -            304 wnt                  PF00110.21   308   1.1e-75  260.2  26.3   1   1   7.2e-79   1.3e-75  260.0  26.3     7   308    11   304     6   304 0.92 hypothetical protein TRIADDRAFT_30370, partial [Trichoplax adhaerens]
Of|1176070418            -            267 wnt                  PF00110.21   308   2.1e-75  259.3   7.7   1   1   1.4e-78   2.6e-75  259.0   7.7     2   210    43   246    42   264 0.93 XP_020605085.1| protein Wnt-2-like [Orbicella faveolata]
Aq|NP_001266204.1        -            372 wnt                  PF00110.21   308   2.2e-75  259.2  30.2   1   1   6.8e-78   1.2e-74  256.8  30.2     2   307    43   370    42   371 0.84 wingless-type MMTV integration site family [Amphimedon queenslandica]
Hv|221117263             -            356 wnt                  PF00110.21   308   3.7e-75  258.5  26.6   1   1   2.5e-78   4.5e-75  258.2  26.6     5   308    48   356    45   356 0.92 ref|XP_002153948.1| PREDICTED: protein Wnt-2b [Hydra vulgaris]
La|919077788             -            286 wnt                  PF00110.21   308   8.6e-75  257.3   0.6   1   1   5.9e-78   1.1e-74  257.0   0.6     2   209    57   268    56   279 0.92 ref|XP_013420029.1| PREDICTED: protein Wnt-1-like [Lingula anatina]
a_aur|scaffold122.g31.t1 -            213 wnt                  PF00110.21   308   9.2e-74  253.9  21.1   1   1   5.8e-77     1e-73  253.7  21.1   108   307     8   212     2   213 0.95 -
Aq|XP_003384323.1        -            343 wnt                  PF00110.21   308     6e-73  251.2  22.5   1   1   3.9e-76   6.9e-73  251.0  22.5     4   308    48   343    45   343 0.94 PREDICTED: protein Wnt-2 [Amphimedon queenslandica]
d_gig|g28184.t1          -            311 wnt                  PF00110.21   308   7.4e-73  250.9  22.8   1   1   4.6e-76   8.2e-73  250.8  22.8     3   307     2   310     1   311 0.91 -
d_gig|g30725.t1          -            311 wnt                  PF00110.21   308   7.4e-73  250.9  22.8   1   1   4.6e-76   8.2e-73  250.8  22.8     3   307     2   310     1   311 0.91 -
c_hem|XLOC_006909        -            366 wnt                  PF00110.21   308   1.7e-72  249.8  27.7   1   1   1.1e-75   1.9e-72  249.6  27.7     4   308    53   365    50   365 0.89 TCONS_00012270|m.17683 XLOC_006909 TCONS_00012270|m.17683 TCONS_00012270|g.17683 ORF TCONS_00012270|g.17683 TCONS_00012270|m.17683 type:complete len:366 (+) TCONS_00012270:957-2054(+)
La|919077790             -            202 wnt                  PF00110.21   308   1.9e-72  249.6  15.6   1   1   1.2e-75   2.2e-72  249.4  15.6   118   308     1   202     1   202 0.95 ref|XP_013420030.1| PREDICTED: protein Wnt-1-like [Lingula anatina]
d_gig|g13987.t1          -            265 wnt                  PF00110.21   308   4.5e-72  248.4  25.2   1   1     3e-75   5.4e-72  248.1  25.2    63   307    12   263     3   264 0.91 -
Hv|449664985             -            345 wnt                  PF00110.21   308   4.8e-72  248.3  23.1   1   1   3.2e-75   5.7e-72  248.0  23.1    17   308    56   345    41   345 0.88 ref|XP_002169359.2| PREDICTED: protein Wnt-1 [Hydra vulgaris]
d_gig|g22657.t1          -            545 wnt                  PF00110.21   308   7.3e-72  247.7  24.3   1   2     2e-56   3.6e-53  186.3   7.6     4   278    59   368    56   372 0.82 -
d_gig|g22657.t1          -            545 wnt                  PF00110.21   308   7.3e-72  247.7  24.3   2   2   9.3e-20   1.7e-16   65.8   8.9   152   287   369   515   365   517 0.79 -
Pa|g14762.t1             -            830 wnt                  PF00110.21   308   7.9e-72  247.6   4.9   1   1   6.9e-75   1.2e-71  246.9   4.9    16   247    37   261    26   263 0.89 -
m_lei|ML07528a           -            340 wnt                  PF00110.21   308   1.1e-71  247.1  27.1   1   1   1.1e-74     2e-71  246.2  27.1     3   308    44   339    42   339 0.91 -
Ad|XP_015765977.1        -            352 wnt                  PF00110.21   308   1.8e-71  246.4  24.2   1   2   1.2e-17   2.2e-14   58.9   0.1     2    65    42   104    41   117 0.91 XP_015765977.1 PREDICTED: protein Wnt-2b-like [Acropora digitifera]
Ad|XP_015765977.1        -            352 wnt                  PF00110.21   308   1.8e-71  246.4  24.2   2   2   1.6e-57   2.9e-54  189.9  19.5   153   308   123   277   119   277 0.93 XP_015765977.1 PREDICTED: protein Wnt-2b-like [Acropora digitifera]
Sp|47551299              -            358 wnt                  PF00110.21   308   5.8e-71  244.7  43.1   1   1   7.5e-72   1.4e-68  236.9  43.1    14   308    41   355    35   355 0.83 ref|NP_999832.1| Wnt8 protein [Strongylocentrotus purpuratus]
d_gig|g12656.t1          -            842 wnt                  PF00110.21   308   1.3e-70  243.6   3.3   1   1   7.1e-74   1.3e-70  243.6   3.3     3   245   335   576   333   585 0.92 -
Nv|NVE2848               -            256 wnt                  PF00110.21   308     4e-70  242.0  22.5   1   1   2.7e-73   4.8e-70  241.7  22.5    63   307    12   254     3   255 0.88 -
Nv|NVE2842               -            256 wnt                  PF00110.21   308   4.4e-70  241.8  22.3   1   1   2.9e-73   5.2e-70  241.6  22.3    63   307    12   254     3   255 0.88 -
Pc|957856952             -            222 wnt                  PF00110.21   308   4.5e-70  241.8  20.9   1   2   1.8e-36   3.3e-33  120.7   0.4    60   157     2   101     1   107 0.91 ref|XP_014677790.1| PREDICTED: protein Wnt-2b-like [Priapulus caudatus]
Pc|957856952             -            222 wnt                  PF00110.21   308   4.5e-70  241.8  20.9   2   2   7.3e-38   1.3e-34  125.3  15.4   204   308   110   214    97   214 0.90 ref|XP_014677790.1| PREDICTED: protein Wnt-2b-like [Priapulus caudatus]
a_aur|scaffold298.g9.t2  -            408 wnt                  PF00110.21   308   6.2e-70  241.3  38.2   1   2   2.6e-43   4.7e-40  143.2   6.0    16   200    62   247    54   252 0.90 -
a_aur|scaffold298.g9.t2  -            408 wnt                  PF00110.21   308   6.2e-70  241.3  38.2   2   2   1.4e-31   2.4e-28  104.7  24.7   154   303   248   402   246   405 0.80 -
Hv|449682050             -            342 wnt                  PF00110.21   308   2.7e-67  232.7  22.0   1   1   1.8e-70   3.3e-67  232.4  22.0    17   308    58   342    43   342 0.89 ref|XP_002156674.2| PREDICTED: protein Wnt-1 [Hydra vulgaris]
Pd|XP_027047106.1        -            340 wnt                  PF00110.21   308   4.6e-67  231.9  17.1   1   1   2.9e-70   5.3e-67  231.7  17.1     2   307    34   339    33   340 0.92 protein Wnt-7b-like [Pocillopora damicornis]
Ep|XP_020898370.1        -            259 wnt                  PF00110.21   308   2.4e-66  229.5  29.0   1   1   1.5e-69   2.7e-66  229.4  29.0    63   307     3   249     1   250 0.90 protein Wnt-8b-like, partial [Exaiptasia pallida]
Ep|XP_020898389.1        -            348 wnt                  PF00110.21   308   2.6e-66  229.5  17.0   1   1   1.8e-69   3.3e-66  229.1  17.0    10   307    57   347    49   348 0.90 protein Wnt-7b-like isoform X1 [Exaiptasia pallida]
Of|1176116488            -            341 wnt                  PF00110.21   308   4.2e-66  228.7  18.3   1   1   2.7e-69   4.8e-66  228.6  18.3     2   307    34   340    33   341 0.91 XP_020629388.1| protein Wnt-7b-like [Orbicella faveolata]
Pc|957821392             -            290 wnt                  PF00110.21   308     2e-65  226.5  34.3   1   1   2.2e-66   3.9e-63  219.0  34.3     4   308     7   290     4   290 0.89 ref|XP_014681019.1| PREDICTED: protein Wnt-9a-like [Priapulus caudatus]
La|919095381             -            162 wnt                  PF00110.21   308   1.3e-64  223.9  17.5   1   1   8.4e-68   1.5e-64  223.7  17.5   153   307     7   161     3   162 0.98 ref|XP_013384455.1| PREDICTED: protein Wnt-4-like [Lingula anatina]
d_gig|g27482.t1          -            235 wnt                  PF00110.21   308   4.4e-64  222.1  36.5   1   1   2.7e-67   4.9e-64  222.0  36.5    80   307     2   234     1   235 0.88 -
c_hem|XLOC_045775        -            344 wnt                  PF00110.21   308   9.7e-63  217.7  19.1   1   1   6.5e-66   1.2e-62  217.5  19.1    21   307    42   338    26   339 0.85 TCONS_00073720|m.91226 XLOC_045775 TCONS_00073720|m.91226 TCONS_00073720|g.91226 ORF TCONS_00073720|g.91226 TCONS_00073720|m.91226 type:complete len:344 (+) TCONS_00073720:282-1313(+)
Pd|XP_027036394.1        -            351 wnt                  PF00110.21   308   1.1e-61  214.3   6.2   1   1     7e-65   1.3e-61  214.1   6.2     5   307    47   349    43   350 0.84 protein Wnt-7b-like [Pocillopora damicornis]
a_aur|scaffold7.g138.t1  -            349 wnt                  PF00110.21   308   2.1e-61  213.3  28.0   1   1   1.4e-64   2.5e-61  213.0  28.0    14   308    37   347    26   347 0.83 -
Pd|XP_027050539.1        -            245 wnt                  PF00110.21   308   2.6e-61  213.0   3.0   1   1   1.8e-64   3.2e-61  212.7   3.0    11   202    50   238    46   245 0.95 protein Wnt-2b-A-like, partial [Pocillopora damicornis]
Of|1176060957            -            150 wnt                  PF00110.21   308   3.4e-61  212.7  16.2   1   1   2.1e-64   3.7e-61  212.5  16.2   159   308     1   150     1   150 0.99 XP_020625010.1| protein Wnt-4-like [Orbicella faveolata]
Aq|NP_001292181.1        -            352 wnt                  PF00110.21   308   3.6e-61  212.6  34.6   1   1   2.5e-64   4.4e-61  212.3  34.6     6   308    56   352    51   352 0.92 uncharacterized protein LOC100636289 [Amphimedon queenslandica]
Of|1176066687            -            373 wnt                  PF00110.21   308   1.6e-60  210.4  16.7   1   1   1.1e-63     2e-60  210.1  16.7    20   308    65   358    54   358 0.86 XP_020603585.1| protein Wnt-8b-like isoform X2 [Orbicella faveolata]
Ac|871223576             -            161 wnt                  PF00110.21   308     4e-60  209.1  13.6   1   1   2.7e-63   4.8e-60  208.9  13.6   155   307    10   160     7   161 0.98 ref|XP_012936308.1| PREDICTED: protein Wnt-6-like [Aplysia californica]
Ce|lin-44                -            348 wnt                  PF00110.21   308   7.1e-60  208.3  32.8   1   1   2.7e-62   4.8e-59  205.6  32.8    10   308    67   339    59   339 0.90 NP_001021081.1 NP_001021081.1 LIN-44, isoform a [Caenorhabditis elegans]
Ac|524895487             -            200 wnt                  PF00110.21   308   7.4e-60  208.2  20.2   1   1     5e-63     9e-60  208.0  20.2   153   308    40   200    36   200 0.93 ref|XP_005104226.1| PREDICTED: protein Wnt-7-like [Aplysia californica]
Hv|828219244             -            348 wnt                  PF00110.21   308   1.8e-58  203.7  27.2   1   1   1.2e-61   2.1e-58  203.5  27.2    14   307    38   342    24   343 0.83 ref|XP_012561227.1| PREDICTED: protein Wnt-8 [Hydra vulgaris]
Ad|XP_015750729.1        -            153 wnt                  PF00110.21   308   8.2e-58  201.5  22.2   1   1     5e-61     9e-58  201.4  22.2   154   308     1   153     1   153 0.96 XP_015750729.1 PREDICTED: protein Wnt-16-like, partial [Acropora digitifera]
c_hem|XLOC_015382        -            401 wnt                  PF00110.21   308   6.7e-57  198.5  18.6   1   1   1.4e-57   2.6e-54  190.0  17.0    18   307    72   399    69   400 0.84 TCONS_00027333|m.38154 XLOC_015382 TCONS_00027333|m.38154 TCONS_00027333|g.38154 ORF TCONS_00027333|g.38154 TCONS_00027333|m.38154 type:complete len:401 (+) TCONS_00027333:410-1612(+)
Pa|g12416.t1             -            508 wnt                  PF00110.21   308   1.8e-56  197.1   6.1   1   1   1.5e-59   2.7e-56  196.6   6.1     3   168    57   224    55   227 0.96 -
m_vir|scaffold536.g7.t1  -            258 wnt                  PF00110.21   308   1.9e-56  197.1  18.8   1   1   1.3e-59   2.3e-56  196.8  18.8    63   307     5   254     2   255 0.86 -
sb|3467531|              -            293 wnt                  PF00110.21   308   3.9e-56  196.0  29.2   1   2   1.4e-21   2.5e-18   71.9   7.3   194   304     3   113     1   119 0.81 -
sb|3467531|              -            293 wnt                  PF00110.21   308   3.9e-56  196.0  29.2   2   2     2e-39   3.6e-36  130.4  13.9   153   307   138   292   131   293 0.90 -
d_gig|g20156.t1          -            292 wnt                  PF00110.21   308   1.3e-55  194.4  23.1   1   1   8.1e-59   1.5e-55  194.1  23.1    61   307    41   291    21   292 0.88 -
Nv|NVE20298              -            175 wnt                  PF00110.21   308   4.8e-55  192.4  25.1   1   1   3.1e-58   5.7e-55  192.2  25.1   153   308    12   175     6   175 0.89 -
sb|3469705|              -            223 wnt                  PF00110.21   308   3.2e-54  189.7  12.1   1   1     2e-57   3.5e-54  189.6  12.1    92   304     4   221     1   223 0.90 -
Of|1176115415            -            157 wnt                  PF00110.21   308     9e-53  185.0  24.0   1   1   5.5e-56   9.9e-53  184.8  24.0   159   308     1   157     1   157 0.90 XP_020628831.1| protein Wnt-2b-B-like [Orbicella faveolata]
Bf|XP_002598508.1        -            139 wnt                  PF00110.21   308   9.6e-53  184.9  13.3   1   1   5.9e-56   1.1e-52  184.7  13.3   168   308     1   139     1   139 0.96 hypothetical protein BRAFLDRAFT_113709 [Branchiostoma floridae]
Nv|NVE24195              -            206 wnt                  PF00110.21   308   6.5e-52  182.2   1.2   1   1   4.2e-55   7.6e-52  181.9   1.2     2   153    51   206    50   206 0.96 -
Hv|449678238             -            361 wnt                  PF00110.21   308   1.2e-51  181.3  22.5   1   1   7.6e-55   1.4e-51  181.1  22.5     4   307    45   360    42   361 0.87 ref|XP_002157974.2| PREDICTED: protein Wnt-4 [Hydra vulgaris]
Nv|NVE2847               -            213 wnt                  PF00110.21   308   1.9e-51  180.6  23.0   1   2   6.5e-23   1.2e-19   76.2   6.0    83   171    20   103    11   105 0.91 -
Nv|NVE2847               -            213 wnt                  PF00110.21   308   1.9e-51  180.6  23.0   2   2   1.8e-33   3.2e-30  110.9   9.3    64   177   105   213   103   213 0.95 -
d_gig|g8669.t1           -            244 wnt                  PF00110.21   308   3.1e-51  179.9   5.8   1   1     2e-54   3.7e-51  179.7   5.8     2   185    54   244    53   244 0.92 -
La|919077778             -            209 wnt                  PF00110.21   308   3.8e-50  176.4   0.6   1   1   2.5e-53   4.5e-50  176.1   0.6     3   154    50   205    48   208 0.93 ref|XP_013420023.1| PREDICTED: protein Wnt-10a-like [Lingula anatina]
Bf|XP_002598506.1        -            309 wnt                  PF00110.21   308   4.7e-50  176.1   0.0   1   1   3.6e-53   6.4e-50  175.6   0.0     2   156    49   245    48   259 0.94 Wnt10 protein [Branchiostoma floridae]
Bf|XP_002593787.1        -            142 wnt                  PF00110.21   308   8.6e-50  175.2   5.2   1   1   5.3e-53   9.5e-50  175.0   5.2    63   201     1   140     1   142 0.95 hypothetical protein BRAFLDRAFT_245788, partial [Branchiostoma floridae]
Ta|XP_002108223.1        -            290 wnt                  PF00110.21   308     4e-49  173.0  20.2   1   1   2.7e-52   4.8e-49  172.7  20.2    55   307    23   284    16   285 0.87 hypothetical protein TRIADDRAFT_52489 [Trichoplax adhaerens]
c_hem|XLOC_002938        -            366 wnt                  PF00110.21   308     6e-49  172.4  20.7   1   1     4e-52   7.1e-49  172.2  20.7     5   307    46   363    42   364 0.89 TCONS_00005153|m.7328 XLOC_002938 TCONS_00005153|m.7328 TCONS_00005153|g.7328 ORF TCONS_00005153|g.7328 TCONS_00005153|m.7328 type:complete len:366 (+) TCONS_00005153:278-1375(+)
Ci|74136741              -            190 wnt                  PF00110.21   308     2e-47  167.4  22.9   1   1   1.3e-50   2.4e-47  167.2  22.9   126   307     3   189     1   190 0.88 ref|NP_001028176.1| Wnt signaling ligand [Ciona intestinalis]
Cg|762145225             -            166 wnt                  PF00110.21   308   1.2e-46  164.9  26.9   1   1   7.2e-50   1.3e-46  164.8  26.9   152   308     8   166     1   166 0.87 ref|XP_011455892.1| PREDICTED: protein Wnt-9a-like, partial [Crassostrea gigas]
p_nak|g4617.t1           -            411 wnt                  PF00110.21   308   1.2e-45  161.5  33.9   1   1   2.5e-48   4.6e-45  159.7  33.9    28   307   102   401    80   402 0.79 g4617.t1
m_vir|scaffold120.g27.t1 -            436 wnt                  PF00110.21   308   1.4e-44  158.0   2.0   1   1     8e-48   1.4e-44  158.0   2.0     2   153    61   210    60   220 0.94 -
m_vir|scaffold5.g35.t1   -            306 wnt                  PF00110.21   308   1.6e-44  157.9   0.0   1   1     1e-47   1.9e-44  157.7   0.0    19   247    45   273    29   276 0.89 -
m_vir|scaffold86.g22.t1  -            355 wnt                  PF00110.21   308   1.9e-44  157.6   3.5   1   1   1.6e-47   2.8e-44  157.1   3.5    12   157    55   209    47   229 0.91 -
Of|1176066669            -            242 wnt                  PF00110.21   308   3.1e-44  156.9   1.1   1   1   2.1e-47   3.8e-44  156.6   1.1    19   201    32   213    17   238 0.90 XP_020603575.1| protein Wnt-8b-like [Orbicella faveolata]
Nv|NVE912                -            152 wnt                  PF00110.21   308   2.2e-43  154.1   5.7   1   1   1.6e-46   2.8e-43  153.8   5.7    63   204     7   143     2   148 0.93 -
Of|1176116698            -            171 wnt                  PF00110.21   308   3.7e-43  153.4  25.1   1   1   2.4e-46   4.3e-43  153.2  25.1   154   307    16   170    11   171 0.94 XP_020629496.1| protein Wnt-2-like [Orbicella faveolata]
Nv|NVE2846               -            171 wnt                  PF00110.21   308   1.2e-42  151.7  18.3   1   1   7.8e-46   1.4e-42  151.5  18.3   151   307    10   169     2   170 0.86 -
Xb|g12093.t1             -            217 wnt                  PF00110.21   308     2e-42  151.0   0.3   1   1   1.4e-45   2.6e-42  150.6   0.3    20   156    76   209    69   214 0.94 -
Cg|762144077             -            278 wnt                  PF00110.21   308   9.4e-41  145.5   4.1   1   1   6.4e-44   1.1e-40  145.2   4.1     2   154    63   210    62   235 0.93 ref|XP_011455302.1| PREDICTED: protein Wnt-9a-like [Crassostrea gigas]
Nv|NVE2850               -            179 wnt                  PF00110.21   308   1.6e-40  144.8  25.0   1   1     1e-43   1.9e-40  144.5  25.0   152   307    19   177     8   178 0.86 -
a_aur|scaffold27.g39.t1  -            418 wnt                  PF00110.21   308   1.7e-40  144.6   0.9   1   1   1.2e-43   2.2e-40  144.3   0.9     2   297    52   371    51   380 0.80 -
Ep|XP_020904196.1        -            140 wnt                  PF00110.21   308   1.9e-40  144.5  31.0   1   1   1.2e-43   2.2e-40  144.3  31.0   159   308     1   140     1   140 0.96 protein Wnt-16-like [Exaiptasia pallida]
m_vir|scaffold1708.g1.t1 -            175 wnt                  PF00110.21   308   3.8e-39  140.2   3.6   1   1   2.6e-42   4.7e-39  139.9   3.6   159   287     1   134     1   138 0.91 -
Dm|wntD                  -            309 wnt                  PF00110.21   308   5.5e-39  139.7  21.1   1   2   3.5e-17   6.4e-14   57.4   1.8    24   100    41   116    21   138 0.87 NP_650272.1 NP_650272.1 wnt inhibitor of dorsal [Drosophila melanogaster]
Dm|wntD                  -            309 wnt                  PF00110.21   308   5.5e-39  139.7  21.1   2   2   1.8e-26   3.2e-23   87.9  11.9   146   307   145   308   129   309 0.84 NP_650272.1 NP_650272.1 wnt inhibitor of dorsal [Drosophila melanogaster]
m_vir|scaffold120.g22.t1 -            188 wnt                  PF00110.21   308   1.3e-38  138.5   0.6   1   1   8.4e-42   1.5e-38  138.3   0.6    89   250     3   169     1   179 0.86 -
p_nak|g28289.t1          -            343 wnt                  PF00110.21   308   2.8e-38  137.4   0.3   1   1   1.9e-41   3.5e-38  137.1   0.3     5   204    70   283    66   314 0.83 g28289.t1
Pd|XP_027036377.1        -            318 wnt                  PF00110.21   308   1.1e-35  128.9  14.1   1   1     1e-38   1.8e-35  128.2  14.1    21   286    49   297    35   313 0.81 protein Wnt-8b-like [Pocillopora damicornis]
d_gig|g12411.t1          -            204 wnt                  PF00110.21   308   1.2e-35  128.7   5.2   1   1   8.3e-39   1.5e-35  128.4   5.2   137   280     5   160     1   174 0.86 -
Pd|XP_027036395.1        -            319 wnt                  PF00110.21   308   2.8e-34  124.3  11.5   1   1     1e-36   1.8e-33  121.6  11.5    13   276    41   286    35   294 0.83 protein Wnt-8b-like [Pocillopora damicornis]
Ep|XP_020898418.1        -            203 wnt                  PF00110.21   308     3e-34  124.1   1.5   1   1   1.9e-37   3.4e-34  123.9   1.5    18   195    13   192     1   198 0.87 protein Wnt-4-like, partial [Exaiptasia pallida]
Nv|NVE2844               -            121 wnt                  PF00110.21   308   3.9e-32  117.2   6.7   1   1   2.5e-35   4.5e-32  117.0   6.7    63   177    12   121     3   121 0.93 -
m_vir|scaffold327.g6.t2  -            968 wnt                  PF00110.21   308   5.4e-32  116.7   0.2   1   1   5.3e-35   9.6e-32  115.9   0.2     2   154    62   226    61   249 0.89 -
Pc|957863109             -             96 wnt                  PF00110.21   308   3.3e-31  114.2   1.6   1   1     2e-34   3.5e-31  114.1   1.6    61   153     3    96     1    96 0.95 ref|XP_014679817.1| PREDICTED: protein Wnt-4-like, partial [Priapulus caudatus]
Nv|NVE2849               -            116 wnt                  PF00110.21   308   1.5e-30  112.0   6.2   1   1     1e-33   1.8e-30  111.7   6.2    64   177     8   116     3   116 0.94 -
Ad|XP_015752567.1        -            184 wnt                  PF00110.21   308   2.6e-30  111.2  17.4   1   1   1.7e-33     3e-30  111.0  17.4   136   307     7   183     2   184 0.87 XP_015752567.1 PREDICTED: protein Wnt-7-like [Acropora digitifera]
Hv|828195360             -            197 wnt                  PF00110.21   308   5.3e-30  110.2  10.6   1   2     8e-19   1.4e-15   62.8   0.9    61   149    24   110    10   113 0.86 ref|XP_012566933.1| PREDICTED: protein Wnt-4 [Hydra vulgaris]
Hv|828195360             -            197 wnt                  PF00110.21   308   5.3e-30  110.2  10.6   2   2   1.1e-15   1.9e-12   52.5   3.3   231   277   112   158   109   162 0.94 ref|XP_012566933.1| PREDICTED: protein Wnt-4 [Hydra vulgaris]
Hs|WNT10B                -            191 wnt                  PF00110.21   308   2.1e-28  104.9   0.1   1   1   1.4e-31   2.6e-28  104.6   0.1     2   105    51   155    50   188 0.93 gi|767975267|ref|XP_011537025.1| gi|767975267|ref|XP_011537025.1| PREDICTED: protein Wnt-10b isoform X2 [Homo sapiens]
Pd|XP_027036360.1        -            329 wnt                  PF00110.21   308   5.5e-28  103.6  16.0   1   1   1.2e-29   2.2e-26   98.3  16.0    13   285    42   284    34   303 0.80 protein Wnt-8b-like [Pocillopora damicornis]
p_nak|g5177.t1           -            941 wnt                  PF00110.21   308   7.3e-28  103.2   0.0   1   1   7.4e-31   1.3e-27  102.3   0.0    17   231   109   335    95   352 0.83 g5177.t1
Nv|NVE24194              -            100 wnt                  PF00110.21   308   4.9e-25   93.9   0.8   1   1   3.1e-28   5.6e-25   93.7   0.8   159   251     1    91     1    96 0.93 -
c_hem|XLOC_041826        -            350 wnt                  PF00110.21   308   5.3e-25   93.8  12.7   1   1   8.5e-26   1.5e-22   85.7  12.7     3   276    41   305    39   339 0.81 TCONS_00066897|m.81914 XLOC_041826 TCONS_00066897|m.81914 TCONS_00066897|g.81914 ORF TCONS_00066897|g.81914 TCONS_00066897|m.81914 type:complete len:350 (+) TCONS_00066897:69-1118(+)
Nv|NVE2851               -            130 wnt                  PF00110.21   308   6.3e-21   80.4   0.4   1   1   4.3e-24   7.7e-21   80.1   0.4    63   156    12   100     3   108 0.89 -
Nv|NVE2843               -            124 wnt                  PF00110.21   308   1.2e-20   79.5   0.1   1   1     8e-24   1.4e-20   79.2   0.1    63   153    12    97     3   105 0.91 -
Xb|g10773.t1             -            105 wnt                  PF00110.21   308   7.3e-19   73.6  13.1   1   1   5.7e-22     1e-18   73.1  13.1   223   307     5   101     2   102 0.81 -
Pd|XP_027036366.1        -            232 wnt                  PF00110.21   308   3.3e-18   71.4  12.6   1   1   3.1e-21   5.6e-18   70.7  12.6    18   213    46   226    39   231 0.82 protein Wnt-4-like [Pocillopora damicornis]
m_vir|scaffold547.g7.t1  -            175 wnt                  PF00110.21   308   8.1e-18   70.2   9.0   1   1   5.4e-21   9.6e-18   69.9   9.0   174   300    23   144     6   150 0.85 -
Ta|XP_002116098.1        -             68 wnt                  PF00110.21   308   8.1e-17   66.9   5.2   1   1   4.7e-20   8.5e-17   66.8   5.2   224   288     3    68     1    68 0.92 hypothetical protein TRIADDRAFT_8072, partial [Trichoplax adhaerens]
Nv|NVE4456               -            659 wnt                  PF00110.21   308   1.8e-14   59.2   0.1   1   1   1.8e-17   3.2e-14   58.3   0.1    63   150   550   632   543   638 0.89 -
a_aur|scaffold25.g69.t1  -            114 wnt                  PF00110.21   308   4.8e-13   54.5   0.2   1   1   3.1e-16   5.6e-13   54.3   0.2     2    63    45   104    44   113 0.89 -
Pc|957847274             -            126 wnt                  PF00110.21   308   7.3e-13   53.9   0.0   1   1   4.6e-16   8.3e-13   53.7   0.0     2    60    68   124    67   126 0.91 ref|XP_014674118.1| PREDICTED: protein Wnt-5b-like, partial [Priapulus caudatus]
Sp|780024491             -            169 wnt                  PF00110.21   308   8.1e-13   53.7   0.1   1   1   4.5e-16   8.1e-13   53.7   0.1     3    61   108   164   106   167 0.94 ref|XP_011665755.1| PREDICTED: protein Wnt-5b-like [Strongylocentrotus purpuratus]
m_vir|scaffold383.g9.t1  -            116 wnt                  PF00110.21   308   5.8e-10   44.4   0.8   1   1   3.7e-13   6.7e-10   44.2   0.8     3    60    53   111    51   116 0.83 -
p_nak|g5173.t1           -           1242 wnt                  PF00110.21   308   1.9e-09   42.7  13.5   1   1   3.3e-12   5.9e-09   41.1  13.5   190   307  1132  1241  1087  1242 0.78 g5173.t1
sb|3478750|              -             99 wnt                  PF00110.21   308   6.3e-09   41.0   0.1   1   1     4e-12   7.3e-09   40.8   0.1    61   118    28    85    10    96 0.82 -
Hs|LOC102724183          -            203 wnt                  PF00110.21   308   9.3e-06   30.6   0.1   1   1     7e-09   1.3e-05   30.1   0.1     4    48    26    69    23   113 0.76 gi|767996915|ref|XP_011523863.1| gi|767996915|ref|XP_011523863.1| PREDICTED: uncharacterized protein LOC102724183 isoform X1 [Homo sapiens]
Ta|XP_002116099.1        -            110 wnt                  PF00110.21   308   1.1e-05   30.3   0.0   1   1   7.1e-09   1.3e-05   30.1   0.0     4    59    36    91    33   103 0.85 predicted protein [Trichoplax adhaerens]
c_hem|XLOC_000592        -            104 wnt                  PF00110.21   308   0.00017   26.4   0.0   1   1   1.2e-07   0.00021   26.1   0.0     3    48    43    89    41   100 0.83 TCONS_00001039|m.1817 XLOC_000592 TCONS_00001039|m.1817 TCONS_00001039|g.1817 ORF TCONS_00001039|g.1817 TCONS_00001039|m.1817 type:3prime_partial len:105 (-) TCONS_00001039:3-314(-)
#
# Program:         hmmsearch
# Version:         3.3 (Nov 2019)
# Pipeline mode:   SEARCH
# Query file:      my_data/wnt.hmm
# Target file:     my_data/oma_db
# Option settings: hmmsearch --domtblout my_data/hmm_search/wnt_domtbl.out --cut_ga my_data/wnt.hmm my_data/oma_db 
# Current dir:     /home
# Date:            Thu Jul 29 14:52:33 2021
# [ok]
